2024.12.26 20:35:10 INFO  Started: Metals version 1.4.1 in folders '/home/nt2311/Projects/exercisim/scala/bob' for client Neovim 0.10.3+v0.10.3.[0m
2024.12.26 20:35:10 WARN  Flyway upgrade recommended: H2 2.3.232 is newer than this version of Flyway and support has not been tested. The latest supported version of H2 is 2.2.224.[0m
2024.12.26 20:35:15 INFO  no build target found for /home/nt2311/Projects/exercisim/scala/bob/src/main/scala/Bob.scala. Using presentation compiler with project's scala-library version: 3.3.4[0m
2024.12.26 20:35:15 INFO  Selected port 5031[0m
Dec 26, 2024 8:35:15 PM io.undertow.Undertow start
INFO: starting server: Undertow - 2.2.20.Final
Dec 26, 2024 8:35:15 PM org.xnio.Xnio <clinit>
INFO: XNIO version 3.8.16.Final
Dec 26, 2024 8:35:15 PM org.xnio.nio.NioXnio <clinit>
INFO: XNIO NIO Implementation Version 3.8.16.Final
Dec 26, 2024 8:35:15 PM org.jboss.threads.Version <clinit>
INFO: JBoss Threads version 3.1.0.Final
2024.12.26 20:35:15 INFO  Started Metals http server at http://127.0.0.1:5031[0m
2024.12.26 20:35:16 INFO  Shutting down server[0m
2024.12.26 20:35:16 INFO  shutting down Metals[0m
2024.12.26 20:35:16 WARN  Flyway upgrade recommended: H2 2.3.232 is newer than this version of Flyway and support has not been tested. The latest supported version of H2 is 2.2.224.[0m
Dec 26, 2024 8:35:16 PM io.undertow.Undertow stop
INFO: stopping server: Undertow - 2.2.20.Final
2024.12.26 21:17:39 INFO  Started: Metals version 1.4.1 in folders '/home/nt2311/Projects/exercisim/scala/bob' for client Neovim 0.10.3+v0.10.3.[0m
2024.12.26 21:17:40 WARN  Flyway upgrade recommended: H2 2.3.232 is newer than this version of Flyway and support has not been tested. The latest supported version of H2 is 2.2.224.[0m
2024.12.26 21:17:40 INFO  skipping build import with status 'Dismissed'[0m
2024.12.26 21:17:41 INFO  Selected port 5032[0m
Dec 26, 2024 9:17:41 PM io.undertow.Undertow start
INFO: starting server: Undertow - 2.2.20.Final
Dec 26, 2024 9:17:41 PM org.xnio.Xnio <clinit>
INFO: XNIO version 3.8.16.Final
Dec 26, 2024 9:17:41 PM org.xnio.nio.NioXnio <clinit>
INFO: XNIO NIO Implementation Version 3.8.16.Final
Dec 26, 2024 9:17:41 PM org.jboss.threads.Version <clinit>
INFO: JBoss Threads version 3.1.0.Final
2024.12.26 21:17:41 INFO  Started Metals http server at http://127.0.0.1:5032[0m
2024.12.26 21:17:44 INFO  logging to files /home/nt2311/Projects/exercisim/scala/bob/.metals/metals.log,/home/nt2311/Projects/exercisim/scala/grade-school/.metals/metals.log[0m
2024.12.26 21:17:44 WARN  Flyway upgrade recommended: H2 2.3.232 is newer than this version of Flyway and support has not been tested. The latest supported version of H2 is 2.2.224.[0m
2024.12.26 21:17:44 INFO  skipping build import with status 'Dismissed'[0m
2024.12.26 21:17:44 INFO  no build target found for /home/nt2311/Projects/exercisim/scala/grade-school/src/main/scala/GradeSchool.scala. Using presentation compiler with project's scala-library version: 3.3.4[0m
2024.12.26 21:18:10 INFO  no build target found for /home/nt2311/Projects/exercisim/scala/grade-school/src/test/scala/GradeSchoolTest.scala. Using presentation compiler with project's scala-library version: 3.3.4[0m
2024.12.26 21:18:39 INFO  no build target found for /home/nt2311/Projects/exercisim/scala/grade-school/src/main/scala/GradeSchool.scala. Using presentation compiler with project's scala-library version: 3.3.4[0m
2024.12.26 21:18:39 INFO  no build target found for /home/nt2311/Projects/exercisim/scala/grade-school/src/main/scala/GradeSchool.scala. Using presentation compiler with project's scala-library version: 3.3.4[0m
2024.12.26 21:18:42 INFO  no build target found for /home/nt2311/Projects/exercisim/scala/grade-school/src/main/scala/GradeSchool.scala. Using presentation compiler with project's scala-library version: 3.3.4[0m
2024.12.26 21:18:42 INFO  no build target found for /home/nt2311/Projects/exercisim/scala/grade-school/src/main/scala/GradeSchool.scala. Using presentation compiler with project's scala-library version: 3.3.4[0m
2024.12.26 21:18:42 INFO  no build target found for /home/nt2311/Projects/exercisim/scala/grade-school/src/main/scala/GradeSchool.scala. Using presentation compiler with project's scala-library version: 3.3.4[0m
2024.12.26 21:18:42 INFO  no build target found for /home/nt2311/Projects/exercisim/scala/grade-school/src/main/scala/GradeSchool.scala. Using presentation compiler with project's scala-library version: 3.3.4[0m
2024.12.26 21:18:42 INFO  no build target found for /home/nt2311/Projects/exercisim/scala/grade-school/src/main/scala/GradeSchool.scala. Using presentation compiler with project's scala-library version: 3.3.4[0m
2024.12.26 21:18:44 INFO  no build target found for /home/nt2311/Projects/exercisim/scala/grade-school/src/main/scala/GradeSchool.scala. Using presentation compiler with project's scala-library version: 3.3.4[0m
2024.12.26 21:18:44 INFO  no build target found for /home/nt2311/Projects/exercisim/scala/grade-school/src/main/scala/GradeSchool.scala. Using presentation compiler with project's scala-library version: 3.3.4[0m
2024.12.26 21:18:44 INFO  no build target found for /home/nt2311/Projects/exercisim/scala/grade-school/src/main/scala/GradeSchool.scala. Using presentation compiler with project's scala-library version: 3.3.4[0m
2024.12.26 21:18:44 INFO  no build target found for /home/nt2311/Projects/exercisim/scala/grade-school/src/main/scala/GradeSchool.scala. Using presentation compiler with project's scala-library version: 3.3.4[0m
2024.12.26 21:18:44 INFO  no build target found for /home/nt2311/Projects/exercisim/scala/grade-school/src/main/scala/GradeSchool.scala. Using presentation compiler with project's scala-library version: 3.3.4[0m
2024.12.26 21:18:44 INFO  no build target found for /home/nt2311/Projects/exercisim/scala/grade-school/src/main/scala/GradeSchool.scala. Using presentation compiler with project's scala-library version: 3.3.4[0m
2024.12.26 21:18:44 INFO  no build target found for /home/nt2311/Projects/exercisim/scala/grade-school/src/main/scala/GradeSchool.scala. Using presentation compiler with project's scala-library version: 3.3.4[0m
2024.12.26 21:18:45 INFO  no build target found for /home/nt2311/Projects/exercisim/scala/grade-school/src/main/scala/GradeSchool.scala. Using presentation compiler with project's scala-library version: 3.3.4[0m
2024.12.26 21:18:45 INFO  no build target found for /home/nt2311/Projects/exercisim/scala/grade-school/src/main/scala/GradeSchool.scala. Using presentation compiler with project's scala-library version: 3.3.4[0m
2024.12.26 21:18:45 INFO  no build target found for /home/nt2311/Projects/exercisim/scala/grade-school/src/main/scala/GradeSchool.scala. Using presentation compiler with project's scala-library version: 3.3.4[0m
2024.12.26 21:18:45 INFO  no build target found for /home/nt2311/Projects/exercisim/scala/grade-school/src/main/scala/GradeSchool.scala. Using presentation compiler with project's scala-library version: 3.3.4[0m
2024.12.26 21:18:45 INFO  no build target found for /home/nt2311/Projects/exercisim/scala/grade-school/src/main/scala/GradeSchool.scala. Using presentation compiler with project's scala-library version: 3.3.4[0m
2024.12.26 21:18:46 INFO  no build target found for /home/nt2311/Projects/exercisim/scala/grade-school/src/main/scala/GradeSchool.scala. Using presentation compiler with project's scala-library version: 3.3.4[0m
2024.12.26 21:18:46 INFO  no build target found for /home/nt2311/Projects/exercisim/scala/grade-school/src/main/scala/GradeSchool.scala. Using presentation compiler with project's scala-library version: 3.3.4[0m
2024.12.26 21:18:49 INFO  no build target found for /home/nt2311/Projects/exercisim/scala/grade-school/src/main/scala/GradeSchool.scala. Using presentation compiler with project's scala-library version: 3.3.4[0m
2024.12.26 21:18:49 INFO  no build target found for /home/nt2311/Projects/exercisim/scala/grade-school/src/main/scala/GradeSchool.scala. Using presentation compiler with project's scala-library version: 3.3.4[0m
2024.12.26 21:18:49 INFO  no build target found for /home/nt2311/Projects/exercisim/scala/grade-school/src/main/scala/GradeSchool.scala. Using presentation compiler with project's scala-library version: 3.3.4[0m
2024.12.26 21:18:49 INFO  no build target found for /home/nt2311/Projects/exercisim/scala/grade-school/src/main/scala/GradeSchool.scala. Using presentation compiler with project's scala-library version: 3.3.4[0m
2024.12.26 21:18:50 INFO  no build target found for /home/nt2311/Projects/exercisim/scala/grade-school/src/main/scala/GradeSchool.scala. Using presentation compiler with project's scala-library version: 3.3.4[0m
2024.12.26 21:18:50 INFO  no build target found for /home/nt2311/Projects/exercisim/scala/grade-school/src/main/scala/GradeSchool.scala. Using presentation compiler with project's scala-library version: 3.3.4[0m
2024.12.26 21:18:51 INFO  no build target found for /home/nt2311/Projects/exercisim/scala/grade-school/src/main/scala/GradeSchool.scala. Using presentation compiler with project's scala-library version: 3.3.4[0m
2024.12.26 21:18:51 INFO  no build target found for /home/nt2311/Projects/exercisim/scala/grade-school/src/main/scala/GradeSchool.scala. Using presentation compiler with project's scala-library version: 3.3.4[0m
2024.12.26 21:18:51 INFO  no build target found for /home/nt2311/Projects/exercisim/scala/grade-school/src/main/scala/GradeSchool.scala. Using presentation compiler with project's scala-library version: 3.3.4[0m
2024.12.26 21:18:55 INFO  no build target found for /home/nt2311/Projects/exercisim/scala/grade-school/src/main/scala/GradeSchool.scala. Using presentation compiler with project's scala-library version: 3.3.4[0m
2024.12.26 21:18:55 INFO  no build target found for /home/nt2311/Projects/exercisim/scala/grade-school/src/main/scala/GradeSchool.scala. Using presentation compiler with project's scala-library version: 3.3.4[0m
2024.12.26 21:18:56 INFO  no build target found for /home/nt2311/Projects/exercisim/scala/grade-school/src/main/scala/GradeSchool.scala. Using presentation compiler with project's scala-library version: 3.3.4[0m
2024.12.26 21:18:56 INFO  no build target found for /home/nt2311/Projects/exercisim/scala/grade-school/src/main/scala/GradeSchool.scala. Using presentation compiler with project's scala-library version: 3.3.4[0m
2024.12.26 21:18:56 INFO  no build target found for /home/nt2311/Projects/exercisim/scala/grade-school/src/main/scala/GradeSchool.scala. Using presentation compiler with project's scala-library version: 3.3.4[0m
2024.12.26 21:18:56 INFO  no build target found for /home/nt2311/Projects/exercisim/scala/grade-school/src/main/scala/GradeSchool.scala. Using presentation compiler with project's scala-library version: 3.3.4[0m
2024.12.26 21:18:56 INFO  no build target found for /home/nt2311/Projects/exercisim/scala/grade-school/src/main/scala/GradeSchool.scala. Using presentation compiler with project's scala-library version: 3.3.4[0m
2024.12.26 21:18:56 INFO  no build target found for /home/nt2311/Projects/exercisim/scala/grade-school/src/main/scala/GradeSchool.scala. Using presentation compiler with project's scala-library version: 3.3.4[0m
2024.12.26 21:18:59 INFO  no build target found for /home/nt2311/Projects/exercisim/scala/grade-school/src/main/scala/GradeSchool.scala. Using presentation compiler with project's scala-library version: 3.3.4[0m
2024.12.26 21:18:59 INFO  no build target found for /home/nt2311/Projects/exercisim/scala/grade-school/src/main/scala/GradeSchool.scala. Using presentation compiler with project's scala-library version: 3.3.4[0m
2024.12.26 21:19:16 INFO  no build target found for /home/nt2311/Projects/exercisim/scala/grade-school/src/main/scala/GradeSchool.scala. Using presentation compiler with project's scala-library version: 3.3.4[0m
2024.12.26 21:19:16 INFO  no build target found for /home/nt2311/Projects/exercisim/scala/grade-school/src/main/scala/GradeSchool.scala. Using presentation compiler with project's scala-library version: 3.3.4[0m
2024.12.26 21:19:16 INFO  no build target found for /home/nt2311/Projects/exercisim/scala/grade-school/src/main/scala/GradeSchool.scala. Using presentation compiler with project's scala-library version: 3.3.4[0m
2024.12.26 21:19:16 INFO  no build target found for /home/nt2311/Projects/exercisim/scala/grade-school/src/main/scala/GradeSchool.scala. Using presentation compiler with project's scala-library version: 3.3.4[0m
2024.12.26 21:19:16 INFO  no build target found for /home/nt2311/Projects/exercisim/scala/grade-school/src/main/scala/GradeSchool.scala. Using presentation compiler with project's scala-library version: 3.3.4[0m
2024.12.26 21:19:16 INFO  no build target found for /home/nt2311/Projects/exercisim/scala/grade-school/src/main/scala/GradeSchool.scala. Using presentation compiler with project's scala-library version: 3.3.4[0m
2024.12.26 21:19:16 INFO  no build target found for /home/nt2311/Projects/exercisim/scala/grade-school/src/main/scala/GradeSchool.scala. Using presentation compiler with project's scala-library version: 3.3.4[0m
2024.12.26 21:19:17 INFO  no build target found for /home/nt2311/Projects/exercisim/scala/grade-school/src/main/scala/GradeSchool.scala. Using presentation compiler with project's scala-library version: 3.3.4[0m
2024.12.26 21:19:17 INFO  no build target found for /home/nt2311/Projects/exercisim/scala/grade-school/src/main/scala/GradeSchool.scala. Using presentation compiler with project's scala-library version: 3.3.4[0m
2024.12.26 21:19:17 INFO  no build target found for /home/nt2311/Projects/exercisim/scala/grade-school/src/main/scala/GradeSchool.scala. Using presentation compiler with project's scala-library version: 3.3.4[0m
2024.12.26 21:19:17 INFO  no build target found for /home/nt2311/Projects/exercisim/scala/grade-school/src/main/scala/GradeSchool.scala. Using presentation compiler with project's scala-library version: 3.3.4[0m
2024.12.26 21:19:17 INFO  no build target found for /home/nt2311/Projects/exercisim/scala/grade-school/src/main/scala/GradeSchool.scala. Using presentation compiler with project's scala-library version: 3.3.4[0m
2024.12.26 21:19:18 INFO  no build target found for /home/nt2311/Projects/exercisim/scala/grade-school/src/main/scala/GradeSchool.scala. Using presentation compiler with project's scala-library version: 3.3.4[0m
2024.12.26 21:19:18 INFO  no build target found for /home/nt2311/Projects/exercisim/scala/grade-school/src/main/scala/GradeSchool.scala. Using presentation compiler with project's scala-library version: 3.3.4[0m
2024.12.26 21:19:20 INFO  no build target found for /home/nt2311/Projects/exercisim/scala/grade-school/src/main/scala/GradeSchool.scala. Using presentation compiler with project's scala-library version: 3.3.4[0m
2024.12.26 21:19:20 INFO  no build target found for /home/nt2311/Projects/exercisim/scala/grade-school/src/main/scala/GradeSchool.scala. Using presentation compiler with project's scala-library version: 3.3.4[0m
2024.12.26 21:19:20 INFO  no build target found for /home/nt2311/Projects/exercisim/scala/grade-school/src/main/scala/GradeSchool.scala. Using presentation compiler with project's scala-library version: 3.3.4[0m
2024.12.26 21:19:20 INFO  no build target found for /home/nt2311/Projects/exercisim/scala/grade-school/src/main/scala/GradeSchool.scala. Using presentation compiler with project's scala-library version: 3.3.4[0m
2024.12.26 21:19:20 INFO  no build target found for /home/nt2311/Projects/exercisim/scala/grade-school/src/main/scala/GradeSchool.scala. Using presentation compiler with project's scala-library version: 3.3.4[0m
2024.12.26 21:19:20 INFO  no build target found for /home/nt2311/Projects/exercisim/scala/grade-school/src/main/scala/GradeSchool.scala. Using presentation compiler with project's scala-library version: 3.3.4[0m
2024.12.26 21:19:23 INFO  no build target found for /home/nt2311/Projects/exercisim/scala/grade-school/src/main/scala/GradeSchool.scala. Using presentation compiler with project's scala-library version: 3.3.4[0m
2024.12.26 21:19:23 INFO  no build target found for /home/nt2311/Projects/exercisim/scala/grade-school/src/main/scala/GradeSchool.scala. Using presentation compiler with project's scala-library version: 3.3.4[0m
2024.12.26 21:19:23 INFO  no build target found for /home/nt2311/Projects/exercisim/scala/grade-school/src/main/scala/GradeSchool.scala. Using presentation compiler with project's scala-library version: 3.3.4[0m
2024.12.26 21:19:23 INFO  no build target found for /home/nt2311/Projects/exercisim/scala/grade-school/src/main/scala/GradeSchool.scala. Using presentation compiler with project's scala-library version: 3.3.4[0m
2024.12.26 21:19:23 INFO  no build target found for /home/nt2311/Projects/exercisim/scala/grade-school/src/main/scala/GradeSchool.scala. Using presentation compiler with project's scala-library version: 3.3.4[0m
2024.12.26 21:19:23 INFO  no build target found for /home/nt2311/Projects/exercisim/scala/grade-school/src/main/scala/GradeSchool.scala. Using presentation compiler with project's scala-library version: 3.3.4[0m
2024.12.26 21:19:25 INFO  no build target found for /home/nt2311/Projects/exercisim/scala/grade-school/src/main/scala/GradeSchool.scala. Using presentation compiler with project's scala-library version: 3.3.4[0m
2024.12.26 21:19:25 INFO  no build target found for /home/nt2311/Projects/exercisim/scala/grade-school/src/main/scala/GradeSchool.scala. Using presentation compiler with project's scala-library version: 3.3.4[0m
2024.12.26 21:19:25 INFO  no build target found for /home/nt2311/Projects/exercisim/scala/grade-school/src/main/scala/GradeSchool.scala. Using presentation compiler with project's scala-library version: 3.3.4[0m
2024.12.26 21:19:25 INFO  no build target found for /home/nt2311/Projects/exercisim/scala/grade-school/src/main/scala/GradeSchool.scala. Using presentation compiler with project's scala-library version: 3.3.4[0m
2024.12.26 21:19:25 INFO  no build target found for /home/nt2311/Projects/exercisim/scala/grade-school/src/main/scala/GradeSchool.scala. Using presentation compiler with project's scala-library version: 3.3.4[0m
2024.12.26 21:19:25 INFO  no build target found for /home/nt2311/Projects/exercisim/scala/grade-school/src/main/scala/GradeSchool.scala. Using presentation compiler with project's scala-library version: 3.3.4[0m
2024.12.26 21:19:27 INFO  no build target found for /home/nt2311/Projects/exercisim/scala/grade-school/src/main/scala/GradeSchool.scala. Using presentation compiler with project's scala-library version: 3.3.4[0m
2024.12.26 21:19:27 INFO  no build target found for /home/nt2311/Projects/exercisim/scala/grade-school/src/main/scala/GradeSchool.scala. Using presentation compiler with project's scala-library version: 3.3.4[0m
2024.12.26 21:19:27 INFO  no build target found for /home/nt2311/Projects/exercisim/scala/grade-school/src/main/scala/GradeSchool.scala. Using presentation compiler with project's scala-library version: 3.3.4[0m
2024.12.26 21:19:27 INFO  no build target found for /home/nt2311/Projects/exercisim/scala/grade-school/src/main/scala/GradeSchool.scala. Using presentation compiler with project's scala-library version: 3.3.4[0m
2024.12.26 21:19:29 INFO  no build target found for /home/nt2311/Projects/exercisim/scala/grade-school/src/main/scala/GradeSchool.scala. Using presentation compiler with project's scala-library version: 3.3.4[0m
2024.12.26 21:19:29 INFO  no build target found for /home/nt2311/Projects/exercisim/scala/grade-school/src/main/scala/GradeSchool.scala. Using presentation compiler with project's scala-library version: 3.3.4[0m
2024.12.26 21:19:29 INFO  no build target found for /home/nt2311/Projects/exercisim/scala/grade-school/src/main/scala/GradeSchool.scala. Using presentation compiler with project's scala-library version: 3.3.4[0m
2024.12.26 21:19:29 INFO  no build target found for /home/nt2311/Projects/exercisim/scala/grade-school/src/main/scala/GradeSchool.scala. Using presentation compiler with project's scala-library version: 3.3.4[0m
2024.12.26 21:19:29 INFO  no build target found for /home/nt2311/Projects/exercisim/scala/grade-school/src/main/scala/GradeSchool.scala. Using presentation compiler with project's scala-library version: 3.3.4[0m
2024.12.26 21:19:29 INFO  no build target found for /home/nt2311/Projects/exercisim/scala/grade-school/src/main/scala/GradeSchool.scala. Using presentation compiler with project's scala-library version: 3.3.4[0m
2024.12.26 21:19:29 INFO  no build target found for /home/nt2311/Projects/exercisim/scala/grade-school/src/main/scala/GradeSchool.scala. Using presentation compiler with project's scala-library version: 3.3.4[0m
2024.12.26 21:19:38 INFO  no build target found for /home/nt2311/Projects/exercisim/scala/grade-school/src/main/scala/GradeSchool.scala. Using presentation compiler with project's scala-library version: 3.3.4[0m
2024.12.26 21:19:38 INFO  no build target found for /home/nt2311/Projects/exercisim/scala/grade-school/src/main/scala/GradeSchool.scala. Using presentation compiler with project's scala-library version: 3.3.4[0m
2024.12.26 21:19:38 INFO  no build target found for /home/nt2311/Projects/exercisim/scala/grade-school/src/main/scala/GradeSchool.scala. Using presentation compiler with project's scala-library version: 3.3.4[0m
2024.12.26 21:19:38 INFO  no build target found for /home/nt2311/Projects/exercisim/scala/grade-school/src/main/scala/GradeSchool.scala. Using presentation compiler with project's scala-library version: 3.3.4[0m
2024.12.26 21:19:40 INFO  no build target found for /home/nt2311/Projects/exercisim/scala/grade-school/src/main/scala/GradeSchool.scala. Using presentation compiler with project's scala-library version: 3.3.4[0m
2024.12.26 21:19:40 INFO  no build target found for /home/nt2311/Projects/exercisim/scala/grade-school/src/main/scala/GradeSchool.scala. Using presentation compiler with project's scala-library version: 3.3.4[0m
2024.12.26 21:19:40 INFO  no build target found for /home/nt2311/Projects/exercisim/scala/grade-school/src/main/scala/GradeSchool.scala. Using presentation compiler with project's scala-library version: 3.3.4[0m
2024.12.26 21:19:40 INFO  no build target found for /home/nt2311/Projects/exercisim/scala/grade-school/src/main/scala/GradeSchool.scala. Using presentation compiler with project's scala-library version: 3.3.4[0m
2024.12.26 21:19:40 INFO  no build target found for /home/nt2311/Projects/exercisim/scala/grade-school/src/main/scala/GradeSchool.scala. Using presentation compiler with project's scala-library version: 3.3.4[0m
2024.12.26 21:19:40 INFO  no build target found for /home/nt2311/Projects/exercisim/scala/grade-school/src/main/scala/GradeSchool.scala. Using presentation compiler with project's scala-library version: 3.3.4[0m
2024.12.26 21:19:40 INFO  no build target found for /home/nt2311/Projects/exercisim/scala/grade-school/src/main/scala/GradeSchool.scala. Using presentation compiler with project's scala-library version: 3.3.4[0m
2024.12.26 21:19:40 INFO  no build target found for /home/nt2311/Projects/exercisim/scala/grade-school/src/main/scala/GradeSchool.scala. Using presentation compiler with project's scala-library version: 3.3.4[0m
2024.12.26 21:19:40 INFO  no build target found for /home/nt2311/Projects/exercisim/scala/grade-school/src/main/scala/GradeSchool.scala. Using presentation compiler with project's scala-library version: 3.3.4[0m
2024.12.26 21:19:43 WARN  no build target for: /home/nt2311/Projects/exercisim/scala/grade-school/src/main/scala/GradeSchool.scala[0m
2024.12.26 21:19:43 INFO  no build target found for /home/nt2311/Projects/exercisim/scala/grade-school/src/main/scala/GradeSchool.scala. Using presentation compiler with project's scala-library version: 3.3.4[0m
2024.12.26 21:20:31 INFO  no build target found for /home/nt2311/Projects/exercisim/scala/grade-school/src/main/scala/GradeSchool.scala. Using presentation compiler with project's scala-library version: 3.3.4[0m
2024.12.26 21:20:31 INFO  no build target found for /home/nt2311/Projects/exercisim/scala/grade-school/src/main/scala/GradeSchool.scala. Using presentation compiler with project's scala-library version: 3.3.4[0m
2024.12.26 21:20:31 INFO  no build target found for /home/nt2311/Projects/exercisim/scala/grade-school/src/main/scala/GradeSchool.scala. Using presentation compiler with project's scala-library version: 3.3.4[0m
2024.12.26 21:20:31 INFO  no build target found for /home/nt2311/Projects/exercisim/scala/grade-school/src/main/scala/GradeSchool.scala. Using presentation compiler with project's scala-library version: 3.3.4[0m
2024.12.26 21:20:33 INFO  no build target found for /home/nt2311/Projects/exercisim/scala/grade-school/src/main/scala/GradeSchool.scala. Using presentation compiler with project's scala-library version: 3.3.4[0m
2024.12.26 21:20:33 INFO  no build target found for /home/nt2311/Projects/exercisim/scala/grade-school/src/main/scala/GradeSchool.scala. Using presentation compiler with project's scala-library version: 3.3.4[0m
2024.12.26 21:20:35 INFO  no build target found for /home/nt2311/Projects/exercisim/scala/grade-school/src/main/scala/GradeSchool.scala. Using presentation compiler with project's scala-library version: 3.3.4[0m
2024.12.26 21:20:35 INFO  no build target found for /home/nt2311/Projects/exercisim/scala/grade-school/src/main/scala/GradeSchool.scala. Using presentation compiler with project's scala-library version: 3.3.4[0m
2024.12.26 21:20:35 INFO  no build target found for /home/nt2311/Projects/exercisim/scala/grade-school/src/main/scala/GradeSchool.scala. Using presentation compiler with project's scala-library version: 3.3.4[0m
2024.12.26 21:20:35 INFO  no build target found for /home/nt2311/Projects/exercisim/scala/grade-school/src/main/scala/GradeSchool.scala. Using presentation compiler with project's scala-library version: 3.3.4[0m
2024.12.26 21:20:35 INFO  no build target found for /home/nt2311/Projects/exercisim/scala/grade-school/src/main/scala/GradeSchool.scala. Using presentation compiler with project's scala-library version: 3.3.4[0m
2024.12.26 21:20:35 INFO  no build target found for /home/nt2311/Projects/exercisim/scala/grade-school/src/main/scala/GradeSchool.scala. Using presentation compiler with project's scala-library version: 3.3.4[0m
2024.12.26 21:20:35 INFO  no build target found for /home/nt2311/Projects/exercisim/scala/grade-school/src/main/scala/GradeSchool.scala. Using presentation compiler with project's scala-library version: 3.3.4[0m
2024.12.26 21:20:35 INFO  no build target found for /home/nt2311/Projects/exercisim/scala/grade-school/src/main/scala/GradeSchool.scala. Using presentation compiler with project's scala-library version: 3.3.4[0m
2024.12.26 21:20:36 INFO  no build target found for /home/nt2311/Projects/exercisim/scala/grade-school/src/main/scala/GradeSchool.scala. Using presentation compiler with project's scala-library version: 3.3.4[0m
2024.12.26 21:20:36 INFO  no build target found for /home/nt2311/Projects/exercisim/scala/grade-school/src/main/scala/GradeSchool.scala. Using presentation compiler with project's scala-library version: 3.3.4[0m
2024.12.26 21:20:36 INFO  no build target found for /home/nt2311/Projects/exercisim/scala/grade-school/src/main/scala/GradeSchool.scala. Using presentation compiler with project's scala-library version: 3.3.4[0m
2024.12.26 21:20:36 INFO  no build target found for /home/nt2311/Projects/exercisim/scala/grade-school/src/main/scala/GradeSchool.scala. Using presentation compiler with project's scala-library version: 3.3.4[0m
2024.12.26 21:20:36 INFO  no build target found for /home/nt2311/Projects/exercisim/scala/grade-school/src/main/scala/GradeSchool.scala. Using presentation compiler with project's scala-library version: 3.3.4[0m
2024.12.26 21:20:36 INFO  no build target found for /home/nt2311/Projects/exercisim/scala/grade-school/src/main/scala/GradeSchool.scala. Using presentation compiler with project's scala-library version: 3.3.4[0m
2024.12.26 21:20:38 INFO  no build target found for /home/nt2311/Projects/exercisim/scala/grade-school/src/main/scala/GradeSchool.scala. Using presentation compiler with project's scala-library version: 3.3.4[0m
2024.12.26 21:20:38 INFO  no build target found for /home/nt2311/Projects/exercisim/scala/grade-school/src/main/scala/GradeSchool.scala. Using presentation compiler with project's scala-library version: 3.3.4[0m
2024.12.26 21:20:38 INFO  no build target found for /home/nt2311/Projects/exercisim/scala/grade-school/src/main/scala/GradeSchool.scala. Using presentation compiler with project's scala-library version: 3.3.4[0m
2024.12.26 21:20:38 INFO  no build target found for /home/nt2311/Projects/exercisim/scala/grade-school/src/main/scala/GradeSchool.scala. Using presentation compiler with project's scala-library version: 3.3.4[0m
2024.12.26 21:20:38 INFO  no build target found for /home/nt2311/Projects/exercisim/scala/grade-school/src/main/scala/GradeSchool.scala. Using presentation compiler with project's scala-library version: 3.3.4[0m
2024.12.26 21:20:40 INFO  no build target found for /home/nt2311/Projects/exercisim/scala/grade-school/src/main/scala/GradeSchool.scala. Using presentation compiler with project's scala-library version: 3.3.4[0m
2024.12.26 21:20:40 INFO  no build target found for /home/nt2311/Projects/exercisim/scala/grade-school/src/main/scala/GradeSchool.scala. Using presentation compiler with project's scala-library version: 3.3.4[0m
2024.12.26 21:20:50 INFO  no build target found for /home/nt2311/Projects/exercisim/scala/grade-school/src/main/scala/GradeSchool.scala. Using presentation compiler with project's scala-library version: 3.3.4[0m
2024.12.26 21:20:50 INFO  no build target found for /home/nt2311/Projects/exercisim/scala/grade-school/src/main/scala/GradeSchool.scala. Using presentation compiler with project's scala-library version: 3.3.4[0m
2024.12.26 21:20:50 INFO  no build target found for /home/nt2311/Projects/exercisim/scala/grade-school/src/main/scala/GradeSchool.scala. Using presentation compiler with project's scala-library version: 3.3.4[0m
2024.12.26 21:20:50 INFO  no build target found for /home/nt2311/Projects/exercisim/scala/grade-school/src/main/scala/GradeSchool.scala. Using presentation compiler with project's scala-library version: 3.3.4[0m
2024.12.26 21:20:51 INFO  no build target found for /home/nt2311/Projects/exercisim/scala/grade-school/src/main/scala/GradeSchool.scala. Using presentation compiler with project's scala-library version: 3.3.4[0m
2024.12.26 21:20:51 INFO  no build target found for /home/nt2311/Projects/exercisim/scala/grade-school/src/main/scala/GradeSchool.scala. Using presentation compiler with project's scala-library version: 3.3.4[0m
2024.12.26 21:20:51 INFO  no build target found for /home/nt2311/Projects/exercisim/scala/grade-school/src/main/scala/GradeSchool.scala. Using presentation compiler with project's scala-library version: 3.3.4[0m
2024.12.26 21:20:51 INFO  no build target found for /home/nt2311/Projects/exercisim/scala/grade-school/src/main/scala/GradeSchool.scala. Using presentation compiler with project's scala-library version: 3.3.4[0m
2024.12.26 21:20:52 INFO  no build target found for /home/nt2311/Projects/exercisim/scala/grade-school/src/main/scala/GradeSchool.scala. Using presentation compiler with project's scala-library version: 3.3.4[0m
2024.12.26 21:20:52 INFO  no build target found for /home/nt2311/Projects/exercisim/scala/grade-school/src/main/scala/GradeSchool.scala. Using presentation compiler with project's scala-library version: 3.3.4[0m
2024.12.26 21:20:55 INFO  no build target found for /home/nt2311/Projects/exercisim/scala/grade-school/src/main/scala/GradeSchool.scala. Using presentation compiler with project's scala-library version: 3.3.4[0m
2024.12.26 21:20:55 INFO  no build target found for /home/nt2311/Projects/exercisim/scala/grade-school/src/main/scala/GradeSchool.scala. Using presentation compiler with project's scala-library version: 3.3.4[0m
2024.12.26 21:20:55 INFO  no build target found for /home/nt2311/Projects/exercisim/scala/grade-school/src/main/scala/GradeSchool.scala. Using presentation compiler with project's scala-library version: 3.3.4[0m
2024.12.26 21:20:58 WARN  no build target for: /home/nt2311/Projects/exercisim/scala/grade-school/src/main/scala/GradeSchool.scala[0m
2024.12.26 21:20:58 INFO  no build target found for /home/nt2311/Projects/exercisim/scala/grade-school/src/main/scala/GradeSchool.scala. Using presentation compiler with project's scala-library version: 3.3.4[0m
2024.12.26 21:21:15 INFO  no build target found for /home/nt2311/Projects/exercisim/scala/grade-school/src/main/scala/GradeSchool.scala. Using presentation compiler with project's scala-library version: 3.3.4[0m
2024.12.26 21:21:15 INFO  no build target found for /home/nt2311/Projects/exercisim/scala/grade-school/src/main/scala/GradeSchool.scala. Using presentation compiler with project's scala-library version: 3.3.4[0m
2024.12.26 21:21:15 INFO  no build target found for /home/nt2311/Projects/exercisim/scala/grade-school/src/main/scala/GradeSchool.scala. Using presentation compiler with project's scala-library version: 3.3.4[0m
2024.12.26 21:21:15 INFO  no build target found for /home/nt2311/Projects/exercisim/scala/grade-school/src/main/scala/GradeSchool.scala. Using presentation compiler with project's scala-library version: 3.3.4[0m
2024.12.26 21:21:16 INFO  no build target found for /home/nt2311/Projects/exercisim/scala/grade-school/src/main/scala/GradeSchool.scala. Using presentation compiler with project's scala-library version: 3.3.4[0m
2024.12.26 21:21:16 INFO  no build target found for /home/nt2311/Projects/exercisim/scala/grade-school/src/main/scala/GradeSchool.scala. Using presentation compiler with project's scala-library version: 3.3.4[0m
2024.12.26 21:21:16 INFO  no build target found for /home/nt2311/Projects/exercisim/scala/grade-school/src/main/scala/GradeSchool.scala. Using presentation compiler with project's scala-library version: 3.3.4[0m
2024.12.26 21:21:16 INFO  no build target found for /home/nt2311/Projects/exercisim/scala/grade-school/src/main/scala/GradeSchool.scala. Using presentation compiler with project's scala-library version: 3.3.4[0m
2024.12.26 21:21:16 INFO  no build target found for /home/nt2311/Projects/exercisim/scala/grade-school/src/main/scala/GradeSchool.scala. Using presentation compiler with project's scala-library version: 3.3.4[0m
2024.12.26 21:21:16 INFO  no build target found for /home/nt2311/Projects/exercisim/scala/grade-school/src/main/scala/GradeSchool.scala. Using presentation compiler with project's scala-library version: 3.3.4[0m
2024.12.26 21:21:16 INFO  no build target found for /home/nt2311/Projects/exercisim/scala/grade-school/src/main/scala/GradeSchool.scala. Using presentation compiler with project's scala-library version: 3.3.4[0m
2024.12.26 21:21:16 INFO  no build target found for /home/nt2311/Projects/exercisim/scala/grade-school/src/main/scala/GradeSchool.scala. Using presentation compiler with project's scala-library version: 3.3.4[0m
2024.12.26 21:21:16 INFO  no build target found for /home/nt2311/Projects/exercisim/scala/grade-school/src/main/scala/GradeSchool.scala. Using presentation compiler with project's scala-library version: 3.3.4[0m
2024.12.26 21:21:17 INFO  no build target found for /home/nt2311/Projects/exercisim/scala/grade-school/src/main/scala/GradeSchool.scala. Using presentation compiler with project's scala-library version: 3.3.4[0m
2024.12.26 21:21:17 INFO  no build target found for /home/nt2311/Projects/exercisim/scala/grade-school/src/main/scala/GradeSchool.scala. Using presentation compiler with project's scala-library version: 3.3.4[0m
2024.12.26 21:21:18 INFO  no build target found for /home/nt2311/Projects/exercisim/scala/grade-school/src/main/scala/GradeSchool.scala. Using presentation compiler with project's scala-library version: 3.3.4[0m
2024.12.26 21:21:18 INFO  no build target found for /home/nt2311/Projects/exercisim/scala/grade-school/src/main/scala/GradeSchool.scala. Using presentation compiler with project's scala-library version: 3.3.4[0m
2024.12.26 21:21:19 INFO  no build target found for /home/nt2311/Projects/exercisim/scala/grade-school/src/main/scala/GradeSchool.scala. Using presentation compiler with project's scala-library version: 3.3.4[0m
2024.12.26 21:21:19 INFO  no build target found for /home/nt2311/Projects/exercisim/scala/grade-school/src/main/scala/GradeSchool.scala. Using presentation compiler with project's scala-library version: 3.3.4[0m
2024.12.26 21:21:19 INFO  no build target found for /home/nt2311/Projects/exercisim/scala/grade-school/src/main/scala/GradeSchool.scala. Using presentation compiler with project's scala-library version: 3.3.4[0m
2024.12.26 21:21:22 INFO  no build target found for /home/nt2311/Projects/exercisim/scala/grade-school/src/main/scala/GradeSchool.scala. Using presentation compiler with project's scala-library version: 3.3.4[0m
2024.12.26 21:21:22 INFO  no build target found for /home/nt2311/Projects/exercisim/scala/grade-school/src/main/scala/GradeSchool.scala. Using presentation compiler with project's scala-library version: 3.3.4[0m
2024.12.26 21:21:22 INFO  no build target found for /home/nt2311/Projects/exercisim/scala/grade-school/src/main/scala/GradeSchool.scala. Using presentation compiler with project's scala-library version: 3.3.4[0m
2024.12.26 21:21:22 INFO  no build target found for /home/nt2311/Projects/exercisim/scala/grade-school/src/main/scala/GradeSchool.scala. Using presentation compiler with project's scala-library version: 3.3.4[0m
2024.12.26 21:21:22 INFO  no build target found for /home/nt2311/Projects/exercisim/scala/grade-school/src/main/scala/GradeSchool.scala. Using presentation compiler with project's scala-library version: 3.3.4[0m
2024.12.26 21:21:24 INFO  no build target found for /home/nt2311/Projects/exercisim/scala/grade-school/src/main/scala/GradeSchool.scala. Using presentation compiler with project's scala-library version: 3.3.4[0m
2024.12.26 21:21:28 INFO  no build target found for /home/nt2311/Projects/exercisim/scala/grade-school/src/main/scala/GradeSchool.scala. Using presentation compiler with project's scala-library version: 3.3.4[0m
2024.12.26 21:21:28 INFO  no build target found for /home/nt2311/Projects/exercisim/scala/grade-school/src/main/scala/GradeSchool.scala. Using presentation compiler with project's scala-library version: 3.3.4[0m
2024.12.26 21:21:28 INFO  no build target found for /home/nt2311/Projects/exercisim/scala/grade-school/src/main/scala/GradeSchool.scala. Using presentation compiler with project's scala-library version: 3.3.4[0m
2024.12.26 21:21:28 INFO  no build target found for /home/nt2311/Projects/exercisim/scala/grade-school/src/main/scala/GradeSchool.scala. Using presentation compiler with project's scala-library version: 3.3.4[0m
2024.12.26 21:21:29 INFO  no build target found for /home/nt2311/Projects/exercisim/scala/grade-school/src/main/scala/GradeSchool.scala. Using presentation compiler with project's scala-library version: 3.3.4[0m
2024.12.26 21:21:29 INFO  no build target found for /home/nt2311/Projects/exercisim/scala/grade-school/src/main/scala/GradeSchool.scala. Using presentation compiler with project's scala-library version: 3.3.4[0m
2024.12.26 21:21:30 INFO  no build target found for /home/nt2311/Projects/exercisim/scala/grade-school/src/main/scala/GradeSchool.scala. Using presentation compiler with project's scala-library version: 3.3.4[0m
2024.12.26 21:21:35 INFO  no build target found for /home/nt2311/Projects/exercisim/scala/grade-school/src/main/scala/GradeSchool.scala. Using presentation compiler with project's scala-library version: 3.3.4[0m
2024.12.26 21:21:35 INFO  no build target found for /home/nt2311/Projects/exercisim/scala/grade-school/src/main/scala/GradeSchool.scala. Using presentation compiler with project's scala-library version: 3.3.4[0m
2024.12.26 21:21:35 INFO  no build target found for /home/nt2311/Projects/exercisim/scala/grade-school/src/main/scala/GradeSchool.scala. Using presentation compiler with project's scala-library version: 3.3.4[0m
2024.12.26 21:21:35 INFO  no build target found for /home/nt2311/Projects/exercisim/scala/grade-school/src/main/scala/GradeSchool.scala. Using presentation compiler with project's scala-library version: 3.3.4[0m
2024.12.26 21:21:36 INFO  no build target found for /home/nt2311/Projects/exercisim/scala/grade-school/src/main/scala/GradeSchool.scala. Using presentation compiler with project's scala-library version: 3.3.4[0m
2024.12.26 21:21:36 INFO  no build target found for /home/nt2311/Projects/exercisim/scala/grade-school/src/main/scala/GradeSchool.scala. Using presentation compiler with project's scala-library version: 3.3.4[0m
2024.12.26 21:21:36 INFO  no build target found for /home/nt2311/Projects/exercisim/scala/grade-school/src/main/scala/GradeSchool.scala. Using presentation compiler with project's scala-library version: 3.3.4[0m
2024.12.26 21:21:36 INFO  no build target found for /home/nt2311/Projects/exercisim/scala/grade-school/src/main/scala/GradeSchool.scala. Using presentation compiler with project's scala-library version: 3.3.4[0m
2024.12.26 21:21:37 INFO  no build target found for /home/nt2311/Projects/exercisim/scala/grade-school/src/main/scala/GradeSchool.scala. Using presentation compiler with project's scala-library version: 3.3.4[0m
2024.12.26 21:21:37 INFO  no build target found for /home/nt2311/Projects/exercisim/scala/grade-school/src/main/scala/GradeSchool.scala. Using presentation compiler with project's scala-library version: 3.3.4[0m
2024.12.26 21:21:37 INFO  no build target found for /home/nt2311/Projects/exercisim/scala/grade-school/src/main/scala/GradeSchool.scala. Using presentation compiler with project's scala-library version: 3.3.4[0m
2024.12.26 21:21:37 INFO  no build target found for /home/nt2311/Projects/exercisim/scala/grade-school/src/main/scala/GradeSchool.scala. Using presentation compiler with project's scala-library version: 3.3.4[0m
2024.12.26 21:21:40 INFO  no build target found for /home/nt2311/Projects/exercisim/scala/grade-school/src/main/scala/GradeSchool.scala. Using presentation compiler with project's scala-library version: 3.3.4[0m
2024.12.26 21:21:40 INFO  no build target found for /home/nt2311/Projects/exercisim/scala/grade-school/src/main/scala/GradeSchool.scala. Using presentation compiler with project's scala-library version: 3.3.4[0m
2024.12.26 21:21:40 INFO  no build target found for /home/nt2311/Projects/exercisim/scala/grade-school/src/main/scala/GradeSchool.scala. Using presentation compiler with project's scala-library version: 3.3.4[0m
2024.12.26 21:21:40 INFO  no build target found for /home/nt2311/Projects/exercisim/scala/grade-school/src/main/scala/GradeSchool.scala. Using presentation compiler with project's scala-library version: 3.3.4[0m
2024.12.26 21:21:42 INFO  no build target found for /home/nt2311/Projects/exercisim/scala/grade-school/src/main/scala/GradeSchool.scala. Using presentation compiler with project's scala-library version: 3.3.4[0m
2024.12.26 21:21:42 INFO  no build target found for /home/nt2311/Projects/exercisim/scala/grade-school/src/main/scala/GradeSchool.scala. Using presentation compiler with project's scala-library version: 3.3.4[0m
2024.12.26 21:21:42 INFO  no build target found for /home/nt2311/Projects/exercisim/scala/grade-school/src/main/scala/GradeSchool.scala. Using presentation compiler with project's scala-library version: 3.3.4[0m
2024.12.26 21:21:43 INFO  no build target found for /home/nt2311/Projects/exercisim/scala/grade-school/src/main/scala/GradeSchool.scala. Using presentation compiler with project's scala-library version: 3.3.4[0m
2024.12.26 21:21:43 INFO  no build target found for /home/nt2311/Projects/exercisim/scala/grade-school/src/main/scala/GradeSchool.scala. Using presentation compiler with project's scala-library version: 3.3.4[0m
2024.12.26 21:21:43 INFO  no build target found for /home/nt2311/Projects/exercisim/scala/grade-school/src/main/scala/GradeSchool.scala. Using presentation compiler with project's scala-library version: 3.3.4[0m
2024.12.26 21:21:43 INFO  no build target found for /home/nt2311/Projects/exercisim/scala/grade-school/src/main/scala/GradeSchool.scala. Using presentation compiler with project's scala-library version: 3.3.4[0m
2024.12.26 21:21:45 INFO  no build target found for /home/nt2311/Projects/exercisim/scala/grade-school/src/main/scala/GradeSchool.scala. Using presentation compiler with project's scala-library version: 3.3.4[0m
2024.12.26 21:21:45 INFO  no build target found for /home/nt2311/Projects/exercisim/scala/grade-school/src/main/scala/GradeSchool.scala. Using presentation compiler with project's scala-library version: 3.3.4[0m
2024.12.26 21:21:45 INFO  no build target found for /home/nt2311/Projects/exercisim/scala/grade-school/src/main/scala/GradeSchool.scala. Using presentation compiler with project's scala-library version: 3.3.4[0m
2024.12.26 21:21:47 INFO  no build target found for /home/nt2311/Projects/exercisim/scala/grade-school/src/main/scala/GradeSchool.scala. Using presentation compiler with project's scala-library version: 3.3.4[0m
2024.12.26 21:21:47 INFO  no build target found for /home/nt2311/Projects/exercisim/scala/grade-school/src/main/scala/GradeSchool.scala. Using presentation compiler with project's scala-library version: 3.3.4[0m
2024.12.26 21:21:47 INFO  no build target found for /home/nt2311/Projects/exercisim/scala/grade-school/src/main/scala/GradeSchool.scala. Using presentation compiler with project's scala-library version: 3.3.4[0m
2024.12.26 21:21:47 INFO  no build target found for /home/nt2311/Projects/exercisim/scala/grade-school/src/main/scala/GradeSchool.scala. Using presentation compiler with project's scala-library version: 3.3.4[0m
2024.12.26 21:21:47 INFO  no build target found for /home/nt2311/Projects/exercisim/scala/grade-school/src/main/scala/GradeSchool.scala. Using presentation compiler with project's scala-library version: 3.3.4[0m
2024.12.26 21:21:47 INFO  no build target found for /home/nt2311/Projects/exercisim/scala/grade-school/src/main/scala/GradeSchool.scala. Using presentation compiler with project's scala-library version: 3.3.4[0m
2024.12.26 21:21:50 INFO  no build target found for /home/nt2311/Projects/exercisim/scala/grade-school/src/main/scala/GradeSchool.scala. Using presentation compiler with project's scala-library version: 3.3.4[0m
2024.12.26 21:21:50 INFO  no build target found for /home/nt2311/Projects/exercisim/scala/grade-school/src/main/scala/GradeSchool.scala. Using presentation compiler with project's scala-library version: 3.3.4[0m
2024.12.26 21:21:50 INFO  no build target found for /home/nt2311/Projects/exercisim/scala/grade-school/src/main/scala/GradeSchool.scala. Using presentation compiler with project's scala-library version: 3.3.4[0m
2024.12.26 21:21:50 INFO  no build target found for /home/nt2311/Projects/exercisim/scala/grade-school/src/main/scala/GradeSchool.scala. Using presentation compiler with project's scala-library version: 3.3.4[0m
2024.12.26 21:21:50 INFO  no build target found for /home/nt2311/Projects/exercisim/scala/grade-school/src/main/scala/GradeSchool.scala. Using presentation compiler with project's scala-library version: 3.3.4[0m
2024.12.26 21:21:52 INFO  no build target found for /home/nt2311/Projects/exercisim/scala/grade-school/src/main/scala/GradeSchool.scala. Using presentation compiler with project's scala-library version: 3.3.4[0m
2024.12.26 21:21:52 INFO  no build target found for /home/nt2311/Projects/exercisim/scala/grade-school/src/main/scala/GradeSchool.scala. Using presentation compiler with project's scala-library version: 3.3.4[0m
2024.12.26 21:21:52 INFO  no build target found for /home/nt2311/Projects/exercisim/scala/grade-school/src/main/scala/GradeSchool.scala. Using presentation compiler with project's scala-library version: 3.3.4[0m
2024.12.26 21:21:52 INFO  no build target found for /home/nt2311/Projects/exercisim/scala/grade-school/src/main/scala/GradeSchool.scala. Using presentation compiler with project's scala-library version: 3.3.4[0m
2024.12.26 21:21:52 INFO  no build target found for /home/nt2311/Projects/exercisim/scala/grade-school/src/main/scala/GradeSchool.scala. Using presentation compiler with project's scala-library version: 3.3.4[0m
2024.12.26 21:21:52 INFO  no build target found for /home/nt2311/Projects/exercisim/scala/grade-school/src/main/scala/GradeSchool.scala. Using presentation compiler with project's scala-library version: 3.3.4[0m
2024.12.26 21:21:54 INFO  no build target found for /home/nt2311/Projects/exercisim/scala/grade-school/src/main/scala/GradeSchool.scala. Using presentation compiler with project's scala-library version: 3.3.4[0m
2024.12.26 21:21:54 INFO  no build target found for /home/nt2311/Projects/exercisim/scala/grade-school/src/main/scala/GradeSchool.scala. Using presentation compiler with project's scala-library version: 3.3.4[0m
2024.12.26 21:21:54 INFO  no build target found for /home/nt2311/Projects/exercisim/scala/grade-school/src/main/scala/GradeSchool.scala. Using presentation compiler with project's scala-library version: 3.3.4[0m
2024.12.26 21:21:54 INFO  no build target found for /home/nt2311/Projects/exercisim/scala/grade-school/src/main/scala/GradeSchool.scala. Using presentation compiler with project's scala-library version: 3.3.4[0m
2024.12.26 21:21:54 INFO  no build target found for /home/nt2311/Projects/exercisim/scala/grade-school/src/main/scala/GradeSchool.scala. Using presentation compiler with project's scala-library version: 3.3.4[0m
2024.12.26 21:21:54 INFO  no build target found for /home/nt2311/Projects/exercisim/scala/grade-school/src/main/scala/GradeSchool.scala. Using presentation compiler with project's scala-library version: 3.3.4[0m
2024.12.26 21:21:54 INFO  no build target found for /home/nt2311/Projects/exercisim/scala/grade-school/src/main/scala/GradeSchool.scala. Using presentation compiler with project's scala-library version: 3.3.4[0m
2024.12.26 21:21:54 INFO  no build target found for /home/nt2311/Projects/exercisim/scala/grade-school/src/main/scala/GradeSchool.scala. Using presentation compiler with project's scala-library version: 3.3.4[0m
2024.12.26 21:21:54 INFO  no build target found for /home/nt2311/Projects/exercisim/scala/grade-school/src/main/scala/GradeSchool.scala. Using presentation compiler with project's scala-library version: 3.3.4[0m
2024.12.26 21:21:54 INFO  no build target found for /home/nt2311/Projects/exercisim/scala/grade-school/src/main/scala/GradeSchool.scala. Using presentation compiler with project's scala-library version: 3.3.4[0m
2024.12.26 21:21:54 INFO  no build target found for /home/nt2311/Projects/exercisim/scala/grade-school/src/main/scala/GradeSchool.scala. Using presentation compiler with project's scala-library version: 3.3.4[0m
2024.12.26 21:21:54 INFO  no build target found for /home/nt2311/Projects/exercisim/scala/grade-school/src/main/scala/GradeSchool.scala. Using presentation compiler with project's scala-library version: 3.3.4[0m
2024.12.26 21:21:54 INFO  no build target found for /home/nt2311/Projects/exercisim/scala/grade-school/src/main/scala/GradeSchool.scala. Using presentation compiler with project's scala-library version: 3.3.4[0m
2024.12.26 21:21:54 INFO  no build target found for /home/nt2311/Projects/exercisim/scala/grade-school/src/main/scala/GradeSchool.scala. Using presentation compiler with project's scala-library version: 3.3.4[0m
2024.12.26 21:21:56 INFO  no build target found for /home/nt2311/Projects/exercisim/scala/grade-school/src/main/scala/GradeSchool.scala. Using presentation compiler with project's scala-library version: 3.3.4[0m
2024.12.26 21:21:56 INFO  no build target found for /home/nt2311/Projects/exercisim/scala/grade-school/src/main/scala/GradeSchool.scala. Using presentation compiler with project's scala-library version: 3.3.4[0m
2024.12.26 21:21:56 INFO  no build target found for /home/nt2311/Projects/exercisim/scala/grade-school/src/main/scala/GradeSchool.scala. Using presentation compiler with project's scala-library version: 3.3.4[0m
2024.12.26 21:21:56 INFO  no build target found for /home/nt2311/Projects/exercisim/scala/grade-school/src/main/scala/GradeSchool.scala. Using presentation compiler with project's scala-library version: 3.3.4[0m
2024.12.26 21:21:59 INFO  no build target found for /home/nt2311/Projects/exercisim/scala/grade-school/src/main/scala/GradeSchool.scala. Using presentation compiler with project's scala-library version: 3.3.4[0m
2024.12.26 21:21:59 INFO  no build target found for /home/nt2311/Projects/exercisim/scala/grade-school/src/main/scala/GradeSchool.scala. Using presentation compiler with project's scala-library version: 3.3.4[0m
2024.12.26 21:21:59 INFO  no build target found for /home/nt2311/Projects/exercisim/scala/grade-school/src/main/scala/GradeSchool.scala. Using presentation compiler with project's scala-library version: 3.3.4[0m
2024.12.26 21:22:00 INFO  no build target found for /home/nt2311/Projects/exercisim/scala/grade-school/src/main/scala/GradeSchool.scala. Using presentation compiler with project's scala-library version: 3.3.4[0m
2024.12.26 21:22:00 INFO  no build target found for /home/nt2311/Projects/exercisim/scala/grade-school/src/main/scala/GradeSchool.scala. Using presentation compiler with project's scala-library version: 3.3.4[0m
2024.12.26 21:22:00 INFO  no build target found for /home/nt2311/Projects/exercisim/scala/grade-school/src/main/scala/GradeSchool.scala. Using presentation compiler with project's scala-library version: 3.3.4[0m
2024.12.26 21:22:00 INFO  no build target found for /home/nt2311/Projects/exercisim/scala/grade-school/src/main/scala/GradeSchool.scala. Using presentation compiler with project's scala-library version: 3.3.4[0m
2024.12.26 21:22:00 INFO  no build target found for /home/nt2311/Projects/exercisim/scala/grade-school/src/main/scala/GradeSchool.scala. Using presentation compiler with project's scala-library version: 3.3.4[0m
2024.12.26 21:22:01 INFO  no build target found for /home/nt2311/Projects/exercisim/scala/grade-school/src/main/scala/GradeSchool.scala. Using presentation compiler with project's scala-library version: 3.3.4[0m
2024.12.26 21:22:01 INFO  no build target found for /home/nt2311/Projects/exercisim/scala/grade-school/src/main/scala/GradeSchool.scala. Using presentation compiler with project's scala-library version: 3.3.4[0m
2024.12.26 21:22:01 INFO  no build target found for /home/nt2311/Projects/exercisim/scala/grade-school/src/main/scala/GradeSchool.scala. Using presentation compiler with project's scala-library version: 3.3.4[0m
2024.12.26 21:22:01 INFO  no build target found for /home/nt2311/Projects/exercisim/scala/grade-school/src/main/scala/GradeSchool.scala. Using presentation compiler with project's scala-library version: 3.3.4[0m
2024.12.26 21:22:02 INFO  no build target found for /home/nt2311/Projects/exercisim/scala/grade-school/src/main/scala/GradeSchool.scala. Using presentation compiler with project's scala-library version: 3.3.4[0m
2024.12.26 21:22:02 INFO  no build target found for /home/nt2311/Projects/exercisim/scala/grade-school/src/main/scala/GradeSchool.scala. Using presentation compiler with project's scala-library version: 3.3.4[0m
2024.12.26 21:22:02 INFO  no build target found for /home/nt2311/Projects/exercisim/scala/grade-school/src/main/scala/GradeSchool.scala. Using presentation compiler with project's scala-library version: 3.3.4[0m
2024.12.26 21:22:02 INFO  no build target found for /home/nt2311/Projects/exercisim/scala/grade-school/src/main/scala/GradeSchool.scala. Using presentation compiler with project's scala-library version: 3.3.4[0m
2024.12.26 21:22:02 INFO  no build target found for /home/nt2311/Projects/exercisim/scala/grade-school/src/main/scala/GradeSchool.scala. Using presentation compiler with project's scala-library version: 3.3.4[0m
2024.12.26 21:22:02 INFO  no build target found for /home/nt2311/Projects/exercisim/scala/grade-school/src/main/scala/GradeSchool.scala. Using presentation compiler with project's scala-library version: 3.3.4[0m
2024.12.26 21:22:02 INFO  no build target found for /home/nt2311/Projects/exercisim/scala/grade-school/src/main/scala/GradeSchool.scala. Using presentation compiler with project's scala-library version: 3.3.4[0m
2024.12.26 21:22:03 INFO  no build target found for /home/nt2311/Projects/exercisim/scala/grade-school/src/main/scala/GradeSchool.scala. Using presentation compiler with project's scala-library version: 3.3.4[0m
2024.12.26 21:22:03 INFO  no build target found for /home/nt2311/Projects/exercisim/scala/grade-school/src/main/scala/GradeSchool.scala. Using presentation compiler with project's scala-library version: 3.3.4[0m
2024.12.26 21:22:03 INFO  no build target found for /home/nt2311/Projects/exercisim/scala/grade-school/src/main/scala/GradeSchool.scala. Using presentation compiler with project's scala-library version: 3.3.4[0m
2024.12.26 21:22:03 INFO  no build target found for /home/nt2311/Projects/exercisim/scala/grade-school/src/main/scala/GradeSchool.scala. Using presentation compiler with project's scala-library version: 3.3.4[0m
2024.12.26 21:22:03 INFO  no build target found for /home/nt2311/Projects/exercisim/scala/grade-school/src/main/scala/GradeSchool.scala. Using presentation compiler with project's scala-library version: 3.3.4[0m
2024.12.26 21:22:05 INFO  no build target found for /home/nt2311/Projects/exercisim/scala/grade-school/src/main/scala/GradeSchool.scala. Using presentation compiler with project's scala-library version: 3.3.4[0m
2024.12.26 21:22:05 INFO  no build target found for /home/nt2311/Projects/exercisim/scala/grade-school/src/main/scala/GradeSchool.scala. Using presentation compiler with project's scala-library version: 3.3.4[0m
2024.12.26 21:22:05 INFO  no build target found for /home/nt2311/Projects/exercisim/scala/grade-school/src/main/scala/GradeSchool.scala. Using presentation compiler with project's scala-library version: 3.3.4[0m
2024.12.26 21:22:05 INFO  no build target found for /home/nt2311/Projects/exercisim/scala/grade-school/src/main/scala/GradeSchool.scala. Using presentation compiler with project's scala-library version: 3.3.4[0m
2024.12.26 21:22:05 INFO  no build target found for /home/nt2311/Projects/exercisim/scala/grade-school/src/main/scala/GradeSchool.scala. Using presentation compiler with project's scala-library version: 3.3.4[0m
2024.12.26 21:22:05 INFO  no build target found for /home/nt2311/Projects/exercisim/scala/grade-school/src/main/scala/GradeSchool.scala. Using presentation compiler with project's scala-library version: 3.3.4[0m
2024.12.26 21:22:06 INFO  no build target found for /home/nt2311/Projects/exercisim/scala/grade-school/src/main/scala/GradeSchool.scala. Using presentation compiler with project's scala-library version: 3.3.4[0m
2024.12.26 21:22:06 INFO  no build target found for /home/nt2311/Projects/exercisim/scala/grade-school/src/main/scala/GradeSchool.scala. Using presentation compiler with project's scala-library version: 3.3.4[0m
2024.12.26 21:22:08 INFO  no build target found for /home/nt2311/Projects/exercisim/scala/grade-school/src/main/scala/GradeSchool.scala. Using presentation compiler with project's scala-library version: 3.3.4[0m
2024.12.26 21:22:08 INFO  no build target found for /home/nt2311/Projects/exercisim/scala/grade-school/src/main/scala/GradeSchool.scala. Using presentation compiler with project's scala-library version: 3.3.4[0m
2024.12.26 21:22:08 INFO  no build target found for /home/nt2311/Projects/exercisim/scala/grade-school/src/main/scala/GradeSchool.scala. Using presentation compiler with project's scala-library version: 3.3.4[0m
2024.12.26 21:22:08 INFO  no build target found for /home/nt2311/Projects/exercisim/scala/grade-school/src/main/scala/GradeSchool.scala. Using presentation compiler with project's scala-library version: 3.3.4[0m
2024.12.26 21:22:10 INFO  no build target found for /home/nt2311/Projects/exercisim/scala/grade-school/src/main/scala/GradeSchool.scala. Using presentation compiler with project's scala-library version: 3.3.4[0m
2024.12.26 21:22:12 INFO  no build target found for /home/nt2311/Projects/exercisim/scala/grade-school/src/main/scala/GradeSchool.scala. Using presentation compiler with project's scala-library version: 3.3.4[0m
2024.12.26 21:22:12 INFO  no build target found for /home/nt2311/Projects/exercisim/scala/grade-school/src/main/scala/GradeSchool.scala. Using presentation compiler with project's scala-library version: 3.3.4[0m
2024.12.26 21:22:12 INFO  no build target found for /home/nt2311/Projects/exercisim/scala/grade-school/src/main/scala/GradeSchool.scala. Using presentation compiler with project's scala-library version: 3.3.4[0m
2024.12.26 21:22:15 INFO  no build target found for /home/nt2311/Projects/exercisim/scala/grade-school/src/main/scala/GradeSchool.scala. Using presentation compiler with project's scala-library version: 3.3.4[0m
2024.12.26 21:22:15 INFO  no build target found for /home/nt2311/Projects/exercisim/scala/grade-school/src/main/scala/GradeSchool.scala. Using presentation compiler with project's scala-library version: 3.3.4[0m
2024.12.26 21:22:15 INFO  no build target found for /home/nt2311/Projects/exercisim/scala/grade-school/src/main/scala/GradeSchool.scala. Using presentation compiler with project's scala-library version: 3.3.4[0m
2024.12.26 21:22:18 WARN  no build target for: /home/nt2311/Projects/exercisim/scala/grade-school/src/main/scala/GradeSchool.scala[0m
2024.12.26 21:22:18 INFO  no build target found for /home/nt2311/Projects/exercisim/scala/grade-school/src/main/scala/GradeSchool.scala. Using presentation compiler with project's scala-library version: 3.3.4[0m
2024.12.26 21:22:18 INFO  no build target found for /home/nt2311/Projects/exercisim/scala/grade-school/src/main/scala/GradeSchool.scala. Using presentation compiler with project's scala-library version: 3.3.4[0m
2024.12.26 21:22:18 INFO  no build target found for /home/nt2311/Projects/exercisim/scala/grade-school/src/main/scala/GradeSchool.scala. Using presentation compiler with project's scala-library version: 3.3.4[0m
