[0m[[0m[0mdebug[0m] [0m[0m> Exec(early(addDefaultCommands), None, None)[0m
[0m[[0m[0mdebug[0m] [0m[0m> Exec(addDefaultCommands, None, None)[0m
[0m[[0m[0mdebug[0m] [0m[0m> Exec(early(initialize), None, None)[0m
[0m[[0m[0mdebug[0m] [0m[0m> Exec(initialize, None, None)[0m
[0m[[0m[0mdebug[0m] [0m[0m> Exec(boot, None, None)[0m
[0m[[0m[0mdebug[0m] [0m[0m> Exec(writeSbtVersion, None, None)[0m
[0m[[0m[0mdebug[0m] [0m[0m> Exec(reload, None, None)[0m
[0m[[0m[0mdebug[0m] [0m[0m> Exec(sbtStashOnFailure, None, None)[0m
[0m[[0m[0mdebug[0m] [0m[0m> Exec(onFailure loadFailed, None, None)[0m
[0m[[0m[0mdebug[0m] [0m[0m> Exec(loadp, None, None)[0m
[0m[[0m[0minfo[0m] [0m[0mwelcome to sbt 1.10.1 (Oracle Corporation Java 23.0.1)[0m
[0m[[0m[0mdebug[0m] [0m[0mLoad.defaultLoad until apply took 115.143ms[0m
[0m[[0m[0mdebug[0m] [0m[0m          Load.loadUnit: plugins took 90.5819ms[0m
[0m[[0m[0mdebug[0m] [0m[0m          Load.loadUnit: defsScala took 0.2882ms[0m
[0m[[0m[0mdebug[0m] [0m[0m[Loading] Scanning directory D:\Work\Project\Exercism\scala\collatz-conjecture\project[0m
[0m[[0m[0mdebug[0m] [0m[0m[Loading] Found non-root projects [0m
[0m[[0m[0mdebug[0m] [0m[0m[Loading] Done in D:\Work\Project\Exercism\scala\collatz-conjecture\project, returning: ()[0m
[0m[[0m[0mdebug[0m] [0m[0mdeducing auto plugins based on known facts Set(Atom(sbt.plugins.CorePlugin)) and clauses Clauses(Clause(Atom(sbt.plugins.JvmPlugin),Set(Atom(sbt.plugins.IvyPlugin)))[0m
[0m[[0m[0mdebug[0m] [0m[0mClause(Atom(sbt.ScriptedPlugin),Set(Atom(sbt.plugins.JvmPlugin)))[0m
[0m[[0m[0mdebug[0m] [0m[0mClause(Atom(sbt.plugins.SbtPlugin),Set(Atom(sbt.ScriptedPlugin)))[0m
[0m[[0m[0mdebug[0m] [0m[0mClause(Atom(sbt.plugins.SemanticdbPlugin),Set(Atom(sbt.plugins.JvmPlugin)))[0m
[0m[[0m[0mdebug[0m] [0m[0mClause(Atom(sbt.plugins.JUnitXmlReportPlugin),Set(Atom(sbt.plugins.JvmPlugin)))[0m
[0m[[0m[0mdebug[0m] [0m[0mClause(Atom(sbt.plugins.MiniDependencyTreePlugin),Set(Atom(sbt.plugins.JvmPlugin)))[0m
[0m[[0m[0mdebug[0m] [0m[0mClause(Atom(sbt.plugins.CorePlugin),Set(Atom(sbt.plugins.IvyPlugin)))[0m
[0m[[0m[0mdebug[0m] [0m[0mClause(Atom(sbt.plugins.IvyPlugin),Set(Atom(sbt.plugins.JvmPlugin)))[0m
[0m[[0m[0mdebug[0m] [0m[0mClause(Atom(sbt.plugins.JvmPlugin),Set(Atom(sbt.plugins.SemanticdbPlugin)))[0m
[0m[[0m[0mdebug[0m] [0m[0mClause(Atom(sbt.plugins.JvmPlugin),Set(Atom(sbt.plugins.JUnitXmlReportPlugin)))[0m
[0m[[0m[0mdebug[0m] [0m[0mClause(Atom(sbt.plugins.CorePlugin),Set(Atom(sbt.plugins.Giter8TemplatePlugin)))[0m
[0m[[0m[0mdebug[0m] [0m[0mClause(Atom(sbt.plugins.JvmPlugin),Set(Atom(sbt.plugins.MiniDependencyTreePlugin))))[0m
[0m[[0m[0mdebug[0m] [0m[0m  :: deduced result: Matched(sbt.plugins.CorePlugin,sbt.plugins.Giter8TemplatePlugin,sbt.plugins.IvyPlugin,sbt.plugins.JvmPlugin,sbt.plugins.MiniDependencyTreePlugin,sbt.plugins.JUnitXmlReportPlugin,sbt.plugins.SemanticdbPlugin)[0m
[0m[[0m[0mdebug[0m] [0m[0mPlugins.deducer#function took 19.2144 ms[0m
[0m[[0m[0mdebug[0m] [0m[0m              Load.resolveProject(collatz-conjecture-build) took 46.7202ms[0m
[0m[[0m[0mdebug[0m] [0m[0m            Load.loadTransitive: finalizeProject(Project(id collatz-conjecture-build, base: D:\Work\Project\Exercism\scala\collatz-conjecture\project, plugins: List(<none>))) took 87.9487ms[0m
[0m[[0m[0mdebug[0m] [0m[0m[Loading] Done in D:\Work\Project\Exercism\scala\collatz-conjecture\project, returning: (collatz-conjecture-build)[0m
[0m[[0m[0mdebug[0m] [0m[0m          Load.loadUnit: loadedProjectsRaw took 111.7742ms[0m
[0m[[0m[0mdebug[0m] [0m[0m          Load.loadUnit: cleanEvalClasses took 0.3206ms[0m
[0m[[0m[0mdebug[0m] [0m[0m        Load.loadUnit(file:/D:/Work/Project/Exercism/scala/collatz-conjecture/project/, ...) took 208.7163ms[0m
[0m[[0m[0mdebug[0m] [0m[0m      Load.apply: load took 374.4695ms[0m
[0m[[0m[0mdebug[0m] [0m[0m      Load.apply: resolveProjects took 4.8372ms[0m
[0m[[0m[0mdebug[0m] [0m[0m      Load.apply: finalTransforms took 57.371ms[0m
[0m[[0m[0mdebug[0m] [0m[0m      Load.apply: config.delegates took 4.71ms[0m
[0m[[0m[0mdebug[0m] [0m[0m      Load.apply: Def.make(settings)... took 373.715ms[0m
[0m[[0m[0mdebug[0m] [0m[0m      Load.apply: structureIndex took 130.7135ms[0m
[0m[[0m[0mdebug[0m] [0m[0m      Load.apply: mkStreams took 1.7103ms[0m
[0m[[0m[0minfo[0m] [0m[0mloading project definition from D:\Work\Project\Exercism\scala\collatz-conjecture\project[0m
[0m[[0m[0mdebug[0m] [0m[0mRunning task... Cancel: Signal, check cycles: false, forcegc: true[0m
[0m[[0m[0mdebug[0m] [0m[0m    Load.loadUnit: plugins took 2441.6554ms[0m
[0m[[0m[0mdebug[0m] [0m[0m    Load.loadUnit: defsScala took 0.0059ms[0m
[0m[[0m[0mdebug[0m] [0m[0m[Loading] Scanning directory D:\Work\Project\Exercism\scala\collatz-conjecture[0m
[0m[[0m[0mdebug[0m] [0m[0m      Load.loadUnit: mkEval took 4.9675ms[0m
[0m[[0m[0mdebug[0m] [0m[0m[Loading] Found non-root projects [0m
[0m[[0m[0mdebug[0m] [0m[0m[Loading] Done in D:\Work\Project\Exercism\scala\collatz-conjecture, returning: ()[0m
[0m[[0m[0mdebug[0m] [0m[0mdeducing auto plugins based on known facts Set(Atom(sbt.plugins.CorePlugin)) and clauses Clauses(Clause(Atom(sbt.plugins.JvmPlugin),Set(Atom(sbt.plugins.IvyPlugin)))[0m
[0m[[0m[0mdebug[0m] [0m[0mClause(Atom(sbt.ScriptedPlugin),Set(Atom(sbt.plugins.JvmPlugin)))[0m
[0m[[0m[0mdebug[0m] [0m[0mClause(Atom(sbt.plugins.SbtPlugin),Set(Atom(sbt.ScriptedPlugin)))[0m
[0m[[0m[0mdebug[0m] [0m[0mClause(Atom(sbt.plugins.SemanticdbPlugin),Set(Atom(sbt.plugins.JvmPlugin)))[0m
[0m[[0m[0mdebug[0m] [0m[0mClause(Atom(sbt.plugins.JUnitXmlReportPlugin),Set(Atom(sbt.plugins.JvmPlugin)))[0m
[0m[[0m[0mdebug[0m] [0m[0mClause(Atom(sbt.plugins.MiniDependencyTreePlugin),Set(Atom(sbt.plugins.JvmPlugin)))[0m
[0m[[0m[0mdebug[0m] [0m[0mClause(Atom(sbt.plugins.CorePlugin),Set(Atom(sbt.plugins.IvyPlugin)))[0m
[0m[[0m[0mdebug[0m] [0m[0mClause(Atom(sbt.plugins.IvyPlugin),Set(Atom(sbt.plugins.JvmPlugin)))[0m
[0m[[0m[0mdebug[0m] [0m[0mClause(Atom(sbt.plugins.JvmPlugin),Set(Atom(sbt.plugins.SemanticdbPlugin)))[0m
[0m[[0m[0mdebug[0m] [0m[0mClause(Atom(sbt.plugins.JvmPlugin),Set(Atom(sbt.plugins.JUnitXmlReportPlugin)))[0m
[0m[[0m[0mdebug[0m] [0m[0mClause(Atom(sbt.plugins.CorePlugin),Set(Atom(sbt.plugins.Giter8TemplatePlugin)))[0m
[0m[[0m[0mdebug[0m] [0m[0mClause(Atom(sbt.plugins.JvmPlugin),Set(Atom(sbt.plugins.MiniDependencyTreePlugin))))[0m
[0m[[0m[0mdebug[0m] [0m[0m  :: deduced result: Matched(sbt.plugins.CorePlugin,sbt.plugins.Giter8TemplatePlugin,sbt.plugins.IvyPlugin,sbt.plugins.JvmPlugin,sbt.plugins.MiniDependencyTreePlugin,sbt.plugins.JUnitXmlReportPlugin,sbt.plugins.SemanticdbPlugin)[0m
[0m[[0m[0mdebug[0m] [0m[0mPlugins.deducer#function took 1.126 ms[0m
[0m[[0m[0minfo[0m] [0m[0mloading settings for project collatz-conjecture from build.sbt ...[0m
[0m[[0m[0mdebug[0m] [0m[0m        Load.resolveProject(collatz-conjecture) took 4.4443ms[0m
[0m[[0m[0mdebug[0m] [0m[0m      Load.loadTransitive: finalizeProject(Project(id collatz-conjecture, base: D:\Work\Project\Exercism\scala\collatz-conjecture, plugins: List(<none>))) took 6.0698ms[0m
[0m[[0m[0mdebug[0m] [0m[0m[Loading] Done in D:\Work\Project\Exercism\scala\collatz-conjecture, returning: (collatz-conjecture)[0m
[0m[[0m[0mdebug[0m] [0m[0m    Load.loadUnit: loadedProjectsRaw took 1876.7031ms[0m
[0m[[0m[0mdebug[0m] [0m[0m    Load.loadUnit: cleanEvalClasses took 6.1493ms[0m
[0m[[0m[0mdebug[0m] [0m[0m  Load.loadUnit(file:/D:/Work/Project/Exercism/scala/collatz-conjecture/, ...) took 4326.2302ms[0m
[0m[[0m[0mdebug[0m] [0m[0mLoad.apply: load took 4348.7684ms[0m
[0m[[0m[0mdebug[0m] [0m[0mLoad.apply: resolveProjects took 0.1304ms[0m
[0m[[0m[0mdebug[0m] [0m[0mLoad.apply: finalTransforms took 7.6631ms[0m
[0m[[0m[0mdebug[0m] [0m[0mLoad.apply: config.delegates took 0.3863ms[0m
[0m[[0m[0mdebug[0m] [0m[0mLoad.apply: Def.make(settings)... took 120.7806ms[0m
[0m[[0m[0mdebug[0m] [0m[0mLoad.apply: structureIndex took 25.9375ms[0m
[0m[[0m[0mdebug[0m] [0m[0mLoad.apply: mkStreams took 0.0068ms[0m
[0m[[0m[0minfo[0m] [0m[0mset current project to collatz-conjecture (in build file:/D:/Work/Project/Exercism/scala/collatz-conjecture/)[0m
[0m[[0m[0mdebug[0m] [0m[0m> Exec(sbtPopOnFailure, None, None)[0m
[0m[[0m[0mdebug[0m] [0m[0m> Exec(resumeFromFailure, None, None)[0m
[0m[[0m[0mdebug[0m] [0m[0m> Exec(notifyUsersAboutShell, None, None)[0m
[0m[[0m[0mdebug[0m] [0m[0m> Exec(iflast shell, None, None)[0m
[0m[[0m[0mdebug[0m] [0m[0m> Exec(test, None, None)[0m
[0m[[0m[0mdebug[0m] [0m[0mEvaluating tasks: Test / test[0m
[0m[[0m[0mdebug[0m] [0m[0mRunning task... Cancel: Signal, check cycles: false, forcegc: true[0m
[0m[[0m[0minfo[0m] [0m[0mcompiling 1 Scala source to D:\Work\Project\Exercism\scala\collatz-conjecture\target\scala-3.4.2\classes ...[0m
[0m[[0m[0minfo[0m] [0m[0mcompiling 1 Scala source to D:\Work\Project\Exercism\scala\collatz-conjecture\target\scala-3.4.2\test-classes ...[0m
[0m[[0m[33mwarn[0m] [0m[0mCanceling execution...[0m
[0m[[0m[33mwarn[0m] [0m[0mCanceling execution...[0m
[0m[[0m[33mwarn[0m] [0m[0mCanceling execution...[0m
[0m[[0m[33mwarn[0m] [0m[0mCanceling execution...[0m
[0m[[0m[33mwarn[0m] [0m[0mCanceling execution...[0m
[0m[[0m[33mwarn[0m] [0m[0mCanceling execution...[0m
[0m[[0m[33mwarn[0m] [0m[0mCanceling execution...[0m
[0m[[0m[33mwarn[0m] [0m[0mCanceling execution...[0m
[0m[[0m[33mwarn[0m] [0m[0mCanceling execution...[0m
[0m[[0m[33mwarn[0m] [0m[0mCanceling execution...[0m
[0m[[0m[33mwarn[0m] [0m[0mCanceling execution...[0m
[0m[[0m[33mwarn[0m] [0m[0mCanceling execution...[0m
[0m[[0m[33mwarn[0m] [0m[0mCanceling execution...[0m
[0m[[0m[33mwarn[0m] [0m[0mCanceling execution...[0m
[0m[[0m[33mwarn[0m] [0m[0mCanceling execution...[0m
[0m[[0m[33mwarn[0m] [0m[0mCanceling execution...[0m
[0m[[0m[33mwarn[0m] [0m[0mCanceling execution...[0m
[0m[[0m[33mwarn[0m] [0m[0mCanceling execution...[0m
[0m[[0m[33mwarn[0m] [0m[0mCanceling execution...[0m
[0m[[0m[33mwarn[0m] [0m[0mCanceling execution...[0m
[0m[[0m[33mwarn[0m] [0m[0mCanceling execution...[0m
[0m[[0m[33mwarn[0m] [0m[0mCanceling execution...[0m
[0m[[0m[33mwarn[0m] [0m[0mCanceling execution...[0m
[0m[[0m[33mwarn[0m] [0m[0mCanceling execution...[0m
[0m[[0m[33mwarn[0m] [0m[0mCanceling execution...[0m
[0m[[0m[33mwarn[0m] [0m[0mCanceling execution...[0m
[0m[[0m[33mwarn[0m] [0m[0mCanceling execution...[0m
[0m[[0m[33mwarn[0m] [0m[0mCanceling execution...[0m
[0m[[0m[33mwarn[0m] [0m[0mCanceling execution...[0m
[0m[[0m[33mwarn[0m] [0m[0mCanceling execution...[0m
[0m[[0m[33mwarn[0m] [0m[0mCanceling execution...[0m
[0m[[0m[33mwarn[0m] [0m[0mCanceling execution...[0m
[0m[[0m[33mwarn[0m] [0m[0mCanceling execution...[0m
[0m[[0m[33mwarn[0m] [0m[0mCanceling execution...[0m
[0m[[0m[33mwarn[0m] [0m[0mCanceling execution...[0m
[0m[[0m[33mwarn[0m] [0m[0mCanceling execution...[0m
[0m[[0m[33mwarn[0m] [0m[0mCanceling execution...[0m
[0m[[0m[33mwarn[0m] [0m[0mCanceling execution...[0m
[0m[[0m[33mwarn[0m] [0m[0mCanceling execution...[0m
[0m[[0m[33mwarn[0m] [0m[0mCanceling execution...[0m
[0m[[0m[33mwarn[0m] [0m[0mCanceling execution...[0m
[0m[[0m[33mwarn[0m] [0m[0mCanceling execution...[0m
[0m[[0m[33mwarn[0m] [0m[0mCanceling execution...[0m
[0m[[0m[33mwarn[0m] [0m[0mCanceling execution...[0m
[0m[[0m[33mwarn[0m] [0m[0mCanceling execution...[0m
[0m[[0m[33mwarn[0m] [0m[0mCanceling execution...[0m
[0m[[0m[33mwarn[0m] [0m[0mCanceling execution...[0m
[0m[[0m[33mwarn[0m] [0m[0mCanceling execution...[0m
[0m[[0m[33mwarn[0m] [0m[0mCanceling execution...[0m
[0m[[0m[33mwarn[0m] [0m[0mCanceling execution...[0m
[0m[[0m[33mwarn[0m] [0m[0mCanceling execution...[0m
