
09:07:21.083 [info] Loading 76 CA(s) from :otp store

09:07:21.505 id=1 [debug] handled request client -> server initialize in 206ms

09:07:23.756 [debug] sent notification server -> client window/logMessage

09:07:23.756 [debug] NextLS v0.23.3 has initialized!

09:07:23.756 [debug] sent notification server -> client window/logMessage

09:07:23.756 [debug] Log file located at d:/Work/Project/Exercism/elixir/say/.elixir-tools/next-ls.log

09:07:23.756 [debug] sent notification server -> client window/logMessage

09:07:23.756 id=5 [debug] sent request server -> client client/registerCapability

09:07:23.756 [info] [extension] Credo initializing with options %NextLS.InitOpts.Extensions.Credo{enable: true, cli_options: []}

09:07:31.886 [debug] sent notification server -> client window/logMessage

09:07:31.886 [debug] Booting runtimes...

09:07:31.901 id=37 [debug] sent request server -> client window/workDoneProgress/create

09:07:31.933 [debug] sent notification server -> client $/progress

09:07:31.948 [error] ** (MatchError) no match of right hand side value: {:error, {%File.Error{reason: :enoent, path: "/D:/Work/Project/Exercism/elixir/say/.elixir-tools", action: "make directory (with -p)"}, [{File, :mkdir_p!, 1, [file: ~c"lib/file.ex", line: 346]}, {NextLS.Runtime.Supervisor, :init, 1, [file: ~c"lib/next_ls/runtime/supervisor.ex", line: 18]}, {:supervisor, :init, 1, [file: ~c"supervisor.erl", line: 869]}, {:gen_server, :init_it, 2, [file: ~c"gen_server.erl", line: 2229]}, {:gen_server, :init_it, 6, [file: ~c"gen_server.erl", line: 2184]}, {:proc_lib, :init_p_do_apply, 3, [file: ~c"proc_lib.erl", line: 329]}]}}
    (next_ls 0.23.3) lib/next_ls.ex:899: anonymous fn/5 in NextLS.handle_notification/2
    (elixir 1.17.3) lib/enum.ex:2531: Enum."-reduce/3-lists^foldl/2-0-"/3
    (next_ls 0.23.3) lib/next_ls.ex:894: NextLS.handle_notification/2
    (gen_lsp 0.10.0) lib/gen_lsp.ex:478: anonymous fn/2 in GenLSP.loop/3
    (telemetry 1.2.1) /Users/runner/work/next-ls/next-ls/deps/telemetry/src/telemetry.erl:321: :telemetry.span/3
    (gen_lsp 0.10.0) lib/gen_lsp.ex:474: anonymous fn/7 in GenLSP.loop/3
    (gen_lsp 0.10.0) lib/gen_lsp.ex:553: GenLSP.attempt/4
    (stdlib 6.2) proc_lib.erl:329: :proc_lib.init_p_do_apply/3


09:07:31.948 [debug] sent notification server -> client window/logMessage

09:07:31.979 [debug] handled notification client -> server textDocument/didOpen in 38ms

09:07:32.058 [debug] handled notification client -> server textDocument/didChange in 70ms

09:07:33.199 [debug] sent notification server -> client window/logMessage

09:07:33.199 [warning] Failed to run completion request: ** (MatchError) no match of right hand side value: :timeout
    (next_ls 0.23.3) lib/next_ls.ex:631: NextLS.handle_request/2
    (gen_lsp 0.10.0) lib/gen_lsp.ex:350: anonymous fn/2 in GenLSP.loop/3
    (telemetry 1.2.1) /Users/runner/work/next-ls/next-ls/deps/telemetry/src/telemetry.erl:321: :telemetry.span/3
    (gen_lsp 0.10.0) lib/gen_lsp.ex:349: anonymous fn/7 in GenLSP.loop/3
    (gen_lsp 0.10.0) lib/gen_lsp.ex:553: GenLSP.attempt/4
    (stdlib 6.2) proc_lib.erl:329: :proc_lib.init_p_do_apply/3


09:07:33.371 id=2 [debug] handled request client -> server textDocument/completion in 1313ms

09:07:33.371 [debug] handled notification client -> server textDocument/didChange in 409µs

09:07:33.434 [debug] handled notification client -> server $/cancelRequest in 56ms

09:07:34.449 [debug] sent notification server -> client window/logMessage

09:07:34.449 [warning] Failed to run completion request: ** (MatchError) no match of right hand side value: :timeout
    (next_ls 0.23.3) lib/next_ls.ex:631: NextLS.handle_request/2
    (gen_lsp 0.10.0) lib/gen_lsp.ex:350: anonymous fn/2 in GenLSP.loop/3
    (telemetry 1.2.1) /Users/runner/work/next-ls/next-ls/deps/telemetry/src/telemetry.erl:321: :telemetry.span/3
    (gen_lsp 0.10.0) lib/gen_lsp.ex:349: anonymous fn/7 in GenLSP.loop/3
    (gen_lsp 0.10.0) lib/gen_lsp.ex:553: GenLSP.attempt/4
    (stdlib 6.2) proc_lib.erl:329: :proc_lib.init_p_do_apply/3


09:07:34.449 id=3 [debug] handled request client -> server textDocument/completion in 1015ms

09:07:34.449 [debug] handled notification client -> server textDocument/didChange in 205µs

09:07:34.449 [debug] handled notification client -> server textDocument/didChange in 103µs

09:07:34.449 [debug] handled notification client -> server textDocument/didChange in 0µs

09:07:34.449 [debug] handled notification client -> server textDocument/didChange in 102µs

09:07:34.449 [debug] handled notification client -> server textDocument/didChange in 205µs

09:07:34.449 [debug] handled notification client -> server textDocument/didChange in 102µs

09:07:34.449 [debug] handled notification client -> server $/cancelRequest in 0µs

09:07:35.450 [debug] sent notification server -> client window/logMessage

09:07:35.450 [warning] Failed to run completion request: ** (MatchError) no match of right hand side value: :timeout
    (next_ls 0.23.3) lib/next_ls.ex:631: NextLS.handle_request/2
    (gen_lsp 0.10.0) lib/gen_lsp.ex:350: anonymous fn/2 in GenLSP.loop/3
    (telemetry 1.2.1) /Users/runner/work/next-ls/next-ls/deps/telemetry/src/telemetry.erl:321: :telemetry.span/3
    (gen_lsp 0.10.0) lib/gen_lsp.ex:349: anonymous fn/7 in GenLSP.loop/3
    (gen_lsp 0.10.0) lib/gen_lsp.ex:553: GenLSP.attempt/4
    (stdlib 6.2) proc_lib.erl:329: :proc_lib.init_p_do_apply/3


09:07:35.450 id=4 [debug] handled request client -> server textDocument/completion in 1002ms

09:07:35.450 [debug] handled notification client -> server textDocument/didChange in 205µs

09:07:35.450 [debug] handled notification client -> server textDocument/didChange in 103µs

09:07:35.450 [debug] handled notification client -> server textDocument/didChange in 102µs

09:07:35.622 [debug] handled notification client -> server textDocument/didSave in 101ms

09:07:35.731 [debug] handled notification client -> server workspace/didChangeWatchedFiles in 87ms

09:07:36.575 [debug] handled notification client -> server textDocument/didClose in 43ms

09:07:36.622 [debug] handled notification client -> server workspace/didChangeWatchedFiles in 614µs

09:07:39.107 [debug] sent notification server -> client window/logMessage

09:07:39.107 [debug] Adding workspace folder d:/Work/Project/Exercism/elixir/say

09:07:39.107 id=69 [debug] sent request server -> client window/workDoneProgress/create

09:07:39.154 [error] ** (KeyError) key :elixir_bin_path not found in: %{
  logger: #PID<0.211.0>,
  registry: NextLS.Registry,
  cache: :diagnostic_cache,
  extensions: [elixir: NextLS.ElixirExtension, credo: NextLS.CredoExtension],
  dynamic_supervisor: NextLS.DynamicSupervisor,
  ready: false,
  auto_update: false,
  task_supervisor: NextLS.TaskSupervisor,
  runtime_task_supervisor: :runtime_task_supervisor,
  refresh_refs: %{},
  client_capabilities: %GenLSP.Structures.ClientCapabilities{
    experimental: nil,
    general: %GenLSP.Structures.GeneralClientCapabilities{
      position_encodings: ["utf-16"],
      markdown: nil,
      regular_expressions: nil,
      stale_request_support: nil
    },
    window: %GenLSP.Structures.WindowClientCapabilities{
      show_document: %GenLSP.Structures.ShowDocumentClientCapabilities{
        support: true
      },
      show_message: %GenLSP.Structures.ShowMessageRequestClientCapabilities{
        message_action_item: %{additional_properties_support: false}
      },
      work_done_progress: true
    },
    notebook_document: nil,
    text_document: %GenLSP.Structures.TextDocumentClientCapabilities{
      diagnostic: %GenLSP.Structures.DiagnosticClientCapabilities{
        related_document_support: nil,
        dynamic_registration: false
      },
      inlay_hint: %GenLSP.Structures.InlayHintClientCapabilities{
        resolve_support: %{
          properties: ["textEdits", "tooltip", "location", "command"]
        },
        dynamic_registration: true
      },
      inline_value: nil,
      type_hierarchy: nil,
      moniker: nil,
      linked_editing_range: nil,
      semantic_tokens: %GenLSP.Structures.SemanticTokensClientCapabilities{
        augments_syntax_tokens: true,
        server_cancel_support: false,
        multiline_token_support: false,
        overlapping_token_support: true,
        formats: ["relative"],
        token_modifiers: ["declaration", "definition", "readonly", "static",
         "deprecated", "abstract", "async", "modification", "documentation",
         "defaultLibrary"],
        token_types: ["namespace", "type", "class", "enum", "interface",
         "struct", "typeParameter", "parameter", "variable", "property",
         "enumMember", "event", "function", "method", "macro", "keyword",
         "modifier", "comment", "string", "number", "regexp", "operator",
         "decorator"],
        requests: %{full: %{delta: true}, range: false},
        dynamic_registration: false
      },
      call_hierarchy: %GenLSP.Structures.CallHierarchyClientCapabilities{
        dynamic_registration: false
      },
      publish_diagnostics: %GenLSP.Structures.PublishDiagnosticsClientCapabilities{
        data_support: true,
        code_description_support: nil,
        version_support: nil,
        tag_support: %{value_set: [1, 2]},
        related_information: true
      },
      selection_range: nil,
      folding_range: nil,
      rename: %GenLSP.Structures.RenameClientCapabilities{
        honors_change_annotations: nil,
        prepare_support_default_behavior: nil,
        prepare_support: true,
        dynamic_registration: true
      },
      on_type_formatting: nil,
      range_formatting: %GenLSP.Structures.DocumentRangeFormattingClientCapabilities{
        dynamic_registration: true
      },
      formatting: %GenLSP.Structures.DocumentFormattingClientCapabilities{
        dynamic_registration: true
      },
      color_provider: nil,
      document_link: nil,
      code_lens: nil,
      code_action: %GenLSP.Structures.CodeActionClientCapabilities{
        honors_change_annotations: nil,
        resolve_support: %{properties: ["edit"]},
        data_support: true,
        disabled_support: nil,
        is_preferred_support: true,
        code_action_literal_support: %{
          code_action_kind: %{
            value_set: ["", "quickfix", "refactor", "refactor.extract",
             "refactor.inline", "refactor.rewrite", "source",
             "source.organizeImports"]
          }
        },
        dynamic_registration: true
      },
      document_symbol: %GenLSP.Structures.DocumentSymbolClientCapabilities{
        label_support: nil,
        tag_support: nil,
        hierarchical_document_symbol_support: true,
        symbol_kind: %{
          value_set: [1, 2, 3, 4, 5, 6, 7, 8, 9, 10, 11, 12, 13, 14, 15, 16, 17,
           18, 19, 20, 21, 22, 23, 24, 25, 26]
        },
        dynamic_registration: false
      },
      document_highlight: %GenLSP.Structures.DocumentHighlightClientCapabilities{
        dynamic_registration: false
      },
      references: %GenLSP.Structures.ReferenceClientCapabilities{
        dynamic_registration: false
      },
      implementation: %GenLSP.Structures.ImplementationClientCapabilities{
        link_support: true,
        dynamic_registration: nil
      },
      type_definition: %GenLSP.Structures.TypeDefinitionClientCapabilities{
        link_support: true,
        dynamic_registration: nil
      },
      definition: %GenLSP.Structures.DefinitionClientCapabilities{
        link_support: true,
        dynamic_registration: true
      },
      declaration: %GenLSP.Structures.DeclarationClientCapabilities{
        link_support: true,
        dynamic_registration: nil
      },
      signature_help: %GenLSP.Structures.SignatureHelpClientCapabilities{
        context_support: nil,
        signature_information: %{
          documentation_format: ["markdown", "plaintext"],
          parameter_information: %{label_offset_support: true},
          active_parameter_support: true
        },
        dynamic_registration: false
      },
      hover: %GenLSP.Structures.HoverClientCapabilities{
        content_format: ["markdown", "plaintext"],
        dynamic_registration: true
      },
      completion: %GenLSP.Structures.CompletionClientCapabilities{
        completion_list: %{
          item_defaults: ["editRange", "insertTextFormat", "insertTextMode",
           "data"]
        },
        context_support: false,
        insert_text_mode: nil,
        completion_item_kind: %{
          value_set: [1, 2, 3, 4, 5, 6, 7, 8, 9, 10, 11, 12, 13, 14, 15, 16, 17,
           18, 19, 20, 21, 22, 23, 24, 25]
        },
        completion_item: %{
          resolve_support: %{
            properties: ["documentation", "detail", "additionalTextEdits"]
          },
          tag_support: %{value_set: [1]},
          snippet_support: true,
          commit_characters_support: true,
          documentation_format: ["markdown", "plaintext"],
          deprecated_support: true,
          preselect_support: true,
          insert_replace_support: true,
          label_details_support: true
        },
        dynamic_registration: false
      },
      synchronization: %GenLSP.Structures.TextDocumentSyncClientCapabilities{
        did_save: true,
        will_save_wait_until: true,
        will_save: true,
        dynamic_registration: false
      }
    },
    workspace: %GenLSP.Structures.WorkspaceClientCapabilities{
      diagnostics: nil,
      inlay_hint: %GenLSP.Structures.InlayHintWorkspaceClientCapabilities{
        refresh_support: true
      },
      inline_value: nil,
      file_operations: nil,
      code_lens: nil,
      semantic_tokens: %GenLSP.Structures.SemanticTokensWorkspaceClientCapabilities{
        refresh_support: true
      },
      configuration: true,
      workspace_folders: true,
      execute_command: nil,
      symbol: %GenLSP.Structures.WorkspaceSymbolClientCapabilities{
        resolve_support: nil,
        tag_support: nil,
        symbol_kind: %{
          value_set: [1, 2, 3, 4, 5, 6, 7, 8, 9, 10, 11, 12, 13, 14, 15, 16, 17,
           18, 19, 20, 21, 22, 23, 24, 25, 26]
        },
        dynamic_registration: false
      },
      did_change_watched_files: %GenLSP.Structures.DidChangeWatchedFilesClientCapabilities{
        relative_pattern_support: true,
        dynamic_registration: true
      },
      did_change_configuration: %GenLSP.Structures.DidChangeConfigurationClientCapabilities{
        dynamic_registration: false
      },
      workspace_edi (truncated)

09:07:39.154 [debug] sent notification server -> client window/logMessage

09:07:39.154 [debug] handled notification client -> server textDocument/didOpen in 102µs

09:07:39.467 [debug] sent notification server -> client $/progress

09:07:39.795 [debug] handled notification client -> server workspace/didChangeWatchedFiles in 819µs

09:07:45.736 [debug] handled notification client -> server textDocument/didOpen in 716µs

09:07:47.283 [debug] handled notification client -> server workspace/didChangeWatchedFiles in 8ms

09:08:32.352 [debug] handled notification client -> server textDocument/didChange in 614µs

09:08:33.400 [debug] sent notification server -> client window/logMessage

09:08:33.400 [warning] Failed to run completion request: ** (MatchError) no match of right hand side value: :timeout
    (next_ls 0.23.3) lib/next_ls.ex:631: NextLS.handle_request/2
    (gen_lsp 0.10.0) lib/gen_lsp.ex:350: anonymous fn/2 in GenLSP.loop/3
    (telemetry 1.2.1) /Users/runner/work/next-ls/next-ls/deps/telemetry/src/telemetry.erl:321: :telemetry.span/3
    (gen_lsp 0.10.0) lib/gen_lsp.ex:349: anonymous fn/7 in GenLSP.loop/3
    (gen_lsp 0.10.0) lib/gen_lsp.ex:553: GenLSP.attempt/4
    (stdlib 6.2) proc_lib.erl:329: :proc_lib.init_p_do_apply/3


09:08:33.400 id=5 [debug] handled request client -> server textDocument/completion in 1037ms

09:08:33.400 [debug] handled notification client -> server textDocument/didChange in 102µs

09:08:33.400 [debug] handled notification client -> server textDocument/didChange in 205µs

09:08:33.400 [debug] handled notification client -> server textDocument/didChange in 102µs

09:08:33.400 [debug] handled notification client -> server textDocument/didChange in 0µs

09:08:33.400 [debug] handled notification client -> server textDocument/didChange in 0µs

09:08:33.400 [debug] handled notification client -> server $/cancelRequest in 0µs

09:08:34.416 id=6 [debug] handled request client -> server textDocument/completion in 1014ms

09:08:34.416 [debug] handled notification client -> server textDocument/didChange in 410µs

09:08:34.416 [debug] handled notification client -> server textDocument/didChange in 205µs

09:08:34.416 [debug] handled notification client -> server textDocument/didChange in 205µs

09:08:34.416 [debug] handled notification client -> server textDocument/didChange in 102µs

09:08:34.416 [debug] sent notification server -> client window/logMessage

09:08:34.416 [warning] Failed to run completion request: ** (MatchError) no match of right hand side value: :timeout
    (next_ls 0.23.3) lib/next_ls.ex:631: NextLS.handle_request/2
    (gen_lsp 0.10.0) lib/gen_lsp.ex:350: anonymous fn/2 in GenLSP.loop/3
    (telemetry 1.2.1) /Users/runner/work/next-ls/next-ls/deps/telemetry/src/telemetry.erl:321: :telemetry.span/3
    (gen_lsp 0.10.0) lib/gen_lsp.ex:349: anonymous fn/7 in GenLSP.loop/3
    (gen_lsp 0.10.0) lib/gen_lsp.ex:553: GenLSP.attempt/4
    (stdlib 6.2) proc_lib.erl:329: :proc_lib.init_p_do_apply/3


09:08:34.416 [debug] handled notification client -> server textDocument/didChange in 307µs

09:08:34.682 [debug] handled notification client -> server textDocument/didChange in 205µs

09:08:35.244 [debug] handled notification client -> server textDocument/didChange in 307µs

09:08:35.495 [debug] handled notification client -> server textDocument/didChange in 717µs

09:08:36.511 [debug] sent notification server -> client window/logMessage

09:08:36.511 [warning] Failed to run completion request: ** (MatchError) no match of right hand side value: :timeout
    (next_ls 0.23.3) lib/next_ls.ex:631: NextLS.handle_request/2
    (gen_lsp 0.10.0) lib/gen_lsp.ex:350: anonymous fn/2 in GenLSP.loop/3
    (telemetry 1.2.1) /Users/runner/work/next-ls/next-ls/deps/telemetry/src/telemetry.erl:321: :telemetry.span/3
    (gen_lsp 0.10.0) lib/gen_lsp.ex:349: anonymous fn/7 in GenLSP.loop/3
    (gen_lsp 0.10.0) lib/gen_lsp.ex:553: GenLSP.attempt/4
    (stdlib 6.2) proc_lib.erl:329: :proc_lib.init_p_do_apply/3


09:08:36.511 id=7 [debug] handled request client -> server textDocument/completion in 1006ms

09:08:36.511 [debug] handled notification client -> server textDocument/didChange in 205µs

09:08:36.917 [debug] handled notification client -> server textDocument/didChange in 205µs

09:08:37.433 [debug] handled notification client -> server textDocument/didChange in 308µs

09:08:38.121 [debug] handled notification client -> server textDocument/didChange in 512µs

09:08:38.230 [debug] handled notification client -> server textDocument/didChange in 205µs

09:08:39.247 [debug] sent notification server -> client window/logMessage

09:08:39.247 [warning] Failed to run completion request: ** (MatchError) no match of right hand side value: :timeout
    (next_ls 0.23.3) lib/next_ls.ex:631: NextLS.handle_request/2
    (gen_lsp 0.10.0) lib/gen_lsp.ex:350: anonymous fn/2 in GenLSP.loop/3
    (telemetry 1.2.1) /Users/runner/work/next-ls/next-ls/deps/telemetry/src/telemetry.erl:321: :telemetry.span/3
    (gen_lsp 0.10.0) lib/gen_lsp.ex:349: anonymous fn/7 in GenLSP.loop/3
    (gen_lsp 0.10.0) lib/gen_lsp.ex:553: GenLSP.attempt/4
    (stdlib 6.2) proc_lib.erl:329: :proc_lib.init_p_do_apply/3


09:08:39.247 id=8 [debug] handled request client -> server textDocument/completion in 1006ms

09:08:39.247 [debug] handled notification client -> server textDocument/didChange in 308µs

09:08:39.247 [debug] handled notification client -> server textDocument/didChange in 102µs

09:08:39.247 [debug] handled notification client -> server textDocument/didChange in 102µs

09:08:39.247 [debug] handled notification client -> server textDocument/didChange in 205µs

09:08:39.247 [debug] handled notification client -> server textDocument/didChange in 205µs

09:08:39.497 [debug] handled notification client -> server textDocument/didChange in 717µs

09:08:40.138 [debug] handled notification client -> server textDocument/didChange in 308µs

09:08:40.701 [debug] handled notification client -> server textDocument/didChange in 307µs

09:08:52.346 [debug] handled notification client -> server textDocument/didChange in 614µs

09:08:53.378 [debug] sent notification server -> client window/logMessage

09:08:53.378 [warning] Failed to run completion request: ** (MatchError) no match of right hand side value: :timeout
    (next_ls 0.23.3) lib/next_ls.ex:631: NextLS.handle_request/2
    (gen_lsp 0.10.0) lib/gen_lsp.ex:350: anonymous fn/2 in GenLSP.loop/3
    (telemetry 1.2.1) /Users/runner/work/next-ls/next-ls/deps/telemetry/src/telemetry.erl:321: :telemetry.span/3
    (gen_lsp 0.10.0) lib/gen_lsp.ex:349: anonymous fn/7 in GenLSP.loop/3
    (gen_lsp 0.10.0) lib/gen_lsp.ex:553: GenLSP.attempt/4
    (stdlib 6.2) proc_lib.erl:329: :proc_lib.init_p_do_apply/3


09:08:53.378 id=9 [debug] handled request client -> server textDocument/completion in 1011ms

09:08:53.378 [debug] handled notification client -> server textDocument/didChange in 307µs

09:08:53.378 [debug] handled notification client -> server textDocument/didChange in 205µs

09:08:54.050 [debug] handled notification client -> server textDocument/didChange in 307µs

09:08:55.082 [debug] sent notification server -> client window/logMessage

09:08:55.082 [warning] Failed to run completion request: ** (MatchError) no match of right hand side value: :timeout
    (next_ls 0.23.3) lib/next_ls.ex:631: NextLS.handle_request/2
    (gen_lsp 0.10.0) lib/gen_lsp.ex:350: anonymous fn/2 in GenLSP.loop/3
    (telemetry 1.2.1) /Users/runner/work/next-ls/next-ls/deps/telemetry/src/telemetry.erl:321: :telemetry.span/3
    (gen_lsp 0.10.0) lib/gen_lsp.ex:349: anonymous fn/7 in GenLSP.loop/3
    (gen_lsp 0.10.0) lib/gen_lsp.ex:553: GenLSP.attempt/4
    (stdlib 6.2) proc_lib.erl:329: :proc_lib.init_p_do_apply/3


09:08:55.082 id=10 [debug] handled request client -> server textDocument/completion in 1009ms

09:08:55.082 [debug] handled notification client -> server textDocument/didChange in 205µs

09:08:55.082 [debug] handled notification client -> server textDocument/didChange in 103µs

09:08:55.082 [debug] handled notification client -> server textDocument/didChange in 205µs

09:08:55.082 [debug] handled notification client -> server textDocument/didChange in 102µs

09:08:55.332 [debug] handled notification client -> server textDocument/didChange in 307µs

09:08:55.489 [debug] handled notification client -> server textDocument/didChange in 614µs

09:08:55.645 [debug] handled notification client -> server textDocument/didChange in 307µs

09:08:55.957 [debug] handled notification client -> server textDocument/didChange in 308µs

09:08:56.223 [debug] handled notification client -> server textDocument/didChange in 307µs

09:08:56.379 [debug] handled notification client -> server textDocument/didChange in 615µs

09:08:56.786 [debug] handled notification client -> server textDocument/didChange in 512µs

09:09:05.712 [debug] handled notification client -> server textDocument/didChange in 205µs

09:09:05.853 [debug] handled notification client -> server textDocument/didChange in 102µs

09:09:06.494 [debug] handled notification client -> server textDocument/didChange in 307µs

09:09:06.666 [debug] handled notification client -> server textDocument/didChange in 512µs

09:09:07.316 [debug] handled notification client -> server textDocument/didChange in 205µs

09:09:08.746 [debug] handled notification client -> server textDocument/didChange in 204µs

09:09:10.011 [debug] handled notification client -> server textDocument/didChange in 205µs

09:09:11.027 [debug] sent notification server -> client window/logMessage

09:09:11.027 [warning] Failed to run completion request: ** (MatchError) no match of right hand side value: :timeout
    (next_ls 0.23.3) lib/next_ls.ex:631: NextLS.handle_request/2
    (gen_lsp 0.10.0) lib/gen_lsp.ex:350: anonymous fn/2 in GenLSP.loop/3
    (telemetry 1.2.1) /Users/runner/work/next-ls/next-ls/deps/telemetry/src/telemetry.erl:321: :telemetry.span/3
    (gen_lsp 0.10.0) lib/gen_lsp.ex:349: anonymous fn/7 in GenLSP.loop/3
    (gen_lsp 0.10.0) lib/gen_lsp.ex:553: GenLSP.attempt/4
    (stdlib 6.2) proc_lib.erl:329: :proc_lib.init_p_do_apply/3


09:09:11.027 id=11 [debug] handled request client -> server textDocument/completion in 1009ms

09:09:11.027 [debug] handled notification client -> server textDocument/didChange in 102µs

09:09:11.027 [debug] handled notification client -> server textDocument/didChange in 0µs

09:09:11.762 [debug] handled notification client -> server textDocument/didChange in 205µs

09:09:12.778 [debug] sent notification server -> client window/logMessage

09:09:12.778 [warning] Failed to run completion request: ** (MatchError) no match of right hand side value: :timeout
    (next_ls 0.23.3) lib/next_ls.ex:631: NextLS.handle_request/2
    (gen_lsp 0.10.0) lib/gen_lsp.ex:350: anonymous fn/2 in GenLSP.loop/3
    (telemetry 1.2.1) /Users/runner/work/next-ls/next-ls/deps/telemetry/src/telemetry.erl:321: :telemetry.span/3
    (gen_lsp 0.10.0) lib/gen_lsp.ex:349: anonymous fn/7 in GenLSP.loop/3
    (gen_lsp 0.10.0) lib/gen_lsp.ex:553: GenLSP.attempt/4
    (stdlib 6.2) proc_lib.erl:329: :proc_lib.init_p_do_apply/3


09:09:12.778 id=12 [debug] handled request client -> server textDocument/completion in 1010ms

09:09:12.778 [debug] handled notification client -> server textDocument/didChange in 102µs

09:09:12.778 [debug] handled notification client -> server textDocument/didChange in 205µs

09:09:12.778 [debug] handled notification client -> server textDocument/didChange in 308µs

09:09:12.778 [debug] handled notification client -> server textDocument/didChange in 102µs

09:09:12.778 [debug] handled notification client -> server textDocument/didChange in 103µs

09:09:12.778 [debug] handled notification client -> server textDocument/didChange in 205µs

09:09:12.872 [debug] handled notification client -> server textDocument/didChange in 205µs

09:09:13.028 [debug] handled notification client -> server textDocument/didChange in 103µs

09:09:13.059 [debug] handled notification client -> server textDocument/didChange in 307µs

09:09:14.075 [debug] sent notification server -> client window/logMessage

09:09:14.075 [warning] Failed to run completion request: ** (MatchError) no match of right hand side value: :timeout
    (next_ls 0.23.3) lib/next_ls.ex:631: NextLS.handle_request/2
    (gen_lsp 0.10.0) lib/gen_lsp.ex:350: anonymous fn/2 in GenLSP.loop/3
    (telemetry 1.2.1) /Users/runner/work/next-ls/next-ls/deps/telemetry/src/telemetry.erl:321: :telemetry.span/3
    (gen_lsp 0.10.0) lib/gen_lsp.ex:349: anonymous fn/7 in GenLSP.loop/3
    (gen_lsp 0.10.0) lib/gen_lsp.ex:553: GenLSP.attempt/4
    (stdlib 6.2) proc_lib.erl:329: :proc_lib.init_p_do_apply/3


09:09:14.075 id=13 [debug] handled request client -> server textDocument/completion in 1009ms

09:09:14.075 [debug] handled notification client -> server textDocument/didChange in 205µs

09:09:14.075 [debug] handled notification client -> server textDocument/didChange in 103µs

09:09:14.075 [debug] handled notification client -> server $/cancelRequest in 0µs

09:09:14.075 [debug] handled notification client -> server textDocument/didChange in 102µs

09:09:15.091 [debug] sent notification server -> client window/logMessage

09:09:15.091 [warning] Failed to run completion request: ** (MatchError) no match of right hand side value: :timeout
    (next_ls 0.23.3) lib/next_ls.ex:631: NextLS.handle_request/2
    (gen_lsp 0.10.0) lib/gen_lsp.ex:350: anonymous fn/2 in GenLSP.loop/3
    (telemetry 1.2.1) /Users/runner/work/next-ls/next-ls/deps/telemetry/src/telemetry.erl:321: :telemetry.span/3
    (gen_lsp 0.10.0) lib/gen_lsp.ex:349: anonymous fn/7 in GenLSP.loop/3
    (gen_lsp 0.10.0) lib/gen_lsp.ex:553: GenLSP.attempt/4
    (stdlib 6.2) proc_lib.erl:329: :proc_lib.init_p_do_apply/3


09:09:15.091 id=14 [debug] handled request client -> server textDocument/completion in 1015ms

09:09:15.091 [debug] handled notification client -> server textDocument/didChange in 103µs

09:09:15.091 [debug] handled notification client -> server $/cancelRequest in 0µs

09:09:16.107 [debug] sent notification server -> client window/logMessage

09:09:16.107 [warning] Failed to run completion request: ** (MatchError) no match of right hand side value: :timeout
    (next_ls 0.23.3) lib/next_ls.ex:631: NextLS.handle_request/2
    (gen_lsp 0.10.0) lib/gen_lsp.ex:350: anonymous fn/2 in GenLSP.loop/3
    (telemetry 1.2.1) /Users/runner/work/next-ls/next-ls/deps/telemetry/src/telemetry.erl:321: :telemetry.span/3
    (gen_lsp 0.10.0) lib/gen_lsp.ex:349: anonymous fn/7 in GenLSP.loop/3
    (gen_lsp 0.10.0) lib/gen_lsp.ex:553: GenLSP.attempt/4
    (stdlib 6.2) proc_lib.erl:329: :proc_lib.init_p_do_apply/3


09:09:16.107 id=15 [debug] handled request client -> server textDocument/completion in 1015ms

09:09:16.107 [debug] handled notification client -> server textDocument/didChange in 102µs

09:09:16.107 [debug] handled notification client -> server textDocument/didChange in 103µs

09:09:16.107 [debug] handled notification client -> server textDocument/didChange in 0µs

09:09:16.107 [debug] handled notification client -> server textDocument/didChange in 102µs

09:09:16.107 [debug] handled notification client -> server textDocument/didChange in 103µs

09:09:16.107 [debug] handled notification client -> server textDocument/didChange in 102µs

09:09:18.577 [debug] handled notification client -> server textDocument/didChange in 205µs

09:09:18.749 [debug] handled notification client -> server textDocument/didChange in 205µs

09:09:18.858 [debug] handled notification client -> server textDocument/didChange in 205µs

09:09:19.874 [debug] sent notification server -> client window/logMessage

09:09:19.874 [warning] Failed to run completion request: ** (MatchError) no match of right hand side value: :timeout
    (next_ls 0.23.3) lib/next_ls.ex:631: NextLS.handle_request/2
    (gen_lsp 0.10.0) lib/gen_lsp.ex:350: anonymous fn/2 in GenLSP.loop/3
    (telemetry 1.2.1) /Users/runner/work/next-ls/next-ls/deps/telemetry/src/telemetry.erl:321: :telemetry.span/3
    (gen_lsp 0.10.0) lib/gen_lsp.ex:349: anonymous fn/7 in GenLSP.loop/3
    (gen_lsp 0.10.0) lib/gen_lsp.ex:553: GenLSP.attempt/4
    (stdlib 6.2) proc_lib.erl:329: :proc_lib.init_p_do_apply/3


09:09:19.874 id=16 [debug] handled request client -> server textDocument/completion in 1005ms

09:09:19.874 [debug] handled notification client -> server textDocument/didChange in 205µs

09:09:19.874 [debug] handled notification client -> server textDocument/didChange in 102µs

09:09:19.874 [debug] handled notification client -> server textDocument/didChange in 103µs

09:09:19.874 [debug] handled notification client -> server textDocument/didChange in 103µs

09:09:20.015 [debug] handled notification client -> server textDocument/didChange in 410µs

09:09:20.218 [debug] handled notification client -> server textDocument/didChange in 204µs

09:09:20.515 [debug] handled notification client -> server textDocument/didChange in 410µs

09:09:21.530 [debug] sent notification server -> client window/logMessage

09:09:21.530 [warning] Failed to run completion request: ** (MatchError) no match of right hand side value: :timeout
    (next_ls 0.23.3) lib/next_ls.ex:631: NextLS.handle_request/2
    (gen_lsp 0.10.0) lib/gen_lsp.ex:350: anonymous fn/2 in GenLSP.loop/3
    (telemetry 1.2.1) /Users/runner/work/next-ls/next-ls/deps/telemetry/src/telemetry.erl:321: :telemetry.span/3
    (gen_lsp 0.10.0) lib/gen_lsp.ex:349: anonymous fn/7 in GenLSP.loop/3
    (gen_lsp 0.10.0) lib/gen_lsp.ex:553: GenLSP.attempt/4
    (stdlib 6.2) proc_lib.erl:329: :proc_lib.init_p_do_apply/3


09:09:21.530 id=17 [debug] handled request client -> server textDocument/completion in 1004ms

09:09:21.530 [debug] handled notification client -> server textDocument/didChange in 205µs

09:09:21.530 [debug] handled notification client -> server textDocument/didChange in 205µs

09:09:21.530 [debug] handled notification client -> server textDocument/didChange in 204µs

09:09:21.530 [debug] handled notification client -> server $/cancelRequest in 103µs

09:09:22.533 [debug] sent notification server -> client window/logMessage

09:09:22.533 [warning] Failed to run completion request: ** (MatchError) no match of right hand side value: :timeout
    (next_ls 0.23.3) lib/next_ls.ex:631: NextLS.handle_request/2
    (gen_lsp 0.10.0) lib/gen_lsp.ex:350: anonymous fn/2 in GenLSP.loop/3
    (telemetry 1.2.1) /Users/runner/work/next-ls/next-ls/deps/telemetry/src/telemetry.erl:321: :telemetry.span/3
    (gen_lsp 0.10.0) lib/gen_lsp.ex:349: anonymous fn/7 in GenLSP.loop/3
    (gen_lsp 0.10.0) lib/gen_lsp.ex:553: GenLSP.attempt/4
    (stdlib 6.2) proc_lib.erl:329: :proc_lib.init_p_do_apply/3


09:09:22.533 id=18 [debug] handled request client -> server textDocument/completion in 1001ms

09:09:22.533 [debug] handled notification client -> server textDocument/didChange in 205µs

09:09:22.533 [debug] handled notification client -> server textDocument/didChange in 102µs

09:09:22.533 [debug] handled notification client -> server textDocument/didChange in 103µs

09:09:22.533 [debug] handled notification client -> server textDocument/didChange in 102µs

09:09:22.533 [debug] handled notification client -> server $/cancelRequest in 0µs

09:09:23.546 id=19 [debug] handled request client -> server textDocument/completion in 1013ms

09:09:23.546 [debug] sent notification server -> client window/logMessage

09:09:23.546 [debug] handled notification client -> server textDocument/didChange in 205µs

09:09:23.546 [warning] Failed to run completion request: ** (MatchError) no match of right hand side value: :timeout
    (next_ls 0.23.3) lib/next_ls.ex:631: NextLS.handle_request/2
    (gen_lsp 0.10.0) lib/gen_lsp.ex:350: anonymous fn/2 in GenLSP.loop/3
    (telemetry 1.2.1) /Users/runner/work/next-ls/next-ls/deps/telemetry/src/telemetry.erl:321: :telemetry.span/3
    (gen_lsp 0.10.0) lib/gen_lsp.ex:349: anonymous fn/7 in GenLSP.loop/3
    (gen_lsp 0.10.0) lib/gen_lsp.ex:553: GenLSP.attempt/4
    (stdlib 6.2) proc_lib.erl:329: :proc_lib.init_p_do_apply/3


09:09:23.546 [debug] handled notification client -> server textDocument/didChange in 205µs

09:09:23.546 [debug] handled notification client -> server textDocument/didChange in 204µs

09:09:23.546 [debug] handled notification client -> server $/cancelRequest in 103µs

09:09:24.563 [debug] sent notification server -> client window/logMessage

09:09:24.563 id=20 [debug] handled request client -> server textDocument/completion in 1014ms

09:09:24.563 [warning] Failed to run completion request: ** (MatchError) no match of right hand side value: :timeout
    (next_ls 0.23.3) lib/next_ls.ex:631: NextLS.handle_request/2
    (gen_lsp 0.10.0) lib/gen_lsp.ex:350: anonymous fn/2 in GenLSP.loop/3
    (telemetry 1.2.1) /Users/runner/work/next-ls/next-ls/deps/telemetry/src/telemetry.erl:321: :telemetry.span/3
    (gen_lsp 0.10.0) lib/gen_lsp.ex:349: anonymous fn/7 in GenLSP.loop/3
    (gen_lsp 0.10.0) lib/gen_lsp.ex:553: GenLSP.attempt/4
    (stdlib 6.2) proc_lib.erl:329: :proc_lib.init_p_do_apply/3


09:09:24.563 [debug] handled notification client -> server textDocument/didChange in 102µs

09:09:24.563 [debug] handled notification client -> server textDocument/didChange in 102µs

09:09:24.563 [debug] handled notification client -> server textDocument/didChange in 103µs

09:09:24.563 [debug] handled notification client -> server textDocument/didSave in 102µs

09:09:24.563 [debug] handled notification client -> server workspace/didChangeWatchedFiles in 307µs

09:09:24.641 [debug] handled notification client -> server workspace/didChangeWatchedFiles in 204µs

09:09:26.063 [debug] handled notification client -> server textDocument/didChange in 717µs

09:09:26.220 [debug] handled notification client -> server textDocument/didChange in 205µs

09:09:27.111 [debug] handled notification client -> server textDocument/didChange in 204µs

09:09:27.236 [debug] handled notification client -> server textDocument/didChange in 205µs

09:09:28.251 [debug] sent notification server -> client window/logMessage

09:09:28.251 id=21 [debug] handled request client -> server textDocument/completion in 1015ms

09:09:28.251 [warning] Failed to run completion request: ** (MatchError) no match of right hand side value: :timeout
    (next_ls 0.23.3) lib/next_ls.ex:631: NextLS.handle_request/2
    (gen_lsp 0.10.0) lib/gen_lsp.ex:350: anonymous fn/2 in GenLSP.loop/3
    (telemetry 1.2.1) /Users/runner/work/next-ls/next-ls/deps/telemetry/src/telemetry.erl:321: :telemetry.span/3
    (gen_lsp 0.10.0) lib/gen_lsp.ex:349: anonymous fn/7 in GenLSP.loop/3
    (gen_lsp 0.10.0) lib/gen_lsp.ex:553: GenLSP.attempt/4
    (stdlib 6.2) proc_lib.erl:329: :proc_lib.init_p_do_apply/3


09:09:28.251 [debug] handled notification client -> server textDocument/didChange in 205µs

09:09:28.251 [debug] handled notification client -> server textDocument/didChange in 307µs

09:09:28.470 [debug] handled notification client -> server textDocument/didChange in 308µs

09:09:28.627 [debug] handled notification client -> server textDocument/didChange in 307µs

09:09:28.783 [debug] handled notification client -> server textDocument/didChange in 717µs

09:09:29.815 [debug] sent notification server -> client window/logMessage

09:09:29.815 id=22 [debug] handled request client -> server textDocument/completion in 1016ms

09:09:29.815 [warning] Failed to run completion request: ** (MatchError) no match of right hand side value: :timeout
    (next_ls 0.23.3) lib/next_ls.ex:631: NextLS.handle_request/2
    (gen_lsp 0.10.0) lib/gen_lsp.ex:350: anonymous fn/2 in GenLSP.loop/3
    (telemetry 1.2.1) /Users/runner/work/next-ls/next-ls/deps/telemetry/src/telemetry.erl:321: :telemetry.span/3
    (gen_lsp 0.10.0) lib/gen_lsp.ex:349: anonymous fn/7 in GenLSP.loop/3
    (gen_lsp 0.10.0) lib/gen_lsp.ex:553: GenLSP.attempt/4
    (stdlib 6.2) proc_lib.erl:329: :proc_lib.init_p_do_apply/3


09:09:29.815 [debug] handled notification client -> server textDocument/didChange in 102µs

09:09:29.815 [debug] handled notification client -> server textDocument/didChange in 103µs

09:09:29.862 [debug] handled notification client -> server textDocument/didChange in 307µs

09:09:30.018 [debug] handled notification client -> server textDocument/didChange in 205µs

09:09:30.502 [debug] handled notification client -> server textDocument/didChange in 410µs

09:09:30.674 [debug] handled notification client -> server textDocument/didChange in 102µs

09:09:30.893 [debug] handled notification client -> server textDocument/didChange in 205µs

09:09:31.127 [debug] handled notification client -> server textDocument/didChange in 307µs

09:09:31.330 [debug] handled notification client -> server textDocument/didChange in 307µs

09:09:32.347 [debug] sent notification server -> client window/logMessage

09:09:32.347 [warning] Failed to run completion request: ** (MatchError) no match of right hand side value: :timeout
    (next_ls 0.23.3) lib/next_ls.ex:631: NextLS.handle_request/2
    (gen_lsp 0.10.0) lib/gen_lsp.ex:350: anonymous fn/2 in GenLSP.loop/3
    (telemetry 1.2.1) /Users/runner/work/next-ls/next-ls/deps/telemetry/src/telemetry.erl:321: :telemetry.span/3
    (gen_lsp 0.10.0) lib/gen_lsp.ex:349: anonymous fn/7 in GenLSP.loop/3
    (gen_lsp 0.10.0) lib/gen_lsp.ex:553: GenLSP.attempt/4
    (stdlib 6.2) proc_lib.erl:329: :proc_lib.init_p_do_apply/3


09:09:32.347 id=23 [debug] handled request client -> server textDocument/completion in 1010ms

09:09:32.347 [debug] handled notification client -> server textDocument/didChange in 103µs

09:09:32.347 [debug] handled notification client -> server textDocument/didChange in 205µs

09:09:32.347 [debug] handled notification client -> server textDocument/didChange in 204µs

09:09:32.347 [debug] handled notification client -> server textDocument/didChange in 103µs

09:10:20.765 [debug] handled notification client -> server textDocument/didChange in 307µs

09:10:21.950 [debug] handled notification client -> server textDocument/didChange in 103µs

09:10:22.106 [debug] handled notification client -> server textDocument/didChange in 307µs

09:10:22.263 [debug] handled notification client -> server textDocument/didChange in 307µs

09:10:24.358 [debug] handled notification client -> server textDocument/didChange in 205µs

09:10:24.498 [debug] handled notification client -> server textDocument/didChange in 103µs

09:10:25.607 [debug] handled notification client -> server textDocument/didChange in 512µs

09:10:26.998 [debug] handled notification client -> server textDocument/didChange in 205µs

09:10:28.187 [debug] handled notification client -> server textDocument/didChange in 717µs

09:10:30.063 [debug] handled notification client -> server textDocument/didChange in 512µs

09:10:30.219 [debug] handled notification client -> server textDocument/didChange in 410µs

09:10:31.250 [debug] sent notification server -> client window/logMessage

09:10:31.250 [warning] Failed to run completion request: ** (MatchError) no match of right hand side value: :timeout
    (next_ls 0.23.3) lib/next_ls.ex:631: NextLS.handle_request/2
    (gen_lsp 0.10.0) lib/gen_lsp.ex:350: anonymous fn/2 in GenLSP.loop/3
    (telemetry 1.2.1) /Users/runner/work/next-ls/next-ls/deps/telemetry/src/telemetry.erl:321: :telemetry.span/3
    (gen_lsp 0.10.0) lib/gen_lsp.ex:349: anonymous fn/7 in GenLSP.loop/3
    (gen_lsp 0.10.0) lib/gen_lsp.ex:553: GenLSP.attempt/4
    (stdlib 6.2) proc_lib.erl:329: :proc_lib.init_p_do_apply/3


09:10:31.250 id=24 [debug] handled request client -> server textDocument/completion in 1016ms

09:10:31.250 [debug] handled notification client -> server textDocument/didChange in 205µs

09:10:31.250 [debug] handled notification client -> server $/cancelRequest in 0µs

09:10:31.250 [debug] handled notification client -> server textDocument/didChange in 204µs

09:10:32.267 [debug] sent notification server -> client window/logMessage

09:10:32.267 [warning] Failed to run completion request: ** (MatchError) no match of right hand side value: :timeout
    (next_ls 0.23.3) lib/next_ls.ex:631: NextLS.handle_request/2
    (gen_lsp 0.10.0) lib/gen_lsp.ex:350: anonymous fn/2 in GenLSP.loop/3
    (telemetry 1.2.1) /Users/runner/work/next-ls/next-ls/deps/telemetry/src/telemetry.erl:321: :telemetry.span/3
    (gen_lsp 0.10.0) lib/gen_lsp.ex:349: anonymous fn/7 in GenLSP.loop/3
    (gen_lsp 0.10.0) lib/gen_lsp.ex:553: GenLSP.attempt/4
    (stdlib 6.2) proc_lib.erl:329: :proc_lib.init_p_do_apply/3


09:10:32.267 id=25 [debug] handled request client -> server textDocument/completion in 1014ms

09:10:32.267 [debug] handled notification client -> server textDocument/didChange in 409µs

09:10:32.267 [debug] handled notification client -> server $/cancelRequest in 103µs

09:10:33.282 [debug] sent notification server -> client window/logMessage

09:10:33.282 [warning] Failed to run completion request: ** (MatchError) no match of right hand side value: :timeout
    (next_ls 0.23.3) lib/next_ls.ex:631: NextLS.handle_request/2
    (gen_lsp 0.10.0) lib/gen_lsp.ex:350: anonymous fn/2 in GenLSP.loop/3
    (telemetry 1.2.1) /Users/runner/work/next-ls/next-ls/deps/telemetry/src/telemetry.erl:321: :telemetry.span/3
    (gen_lsp 0.10.0) lib/gen_lsp.ex:349: anonymous fn/7 in GenLSP.loop/3
    (gen_lsp 0.10.0) lib/gen_lsp.ex:553: GenLSP.attempt/4
    (stdlib 6.2) proc_lib.erl:329: :proc_lib.init_p_do_apply/3


09:10:33.282 id=26 [debug] handled request client -> server textDocument/completion in 1015ms

09:10:33.282 [debug] handled notification client -> server textDocument/didChange in 102µs

09:10:33.282 [debug] handled notification client -> server textDocument/didChange in 103µs

09:10:33.282 [debug] handled notification client -> server textDocument/didChange in 102µs

09:10:33.282 [debug] handled notification client -> server textDocument/didChange in 103µs

09:10:33.282 [debug] handled notification client -> server $/cancelRequest in 0µs

09:10:34.298 [debug] sent notification server -> client window/logMessage

09:10:34.298 id=27 [debug] handled request client -> server textDocument/completion in 1015ms

09:10:34.298 [warning] Failed to run completion request: ** (MatchError) no match of right hand side value: :timeout
    (next_ls 0.23.3) lib/next_ls.ex:631: NextLS.handle_request/2
    (gen_lsp 0.10.0) lib/gen_lsp.ex:350: anonymous fn/2 in GenLSP.loop/3
    (telemetry 1.2.1) /Users/runner/work/next-ls/next-ls/deps/telemetry/src/telemetry.erl:321: :telemetry.span/3
    (gen_lsp 0.10.0) lib/gen_lsp.ex:349: anonymous fn/7 in GenLSP.loop/3
    (gen_lsp 0.10.0) lib/gen_lsp.ex:553: GenLSP.attempt/4
    (stdlib 6.2) proc_lib.erl:329: :proc_lib.init_p_do_apply/3


09:10:34.298 [debug] handled notification client -> server textDocument/didChange in 103µs

09:10:34.298 [debug] handled notification client -> server textDocument/didChange in 205µs

09:10:34.298 [debug] handled notification client -> server textDocument/didChange in 102µs

09:10:34.298 [debug] handled notification client -> server $/cancelRequest in 0µs

09:10:35.314 id=28 [debug] handled request client -> server textDocument/completion in 1015ms

09:10:35.314 [debug] sent notification server -> client window/logMessage

09:10:35.314 [warning] Failed to run completion request: ** (MatchError) no match of right hand side value: :timeout
    (next_ls 0.23.3) lib/next_ls.ex:631: NextLS.handle_request/2
    (gen_lsp 0.10.0) lib/gen_lsp.ex:350: anonymous fn/2 in GenLSP.loop/3
    (telemetry 1.2.1) /Users/runner/work/next-ls/next-ls/deps/telemetry/src/telemetry.erl:321: :telemetry.span/3
    (gen_lsp 0.10.0) lib/gen_lsp.ex:349: anonymous fn/7 in GenLSP.loop/3
    (gen_lsp 0.10.0) lib/gen_lsp.ex:553: GenLSP.attempt/4
    (stdlib 6.2) proc_lib.erl:329: :proc_lib.init_p_do_apply/3


09:10:35.314 [debug] handled notification client -> server textDocument/didChange in 205µs

09:10:35.314 [debug] handled notification client -> server textDocument/didChange in 204µs

09:10:35.314 [debug] handled notification client -> server textDocument/didChange in 103µs

09:10:35.314 [debug] handled notification client -> server textDocument/didChange in 103µs

09:10:35.564 [debug] handled notification client -> server textDocument/didChange in 716µs

09:10:35.721 [debug] handled notification client -> server textDocument/didChange in 205µs

09:10:36.315 [debug] handled notification client -> server textDocument/didChange in 205µs

09:10:36.471 [debug] handled notification client -> server textDocument/didChange in 307µs

09:10:36.627 [debug] handled notification client -> server textDocument/didChange in 205µs

09:10:39.394 [debug] handled notification client -> server textDocument/didChange in 716µs

09:10:40.409 [debug] sent notification server -> client window/logMessage

09:10:40.409 [warning] Failed to run completion request: ** (MatchError) no match of right hand side value: :timeout
    (next_ls 0.23.3) lib/next_ls.ex:631: NextLS.handle_request/2
    (gen_lsp 0.10.0) lib/gen_lsp.ex:350: anonymous fn/2 in GenLSP.loop/3
    (telemetry 1.2.1) /Users/runner/work/next-ls/next-ls/deps/telemetry/src/telemetry.erl:321: :telemetry.span/3
    (gen_lsp 0.10.0) lib/gen_lsp.ex:349: anonymous fn/7 in GenLSP.loop/3
    (gen_lsp 0.10.0) lib/gen_lsp.ex:553: GenLSP.attempt/4
    (stdlib 6.2) proc_lib.erl:329: :proc_lib.init_p_do_apply/3


09:10:40.409 id=29 [debug] handled request client -> server textDocument/completion in 1009ms

09:10:40.409 [debug] handled notification client -> server textDocument/didChange in 205µs

09:10:40.409 [debug] handled notification client -> server textDocument/didChange in 204µs

09:10:40.409 [debug] handled notification client -> server textDocument/didChange in 205µs

09:10:40.409 [debug] handled notification client -> server textDocument/didChange in 103µs

09:10:40.409 [debug] handled notification client -> server textDocument/didChange in 204µs

09:10:42.596 [debug] handled notification client -> server textDocument/didChange in 205µs

09:10:43.630 id=30 [debug] handled request client -> server textDocument/completion in 1016ms

09:10:43.630 [debug] sent notification server -> client window/logMessage

09:10:43.630 [warning] Failed to run completion request: ** (MatchError) no match of right hand side value: :timeout
    (next_ls 0.23.3) lib/next_ls.ex:631: NextLS.handle_request/2
    (gen_lsp 0.10.0) lib/gen_lsp.ex:350: anonymous fn/2 in GenLSP.loop/3
    (telemetry 1.2.1) /Users/runner/work/next-ls/next-ls/deps/telemetry/src/telemetry.erl:321: :telemetry.span/3
    (gen_lsp 0.10.0) lib/gen_lsp.ex:349: anonymous fn/7 in GenLSP.loop/3
    (gen_lsp 0.10.0) lib/gen_lsp.ex:553: GenLSP.attempt/4
    (stdlib 6.2) proc_lib.erl:329: :proc_lib.init_p_do_apply/3


09:10:43.630 [debug] handled notification client -> server textDocument/didChange in 103µs

09:10:43.630 [debug] handled notification client -> server $/cancelRequest in 0µs

09:10:44.646 id=31 [debug] handled request client -> server textDocument/completion in 1015ms

09:10:44.646 [debug] sent notification server -> client window/logMessage

09:10:44.646 [warning] Failed to run completion request: ** (MatchError) no match of right hand side value: :timeout
    (next_ls 0.23.3) lib/next_ls.ex:631: NextLS.handle_request/2
    (gen_lsp 0.10.0) lib/gen_lsp.ex:350: anonymous fn/2 in GenLSP.loop/3
    (telemetry 1.2.1) /Users/runner/work/next-ls/next-ls/deps/telemetry/src/telemetry.erl:321: :telemetry.span/3
    (gen_lsp 0.10.0) lib/gen_lsp.ex:349: anonymous fn/7 in GenLSP.loop/3
    (gen_lsp 0.10.0) lib/gen_lsp.ex:553: GenLSP.attempt/4
    (stdlib 6.2) proc_lib.erl:329: :proc_lib.init_p_do_apply/3


09:10:44.646 [debug] handled notification client -> server textDocument/didChange in 307µs

09:10:44.646 [debug] handled notification client -> server textDocument/didChange in 205µs

09:10:44.646 [debug] handled notification client -> server textDocument/didChange in 102µs

09:10:44.646 [debug] handled notification client -> server textDocument/didChange in 205µs

09:10:44.646 [debug] handled notification client -> server textDocument/didChange in 102µs

09:10:44.646 [debug] handled notification client -> server textDocument/didChange in 409µs

09:10:44.802 [debug] handled notification client -> server textDocument/didChange in 204µs

09:10:46.006 [debug] handled notification client -> server textDocument/didChange in 410µs

09:10:46.131 [debug] handled notification client -> server textDocument/didChange in 205µs

09:10:47.143 [debug] sent notification server -> client window/logMessage

09:10:47.143 [warning] Failed to run completion request: ** (MatchError) no match of right hand side value: :timeout
    (next_ls 0.23.3) lib/next_ls.ex:631: NextLS.handle_request/2
    (gen_lsp 0.10.0) lib/gen_lsp.ex:350: anonymous fn/2 in GenLSP.loop/3
    (telemetry 1.2.1) /Users/runner/work/next-ls/next-ls/deps/telemetry/src/telemetry.erl:321: :telemetry.span/3
    (gen_lsp 0.10.0) lib/gen_lsp.ex:349: anonymous fn/7 in GenLSP.loop/3
    (gen_lsp 0.10.0) lib/gen_lsp.ex:553: GenLSP.attempt/4
    (stdlib 6.2) proc_lib.erl:329: :proc_lib.init_p_do_apply/3


09:10:47.143 id=32 [debug] handled request client -> server textDocument/completion in 1002ms

09:10:47.143 [debug] handled notification client -> server textDocument/didChange in 205µs

09:10:47.143 [debug] handled notification client -> server textDocument/didChange in 307µs

09:10:47.206 [debug] handled notification client -> server textDocument/didChange in 205µs

09:10:48.241 id=33 [debug] handled request client -> server textDocument/completion in 1016ms

09:10:48.241 [debug] sent notification server -> client window/logMessage

09:10:48.241 [warning] Failed to run completion request: ** (MatchError) no match of right hand side value: :timeout
    (next_ls 0.23.3) lib/next_ls.ex:631: NextLS.handle_request/2
    (gen_lsp 0.10.0) lib/gen_lsp.ex:350: anonymous fn/2 in GenLSP.loop/3
    (telemetry 1.2.1) /Users/runner/work/next-ls/next-ls/deps/telemetry/src/telemetry.erl:321: :telemetry.span/3
    (gen_lsp 0.10.0) lib/gen_lsp.ex:349: anonymous fn/7 in GenLSP.loop/3
    (gen_lsp 0.10.0) lib/gen_lsp.ex:553: GenLSP.attempt/4
    (stdlib 6.2) proc_lib.erl:329: :proc_lib.init_p_do_apply/3


09:10:49.617 [debug] handled notification client -> server textDocument/didChange in 205µs

09:10:50.961 [debug] handled notification client -> server textDocument/didChange in 204µs

09:10:51.118 [debug] handled notification client -> server textDocument/didChange in 307µs

09:10:54.854 [debug] handled notification client -> server textDocument/didChange in 615µs

09:10:55.870 [debug] sent notification server -> client window/logMessage

09:10:55.870 id=34 [debug] handled request client -> server textDocument/completion in 1009ms

09:10:55.870 [warning] Failed to run completion request: ** (MatchError) no match of right hand side value: :timeout
    (next_ls 0.23.3) lib/next_ls.ex:631: NextLS.handle_request/2
    (gen_lsp 0.10.0) lib/gen_lsp.ex:350: anonymous fn/2 in GenLSP.loop/3
    (telemetry 1.2.1) /Users/runner/work/next-ls/next-ls/deps/telemetry/src/telemetry.erl:321: :telemetry.span/3
    (gen_lsp 0.10.0) lib/gen_lsp.ex:349: anonymous fn/7 in GenLSP.loop/3
    (gen_lsp 0.10.0) lib/gen_lsp.ex:553: GenLSP.attempt/4
    (stdlib 6.2) proc_lib.erl:329: :proc_lib.init_p_do_apply/3


09:10:56.542 [debug] handled notification client -> server textDocument/didChange in 103µs

09:10:57.558 id=35 [debug] handled request client -> server textDocument/completion in 1005ms

09:10:57.558 [debug] sent notification server -> client window/logMessage

09:10:57.558 [debug] handled notification client -> server textDocument/didChange in 205µs

09:10:57.558 [warning] Failed to run completion request: ** (MatchError) no match of right hand side value: :timeout
    (next_ls 0.23.3) lib/next_ls.ex:631: NextLS.handle_request/2
    (gen_lsp 0.10.0) lib/gen_lsp.ex:350: anonymous fn/2 in GenLSP.loop/3
    (telemetry 1.2.1) /Users/runner/work/next-ls/next-ls/deps/telemetry/src/telemetry.erl:321: :telemetry.span/3
    (gen_lsp 0.10.0) lib/gen_lsp.ex:349: anonymous fn/7 in GenLSP.loop/3
    (gen_lsp 0.10.0) lib/gen_lsp.ex:553: GenLSP.attempt/4
    (stdlib 6.2) proc_lib.erl:329: :proc_lib.init_p_do_apply/3


09:10:57.699 [debug] handled notification client -> server textDocument/didChange in 205µs

09:10:58.730 [debug] sent notification server -> client window/logMessage

09:10:58.730 [warning] Failed to run completion request: ** (MatchError) no match of right hand side value: :timeout
    (next_ls 0.23.3) lib/next_ls.ex:631: NextLS.handle_request/2
    (gen_lsp 0.10.0) lib/gen_lsp.ex:350: anonymous fn/2 in GenLSP.loop/3
    (telemetry 1.2.1) /Users/runner/work/next-ls/next-ls/deps/telemetry/src/telemetry.erl:321: :telemetry.span/3
    (gen_lsp 0.10.0) lib/gen_lsp.ex:349: anonymous fn/7 in GenLSP.loop/3
    (gen_lsp 0.10.0) lib/gen_lsp.ex:553: GenLSP.attempt/4
    (stdlib 6.2) proc_lib.erl:329: :proc_lib.init_p_do_apply/3


09:10:58.730 id=36 [debug] handled request client -> server textDocument/completion in 1017ms

09:10:58.730 [debug] handled notification client -> server textDocument/didChange in 307µs

09:10:58.730 [debug] handled notification client -> server textDocument/didChange in 205µs

09:10:58.730 [debug] handled notification client -> server $/cancelRequest in 0µs

09:10:59.746 [debug] sent notification server -> client window/logMessage

09:10:59.746 [warning] Failed to run completion request: ** (MatchError) no match of right hand side value: :timeout
    (next_ls 0.23.3) lib/next_ls.ex:631: NextLS.handle_request/2
    (gen_lsp 0.10.0) lib/gen_lsp.ex:350: anonymous fn/2 in GenLSP.loop/3
    (telemetry 1.2.1) /Users/runner/work/next-ls/next-ls/deps/telemetry/src/telemetry.erl:321: :telemetry.span/3
    (gen_lsp 0.10.0) lib/gen_lsp.ex:349: anonymous fn/7 in GenLSP.loop/3
    (gen_lsp 0.10.0) lib/gen_lsp.ex:553: GenLSP.attempt/4
    (stdlib 6.2) proc_lib.erl:329: :proc_lib.init_p_do_apply/3


09:10:59.746 id=37 [debug] handled request client -> server textDocument/completion in 1013ms

09:10:59.746 [debug] handled notification client -> server textDocument/didChange in 205µs

09:10:59.746 [debug] handled notification client -> server $/cancelRequest in 0µs

09:11:00.763 [debug] sent notification server -> client window/logMessage

09:11:00.763 id=38 [debug] handled request client -> server textDocument/completion in 1016ms

09:11:00.763 [warning] Failed to run completion request: ** (MatchError) no match of right hand side value: :timeout
    (next_ls 0.23.3) lib/next_ls.ex:631: NextLS.handle_request/2
    (gen_lsp 0.10.0) lib/gen_lsp.ex:350: anonymous fn/2 in GenLSP.loop/3
    (telemetry 1.2.1) /Users/runner/work/next-ls/next-ls/deps/telemetry/src/telemetry.erl:321: :telemetry.span/3
    (gen_lsp 0.10.0) lib/gen_lsp.ex:349: anonymous fn/7 in GenLSP.loop/3
    (gen_lsp 0.10.0) lib/gen_lsp.ex:553: GenLSP.attempt/4
    (stdlib 6.2) proc_lib.erl:329: :proc_lib.init_p_do_apply/3


09:11:00.763 [debug] handled notification client -> server textDocument/didChange in 102µs

09:11:00.763 [debug] handled notification client -> server textDocument/didChange in 103µs

09:11:00.763 [debug] handled notification client -> server textDocument/didChange in 102µs

09:11:00.763 [debug] handled notification client -> server textDocument/didChange in 0µs

09:11:00.763 [debug] handled notification client -> server textDocument/didChange in 0µs

09:11:00.763 [debug] handled notification client -> server $/cancelRequest in 0µs

09:11:00.763 [debug] handled notification client -> server textDocument/didChange in 102µs

09:11:01.779 id=39 [debug] handled request client -> server textDocument/completion in 1014ms

09:11:01.779 [debug] sent notification server -> client window/logMessage

09:11:01.779 [warning] Failed to run completion request: ** (MatchError) no match of right hand side value: :timeout
    (next_ls 0.23.3) lib/next_ls.ex:631: NextLS.handle_request/2
    (gen_lsp 0.10.0) lib/gen_lsp.ex:350: anonymous fn/2 in GenLSP.loop/3
    (telemetry 1.2.1) /Users/runner/work/next-ls/next-ls/deps/telemetry/src/telemetry.erl:321: :telemetry.span/3
    (gen_lsp 0.10.0) lib/gen_lsp.ex:349: anonymous fn/7 in GenLSP.loop/3
    (gen_lsp 0.10.0) lib/gen_lsp.ex:553: GenLSP.attempt/4
    (stdlib 6.2) proc_lib.erl:329: :proc_lib.init_p_do_apply/3


09:11:01.779 [debug] handled notification client -> server textDocument/didChange in 103µs

09:11:01.779 [debug] handled notification client -> server textDocument/didChange in 204µs

09:11:01.779 [debug] handled notification client -> server textDocument/didChange in 103µs

09:11:01.779 [debug] handled notification client -> server textDocument/didChange in 102µs

09:11:01.779 [debug] handled notification client -> server textDocument/didChange in 103µs

09:11:01.779 [debug] handled notification client -> server textDocument/didChange in 102µs

09:11:01.779 [debug] handled notification client -> server textDocument/didChange in 102µs

09:11:01.779 [debug] handled notification client -> server textDocument/didChange in 103µs

09:11:01.826 [debug] handled notification client -> server textDocument/didChange in 205µs

09:11:01.872 [debug] handled notification client -> server textDocument/didChange in 205µs

09:11:02.888 [debug] sent notification server -> client window/logMessage

09:11:02.888 [warning] Failed to run completion request: ** (MatchError) no match of right hand side value: :timeout
    (next_ls 0.23.3) lib/next_ls.ex:631: NextLS.handle_request/2
    (gen_lsp 0.10.0) lib/gen_lsp.ex:350: anonymous fn/2 in GenLSP.loop/3
    (telemetry 1.2.1) /Users/runner/work/next-ls/next-ls/deps/telemetry/src/telemetry.erl:321: :telemetry.span/3
    (gen_lsp 0.10.0) lib/gen_lsp.ex:349: anonymous fn/7 in GenLSP.loop/3
    (gen_lsp 0.10.0) lib/gen_lsp.ex:553: GenLSP.attempt/4
    (stdlib 6.2) proc_lib.erl:329: :proc_lib.init_p_do_apply/3


09:11:02.888 id=40 [debug] handled request client -> server textDocument/completion in 1015ms

09:11:02.888 [debug] handled notification client -> server textDocument/didChange in 205µs

09:11:02.888 [debug] handled notification client -> server textDocument/didChange in 205µs

09:11:02.888 [debug] handled notification client -> server textDocument/didChange in 103µs

09:11:02.888 [debug] handled notification client -> server textDocument/didChange in 204µs

09:11:03.654 [debug] handled notification client -> server textDocument/didChange in 410µs

09:11:03.811 [debug] handled notification client -> server textDocument/didChange in 204µs

09:11:03.842 [debug] handled notification client -> server textDocument/didChange in 307µs

09:11:04.858 [debug] sent notification server -> client window/logMessage

09:11:04.858 id=41 [debug] handled request client -> server textDocument/completion in 1003ms

09:11:04.858 [warning] Failed to run completion request: ** (MatchError) no match of right hand side value: :timeout
    (next_ls 0.23.3) lib/next_ls.ex:631: NextLS.handle_request/2
    (gen_lsp 0.10.0) lib/gen_lsp.ex:350: anonymous fn/2 in GenLSP.loop/3
    (telemetry 1.2.1) /Users/runner/work/next-ls/next-ls/deps/telemetry/src/telemetry.erl:321: :telemetry.span/3
    (gen_lsp 0.10.0) lib/gen_lsp.ex:349: anonymous fn/7 in GenLSP.loop/3
    (gen_lsp 0.10.0) lib/gen_lsp.ex:553: GenLSP.attempt/4
    (stdlib 6.2) proc_lib.erl:329: :proc_lib.init_p_do_apply/3


09:11:04.858 [debug] handled notification client -> server textDocument/didChange in 307µs

09:11:04.858 [debug] handled notification client -> server textDocument/didChange in 307µs

09:11:05.467 [debug] handled notification client -> server textDocument/didChange in 307µs

09:11:05.639 [debug] handled notification client -> server textDocument/didChange in 205µs

09:11:05.780 [debug] handled notification client -> server textDocument/didChange in 103µs

09:11:06.953 [debug] handled notification client -> server textDocument/didChange in 615µs

09:11:07.969 [debug] sent notification server -> client window/logMessage

09:11:07.969 [warning] Failed to run completion request: ** (MatchError) no match of right hand side value: :timeout
    (next_ls 0.23.3) lib/next_ls.ex:631: NextLS.handle_request/2
    (gen_lsp 0.10.0) lib/gen_lsp.ex:350: anonymous fn/2 in GenLSP.loop/3
    (telemetry 1.2.1) /Users/runner/work/next-ls/next-ls/deps/telemetry/src/telemetry.erl:321: :telemetry.span/3
    (gen_lsp 0.10.0) lib/gen_lsp.ex:349: anonymous fn/7 in GenLSP.loop/3
    (gen_lsp 0.10.0) lib/gen_lsp.ex:553: GenLSP.attempt/4
    (stdlib 6.2) proc_lib.erl:329: :proc_lib.init_p_do_apply/3


09:11:07.969 id=42 [debug] handled request client -> server textDocument/completion in 1008ms

09:11:07.969 [debug] handled notification client -> server textDocument/didChange in 204µs

09:11:07.969 [debug] handled notification client -> server textDocument/didChange in 205µs

09:11:07.969 [debug] handled notification client -> server textDocument/didChange in 102µs

09:11:07.969 [debug] handled notification client -> server textDocument/didChange in 205µs

09:11:09.282 [debug] handled notification client -> server textDocument/didChange in 205µs

09:11:09.297 [debug] handled notification client -> server textDocument/didChange in 102µs

09:11:09.297 [debug] handled notification client -> server textDocument/didSave in 102µs

09:11:10.423 [debug] handled notification client -> server workspace/didChangeWatchedFiles in 1016ms

09:11:10.423 [debug] handled notification client -> server workspace/didChangeWatchedFiles in 102µs

09:11:11.861 id=43 [debug] handled request client -> server shutdown in 3ms

09:11:27.336 [info] Loading 76 CA(s) from :otp store

09:11:27.712 id=1 [debug] handled request client -> server initialize in 177ms

09:11:27.712 [debug] sent notification server -> client window/logMessage

09:11:27.727 [debug] NextLS v0.23.3 has initialized!

09:11:27.727 [debug] sent notification server -> client window/logMessage

09:11:27.727 [debug] Log file located at d:/Work/Project/Exercism/elixir/say/.elixir-tools/next-ls.log

09:11:27.727 [debug] sent notification server -> client window/logMessage

09:11:27.727 [info] [extension] Credo initializing with options %NextLS.InitOpts.Extensions.Credo{enable: true, cli_options: []}

09:11:27.727 id=69 [debug] sent request server -> client client/registerCapability

09:13:48.514 [info] Loading 76 CA(s) from :otp store

09:13:48.905 id=1 [debug] handled request client -> server initialize in 167ms

09:13:48.921 [debug] sent notification server -> client window/logMessage

09:13:48.921 [debug] NextLS v0.23.3 has initialized!

09:13:48.921 [debug] sent notification server -> client window/logMessage

09:13:48.921 [debug] Log file located at d:/Work/Project/Exercism/elixir/say/.elixir-tools/next-ls.log

09:13:48.921 [debug] sent notification server -> client window/logMessage

09:13:48.921 id=8 [debug] sent request server -> client client/registerCapability

09:13:48.921 [info] [extension] Credo initializing with options %NextLS.InitOpts.Extensions.Credo{enable: true, cli_options: []}

09:13:53.423 [debug] sent notification server -> client window/logMessage

09:13:53.423 [debug] Booting runtimes...

09:13:53.439 id=69 [debug] sent request server -> client window/workDoneProgress/create

09:13:53.439 [debug] sent notification server -> client $/progress

09:13:53.454 [error] ** (MatchError) no match of right hand side value: {:error, {%File.Error{reason: :enoent, path: "/D:/Work/Project/Exercism/elixir/say/.elixir-tools", action: "make directory (with -p)"}, [{File, :mkdir_p!, 1, [file: ~c"lib/file.ex", line: 346]}, {NextLS.Runtime.Supervisor, :init, 1, [file: ~c"lib/next_ls/runtime/supervisor.ex", line: 18]}, {:supervisor, :init, 1, [file: ~c"supervisor.erl", line: 869]}, {:gen_server, :init_it, 2, [file: ~c"gen_server.erl", line: 2229]}, {:gen_server, :init_it, 6, [file: ~c"gen_server.erl", line: 2184]}, {:proc_lib, :init_p_do_apply, 3, [file: ~c"proc_lib.erl", line: 329]}]}}
    (next_ls 0.23.3) lib/next_ls.ex:899: anonymous fn/5 in NextLS.handle_notification/2
    (elixir 1.17.3) lib/enum.ex:2531: Enum."-reduce/3-lists^foldl/2-0-"/3
    (next_ls 0.23.3) lib/next_ls.ex:894: NextLS.handle_notification/2
    (gen_lsp 0.10.0) lib/gen_lsp.ex:478: anonymous fn/2 in GenLSP.loop/3
    (telemetry 1.2.1) /Users/runner/work/next-ls/next-ls/deps/telemetry/src/telemetry.erl:321: :telemetry.span/3
    (gen_lsp 0.10.0) lib/gen_lsp.ex:474: anonymous fn/7 in GenLSP.loop/3
    (gen_lsp 0.10.0) lib/gen_lsp.ex:553: GenLSP.attempt/4
    (stdlib 6.2) proc_lib.erl:329: :proc_lib.init_p_do_apply/3


09:13:53.454 [debug] sent notification server -> client window/logMessage

09:13:53.454 [debug] handled notification client -> server textDocument/didOpen in 3ms

09:13:53.470 [debug] handled notification client -> server textDocument/didChange in 5ms

09:13:56.300 [debug] handled notification client -> server textDocument/didChange in 205µs

09:13:57.332 [debug] sent notification server -> client window/logMessage

09:13:57.332 [warning] Failed to run completion request: ** (MatchError) no match of right hand side value: :timeout
    (next_ls 0.23.3) lib/next_ls.ex:631: NextLS.handle_request/2
    (gen_lsp 0.10.0) lib/gen_lsp.ex:350: anonymous fn/2 in GenLSP.loop/3
    (telemetry 1.2.1) /Users/runner/work/next-ls/next-ls/deps/telemetry/src/telemetry.erl:321: :telemetry.span/3
    (gen_lsp 0.10.0) lib/gen_lsp.ex:349: anonymous fn/7 in GenLSP.loop/3
    (gen_lsp 0.10.0) lib/gen_lsp.ex:553: GenLSP.attempt/4
    (stdlib 6.2) proc_lib.erl:329: :proc_lib.init_p_do_apply/3


09:13:57.332 id=2 [debug] handled request client -> server textDocument/completion in 1034ms

09:13:57.332 [debug] handled notification client -> server textDocument/didChange in 512µs

09:13:57.332 [debug] handled notification client -> server $/cancelRequest in 1ms

09:13:58.348 [debug] sent notification server -> client window/logMessage

09:13:58.348 [warning] Failed to run completion request: ** (MatchError) no match of right hand side value: :timeout
    (next_ls 0.23.3) lib/next_ls.ex:631: NextLS.handle_request/2
    (gen_lsp 0.10.0) lib/gen_lsp.ex:350: anonymous fn/2 in GenLSP.loop/3
    (telemetry 1.2.1) /Users/runner/work/next-ls/next-ls/deps/telemetry/src/telemetry.erl:321: :telemetry.span/3
    (gen_lsp 0.10.0) lib/gen_lsp.ex:349: anonymous fn/7 in GenLSP.loop/3
    (gen_lsp 0.10.0) lib/gen_lsp.ex:553: GenLSP.attempt/4
    (stdlib 6.2) proc_lib.erl:329: :proc_lib.init_p_do_apply/3


09:13:58.348 id=3 [debug] handled request client -> server textDocument/completion in 1004ms

09:13:59.458 [debug] handled notification client -> server textDocument/didSave in 4ms

09:13:59.583 [debug] handled notification client -> server workspace/didChangeWatchedFiles in 6ms

09:14:00.068 [debug] handled notification client -> server workspace/didChangeWatchedFiles in 307µs

09:14:03.413 id=4 [debug] handled request client -> server shutdown in 2ms

09:14:13.597 [info] Loading 76 CA(s) from :otp store

09:14:14.145 id=1 [debug] handled request client -> server initialize in 354ms

09:14:14.160 [debug] sent notification server -> client window/logMessage

09:14:14.165 [debug] NextLS v0.23.3 has initialized!

09:14:14.165 [debug] sent notification server -> client window/logMessage

09:14:14.165 [debug] Log file located at d:/Work/Project/Exercism/elixir/say/.elixir-tools/next-ls.log

09:14:14.167 [debug] sent notification server -> client window/logMessage

09:14:14.167 id=4 [debug] sent request server -> client client/registerCapability

09:14:14.167 [info] [extension] Credo initializing with options %NextLS.InitOpts.Extensions.Credo{enable: true, cli_options: []}

09:14:19.720 [debug] sent notification server -> client window/logMessage

09:14:19.720 [debug] Booting runtimes...

09:14:19.737 id=66 [debug] sent request server -> client window/workDoneProgress/create

09:14:19.748 [debug] sent notification server -> client $/progress

09:14:19.766 [error] ** (MatchError) no match of right hand side value: {:error, {%File.Error{reason: :enoent, path: "/D:/Work/Project/Exercism/elixir/say/.elixir-tools", action: "make directory (with -p)"}, [{File, :mkdir_p!, 1, [file: ~c"lib/file.ex", line: 346]}, {NextLS.Runtime.Supervisor, :init, 1, [file: ~c"lib/next_ls/runtime/supervisor.ex", line: 18]}, {:supervisor, :init, 1, [file: ~c"supervisor.erl", line: 869]}, {:gen_server, :init_it, 2, [file: ~c"gen_server.erl", line: 2229]}, {:gen_server, :init_it, 6, [file: ~c"gen_server.erl", line: 2184]}, {:proc_lib, :init_p_do_apply, 3, [file: ~c"proc_lib.erl", line: 329]}]}}
    (next_ls 0.23.3) lib/next_ls.ex:899: anonymous fn/5 in NextLS.handle_notification/2
    (elixir 1.17.3) lib/enum.ex:2531: Enum."-reduce/3-lists^foldl/2-0-"/3
    (next_ls 0.23.3) lib/next_ls.ex:894: NextLS.handle_notification/2
    (gen_lsp 0.10.0) lib/gen_lsp.ex:478: anonymous fn/2 in GenLSP.loop/3
    (telemetry 1.2.1) /Users/runner/work/next-ls/next-ls/deps/telemetry/src/telemetry.erl:321: :telemetry.span/3
    (gen_lsp 0.10.0) lib/gen_lsp.ex:474: anonymous fn/7 in GenLSP.loop/3
    (gen_lsp 0.10.0) lib/gen_lsp.ex:553: GenLSP.attempt/4
    (stdlib 6.2) proc_lib.erl:329: :proc_lib.init_p_do_apply/3


09:14:19.766 [debug] sent notification server -> client window/logMessage

09:14:19.770 [debug] handled notification client -> server textDocument/didOpen in 3ms

09:14:34.456 id=2 [debug] handled request client -> server shutdown in 1ms
