2024.02.16 23:16:51 INFO  Started: Metals version 1.2.2 in folders 'D:\Work\Project\Exercism\scala\two-fer' for client Neovim 0.9.4.
23:16:51.990 [pool-2-thread-1] INFO org.flywaydb.core.internal.license.VersionPrinter -- Flyway Community Edition 9.22.3 by Redgate
23:16:51.995 [pool-2-thread-1] INFO org.flywaydb.core.internal.license.VersionPrinter -- See release notes here: https://rd.gt/416ObMi
23:16:51.996 [pool-2-thread-1] INFO org.flywaydb.core.internal.license.VersionPrinter -- 
23:16:51.999 [pool-2-thread-1] DEBUG org.flywaydb.core.internal.scanner.classpath.ClassPathScanner -- Scanning for classpath resources at 'classpath:db/callback' ...
23:16:52.000 [pool-2-thread-1] DEBUG org.flywaydb.core.internal.scanner.classpath.ClassPathScanner -- Determining location urls for classpath:db/callback using ClassLoader java.net.URLClassLoader@383534aa ...
23:16:52.000 [pool-2-thread-1] DEBUG org.flywaydb.core.internal.scanner.classpath.ClassPathScanner -- Unable to resolve location classpath:db/callback.
23:16:52.000 [pool-2-thread-1] DEBUG org.flywaydb.core.internal.scanner.classpath.ClassPathScanner -- Scanning for classpath resources at 'classpath:db/migration' ...
23:16:52.000 [pool-2-thread-1] DEBUG org.flywaydb.core.internal.scanner.classpath.ClassPathScanner -- Determining location urls for classpath:db/migration using ClassLoader java.net.URLClassLoader@383534aa ...
23:16:52.002 [pool-2-thread-1] DEBUG org.flywaydb.core.internal.scanner.classpath.ClassPathScanner -- Scanning URL: jar:file:/C:/Users/NguyenToan/scoop/apps/scoop/new/bin/apps/coursier/current/cache/https/repo1.maven.org/maven2/org/scalameta/metals_2.13/1.2.2/metals_2.13-1.2.2.jar!/db/migration
23:16:52.011 [pool-2-thread-1] DEBUG org.flywaydb.core.internal.scanner.classpath.ClassPathScanner -- Found resource: db/migration/
23:16:52.011 [pool-2-thread-1] DEBUG org.flywaydb.core.internal.scanner.classpath.ClassPathScanner -- Found resource: db/migration/V1__Create_tables.sql
23:16:52.011 [pool-2-thread-1] DEBUG org.flywaydb.core.internal.scanner.classpath.ClassPathScanner -- Found resource: db/migration/V2__Server_discovery.sql
23:16:52.011 [pool-2-thread-1] DEBUG org.flywaydb.core.internal.scanner.classpath.ClassPathScanner -- Found resource: db/migration/V3__Jar_symbols.sql
23:16:52.011 [pool-2-thread-1] DEBUG org.flywaydb.core.internal.scanner.classpath.ClassPathScanner -- Found resource: db/migration/V4__Fingerprints.sql
23:16:52.012 [pool-2-thread-1] DEBUG org.flywaydb.core.internal.scanner.classpath.ClassPathScanner -- Scanning for classes at classpath:db/migration
23:16:52.019 [pool-2-thread-1] DEBUG org.flywaydb.core.internal.scanner.Scanner -- Filtering out resource: db/migration/ (filename: )
23:16:52.020 [pool-2-thread-1] DEBUG org.flywaydb.core.internal.resource.ResourceNameValidator -- Validating V1__Create_tables.sql
23:16:52.022 [pool-2-thread-1] DEBUG org.flywaydb.core.internal.resource.ResourceNameValidator -- Validating V3__Jar_symbols.sql
23:16:52.022 [pool-2-thread-1] DEBUG org.flywaydb.core.internal.resource.ResourceNameValidator -- Validating V2__Server_discovery.sql
23:16:52.023 [pool-2-thread-1] DEBUG org.flywaydb.core.internal.resource.ResourceNameValidator -- Validating V4__Fingerprints.sql
23:16:52.170 [pool-2-thread-1] INFO org.flywaydb.core.FlywayExecutor -- Database: jdbc:h2:file:D:\Work\Project\Exercism\scala\two-fer\.metals\metals (H2 2.2)
23:16:52.170 [pool-2-thread-1] DEBUG org.flywaydb.core.FlywayExecutor -- Driver: H2 JDBC Driver 2.2.224 (2023-09-17)
23:16:52.170 [pool-2-thread-1] DEBUG org.flywaydb.core.FlywayExecutor -- DDL Transactions Supported: false
23:16:52.171 [pool-2-thread-1] DEBUG org.flywaydb.core.internal.schemahistory.SchemaHistoryFactory -- Schemas: 
23:16:52.171 [pool-2-thread-1] DEBUG org.flywaydb.core.internal.schemahistory.SchemaHistoryFactory -- Default schema: null
23:16:52.174 [pool-2-thread-1] WARN org.flywaydb.core.internal.database.base.Database -- Flyway upgrade recommended: H2 2.2.224 is newer than this version of Flyway and support has not been tested. The latest supported version of H2 is 2.2.220.
23:16:52.179 [pool-2-thread-1] DEBUG org.flywaydb.core.internal.callback.SqlScriptCallbackFactory -- Scanning for SQL callbacks ...
23:16:52.179 [pool-2-thread-1] DEBUG org.flywaydb.core.internal.scanner.Scanner -- Filtering out resource: db/migration/ (filename: )
23:16:52.196 [pool-2-thread-1] DEBUG org.flywaydb.core.internal.command.DbValidate -- Validating migrations ...
23:16:52.204 [pool-2-thread-1] DEBUG org.flywaydb.core.internal.scanner.Scanner -- Filtering out resource: db/migration/ (filename: )
23:16:52.220 [pool-2-thread-1] DEBUG org.flywaydb.core.internal.scanner.Scanner -- Filtering out resource: db/migration/ (filename: )
23:16:52.220 [pool-2-thread-1] DEBUG org.flywaydb.core.internal.scanner.Scanner -- Filtering out resource: db/migration/V1__Create_tables.sql (filename: V1__Create_tables.sql)
23:16:52.220 [pool-2-thread-1] DEBUG org.flywaydb.core.internal.scanner.Scanner -- Filtering out resource: db/migration/V3__Jar_symbols.sql (filename: V3__Jar_symbols.sql)
23:16:52.221 [pool-2-thread-1] DEBUG org.flywaydb.core.internal.scanner.Scanner -- Filtering out resource: db/migration/V2__Server_discovery.sql (filename: V2__Server_discovery.sql)
23:16:52.221 [pool-2-thread-1] DEBUG org.flywaydb.core.internal.scanner.Scanner -- Filtering out resource: db/migration/V4__Fingerprints.sql (filename: V4__Fingerprints.sql)
23:16:52.221 [pool-2-thread-1] DEBUG org.flywaydb.core.internal.scanner.Scanner -- Filtering out resource: db/migration/ (filename: )
23:16:52.221 [pool-2-thread-1] DEBUG org.flywaydb.core.internal.scanner.Scanner -- Filtering out resource: db/migration/V1__Create_tables.sql (filename: V1__Create_tables.sql)
23:16:52.222 [pool-2-thread-1] DEBUG org.flywaydb.core.internal.scanner.Scanner -- Filtering out resource: db/migration/V3__Jar_symbols.sql (filename: V3__Jar_symbols.sql)
23:16:52.222 [pool-2-thread-1] DEBUG org.flywaydb.core.internal.scanner.Scanner -- Filtering out resource: db/migration/V2__Server_discovery.sql (filename: V2__Server_discovery.sql)
23:16:52.222 [pool-2-thread-1] DEBUG org.flywaydb.core.internal.scanner.Scanner -- Filtering out resource: db/migration/V4__Fingerprints.sql (filename: V4__Fingerprints.sql)
23:16:52.224 [pool-2-thread-1] INFO org.flywaydb.core.internal.schemahistory.JdbcTableSchemaHistory -- Schema history table "PUBLIC"."flyway_schema_history" does not exist yet
23:16:52.229 [pool-2-thread-1] INFO org.flywaydb.core.internal.command.DbValidate -- Successfully validated 4 migrations (execution time 00:00.032s)
23:16:52.232 [pool-2-thread-1] DEBUG org.flywaydb.core.internal.command.DbSchemas -- Skipping creation of existing schema: "PUBLIC"
23:16:52.239 [pool-2-thread-1] INFO org.flywaydb.core.internal.schemahistory.JdbcTableSchemaHistory -- Creating Schema History table "PUBLIC"."flyway_schema_history" ...
23:16:52.243 [pool-2-thread-1] DEBUG org.flywaydb.core.internal.parser.Parser -- Parsing  ...
23:16:52.252 [pool-2-thread-1] DEBUG org.flywaydb.core.internal.sqlscript.ParserSqlScript -- Found statement at line 1: CREATE TABLE IF NOT EXISTS "PUBLIC"."flyway_schema_history" (
    "installed_rank" INT NOT NULL,
    "version" VARCHAR(50),
    "description" VARCHAR(200) NOT NULL,
    "type" VARCHAR(20) NOT NULL,
    "script" VARCHAR(1000) NOT NULL,
    "checksum" INT,
    "installed_by" VARCHAR(100) NOT NULL,
    "installed_on" TIMESTAMP NOT NULL DEFAULT CURRENT_TIMESTAMP,
    "execution_time" INT NOT NULL,
    "success" BOOLEAN NOT NULL,
    CONSTRAINT "flyway_schema_history_pk" PRIMARY KEY ("installed_rank")
) AS SELECT -1, NULL, '<< Flyway Schema History table created >>', 'TABLE', '', NULL, 'SA', CURRENT_TIMESTAMP, 0, TRUE
23:16:52.252 [pool-2-thread-1] DEBUG org.flywaydb.core.internal.sqlscript.ParserSqlScript -- Found statement at line 14: CREATE INDEX "PUBLIC"."flyway_schema_history_s_idx" ON "PUBLIC"."flyway_schema_history" ("success")
23:16:52.252 [pool-2-thread-1] DEBUG org.flywaydb.core.internal.sqlscript.DefaultSqlScriptExecutor -- Executing SQL: CREATE TABLE IF NOT EXISTS "PUBLIC"."flyway_schema_history" (
    "installed_rank" INT NOT NULL,
    "version" VARCHAR(50),
    "description" VARCHAR(200) NOT NULL,
    "type" VARCHAR(20) NOT NULL,
    "script" VARCHAR(1000) NOT NULL,
    "checksum" INT,
    "installed_by" VARCHAR(100) NOT NULL,
    "installed_on" TIMESTAMP NOT NULL DEFAULT CURRENT_TIMESTAMP,
    "execution_time" INT NOT NULL,
    "success" BOOLEAN NOT NULL,
    CONSTRAINT "flyway_schema_history_pk" PRIMARY KEY ("installed_rank")
) AS SELECT -1, NULL, '<< Flyway Schema History table created >>', 'TABLE', '', NULL, 'SA', CURRENT_TIMESTAMP, 0, TRUE
23:16:52.258 [pool-2-thread-1] DEBUG org.flywaydb.core.internal.sqlscript.DefaultSqlScriptExecutor -- 0 rows affected
23:16:52.258 [pool-2-thread-1] DEBUG org.flywaydb.core.internal.sqlscript.DefaultSqlScriptExecutor -- Executing SQL: CREATE INDEX "PUBLIC"."flyway_schema_history_s_idx" ON "PUBLIC"."flyway_schema_history" ("success")
23:16:52.262 [pool-2-thread-1] DEBUG org.flywaydb.core.internal.sqlscript.DefaultSqlScriptExecutor -- 0 rows affected
23:16:52.262 [pool-2-thread-1] DEBUG org.flywaydb.core.internal.schemahistory.JdbcTableSchemaHistory -- Created Schema History table "PUBLIC"."flyway_schema_history"
23:16:52.272 [pool-2-thread-1] INFO org.flywaydb.core.internal.command.DbMigrate -- Current version of schema "PUBLIC": << Empty Schema >>
23:16:52.274 [pool-2-thread-1] DEBUG org.flywaydb.core.internal.parser.Parser -- Parsing V1__Create_tables.sql ...
23:16:52.279 [pool-2-thread-1] DEBUG org.flywaydb.core.internal.sqlscript.ParserSqlScript -- Found statement at line 4: -- The relationship between library dependency sources under .metals/readonly/**
-- and build targets they belong to. Required to know what classpath to use
-- for compiling dependency sources.
create table dependency_source(
  text_document_uri varchar primary key,
  build_target_uri varchar not null
)
23:16:52.281 [pool-2-thread-1] DEBUG org.flywaydb.core.internal.sqlscript.ParserSqlScript -- Found statement at line 12: -- The relationship between library dependency sources under .metals/readonly/**
-- and worksheets they belong to. Required to know what classpath to use
-- for compiling dependency sources.
create table worksheet_dependency_source(
  text_document_uri varchar primary key,
  worksheet_uri varchar not null
)
23:16:52.281 [pool-2-thread-1] DEBUG org.flywaydb.core.internal.sqlscript.ParserSqlScript -- Found statement at line 19: -- The relationship between what library dependency sources under .metals/readonly/**
-- map to which build targets.
create table sbt_digest(
  md5 varchar,
  status tinyint not null,
  when_recorded timestamp
)
23:16:52.282 [pool-2-thread-1] DEBUG org.flywaydb.core.internal.sqlscript.ParserSqlScript -- Found statement at line 27: -- Which window/showMessage and window/showMessageRequest dialogues have been dismissed
-- by the user via "Don't show again" or closed by clicking on "x".
create table dismissed_notification(
  id int,
  when_dismissed timestamp,
  when_expires timestamp
)
23:16:52.283 [pool-2-thread-1] DEBUG org.flywaydb.core.internal.sqlscript.ParserSqlScript -- Found statement at line 34: -- The choice of build tool when multiple build tool files are found in a workspace
create table chosen_build_tool(
  build_tool varchar primary key
)
23:16:52.284 [pool-2-thread-1] DEBUG org.flywaydb.core.internal.command.DbMigrate -- Starting migration of schema "PUBLIC" to version "1 - Create tables" ...
23:16:52.285 [pool-2-thread-1] INFO org.flywaydb.core.internal.command.DbMigrate -- Migrating schema "PUBLIC" to version "1 - Create tables"
23:16:52.286 [pool-2-thread-1] DEBUG org.flywaydb.core.internal.sqlscript.DefaultSqlScriptExecutor -- Executing SQL: -- The relationship between library dependency sources under .metals/readonly/**
-- and build targets they belong to. Required to know what classpath to use
-- for compiling dependency sources.
create table dependency_source(
  text_document_uri varchar primary key,
  build_target_uri varchar not null
)
23:16:52.288 [pool-2-thread-1] DEBUG org.flywaydb.core.internal.sqlscript.DefaultSqlScriptExecutor -- 0 rows affected
23:16:52.288 [pool-2-thread-1] DEBUG org.flywaydb.core.internal.sqlscript.DefaultSqlScriptExecutor -- Executing SQL: -- The relationship between library dependency sources under .metals/readonly/**
-- and worksheets they belong to. Required to know what classpath to use
-- for compiling dependency sources.
create table worksheet_dependency_source(
  text_document_uri varchar primary key,
  worksheet_uri varchar not null
)
23:16:52.289 [pool-2-thread-1] DEBUG org.flywaydb.core.internal.sqlscript.DefaultSqlScriptExecutor -- 0 rows affected
23:16:52.289 [pool-2-thread-1] DEBUG org.flywaydb.core.internal.sqlscript.DefaultSqlScriptExecutor -- Executing SQL: -- The relationship between what library dependency sources under .metals/readonly/**
-- map to which build targets.
create table sbt_digest(
  md5 varchar,
  status tinyint not null,
  when_recorded timestamp
)
23:16:52.290 [pool-2-thread-1] DEBUG org.flywaydb.core.internal.sqlscript.DefaultSqlScriptExecutor -- 0 rows affected
23:16:52.290 [pool-2-thread-1] DEBUG org.flywaydb.core.internal.sqlscript.DefaultSqlScriptExecutor -- Executing SQL: -- Which window/showMessage and window/showMessageRequest dialogues have been dismissed
-- by the user via "Don't show again" or closed by clicking on "x".
create table dismissed_notification(
  id int,
  when_dismissed timestamp,
  when_expires timestamp
)
23:16:52.290 [pool-2-thread-1] DEBUG org.flywaydb.core.internal.sqlscript.DefaultSqlScriptExecutor -- 0 rows affected
23:16:52.290 [pool-2-thread-1] DEBUG org.flywaydb.core.internal.sqlscript.DefaultSqlScriptExecutor -- Executing SQL: -- The choice of build tool when multiple build tool files are found in a workspace
create table chosen_build_tool(
  build_tool varchar primary key
)
23:16:52.291 [pool-2-thread-1] DEBUG org.flywaydb.core.internal.sqlscript.DefaultSqlScriptExecutor -- 0 rows affected
23:16:52.291 [pool-2-thread-1] DEBUG org.flywaydb.core.internal.command.DbMigrate -- Successfully completed migration of schema "PUBLIC" to version "1 - Create tables"
23:16:52.293 [pool-2-thread-1] DEBUG org.flywaydb.core.internal.schemahistory.JdbcTableSchemaHistory -- Schema History table "PUBLIC"."flyway_schema_history" successfully updated to reflect changes
23:16:52.298 [pool-2-thread-1] DEBUG org.flywaydb.core.internal.parser.Parser -- Parsing V2__Server_discovery.sql ...
23:16:52.300 [pool-2-thread-1] DEBUG org.flywaydb.core.internal.sqlscript.ParserSqlScript -- Found statement at line 4: -- For each unique combination of installed build servers we select one server.
-- The md5 checksum is computed from the names of the installed build servers, and
-- the selected server is the server which the user chose for this workspace.
create table chosen_build_server(
  md5 varchar primary key,
  selected_server varchar,
  when_recorded timestamp
)
23:16:52.300 [pool-2-thread-1] DEBUG org.flywaydb.core.internal.command.DbMigrate -- Starting migration of schema "PUBLIC" to version "2 - Server discovery" ...
23:16:52.301 [pool-2-thread-1] INFO org.flywaydb.core.internal.command.DbMigrate -- Migrating schema "PUBLIC" to version "2 - Server discovery"
23:16:52.301 [pool-2-thread-1] DEBUG org.flywaydb.core.internal.sqlscript.DefaultSqlScriptExecutor -- Executing SQL: -- For each unique combination of installed build servers we select one server.
-- The md5 checksum is computed from the names of the installed build servers, and
-- the selected server is the server which the user chose for this workspace.
create table chosen_build_server(
  md5 varchar primary key,
  selected_server varchar,
  when_recorded timestamp
)
23:16:52.302 [pool-2-thread-1] DEBUG org.flywaydb.core.internal.sqlscript.DefaultSqlScriptExecutor -- 0 rows affected
23:16:52.302 [pool-2-thread-1] DEBUG org.flywaydb.core.internal.command.DbMigrate -- Successfully completed migration of schema "PUBLIC" to version "2 - Server discovery"
23:16:52.303 [pool-2-thread-1] DEBUG org.flywaydb.core.internal.schemahistory.JdbcTableSchemaHistory -- Schema History table "PUBLIC"."flyway_schema_history" successfully updated to reflect changes
23:16:52.305 [pool-2-thread-1] DEBUG org.flywaydb.core.internal.parser.Parser -- Parsing V3__Jar_symbols.sql ...
23:16:52.306 [pool-2-thread-1] DEBUG org.flywaydb.core.internal.sqlscript.ParserSqlScript -- Found statement at line 2: -- Indexed jars, the MD5 digest of path, modified time and size as key
create table indexed_jar(
  id int auto_increment unique,
  md5 varchar primary key
)
23:16:52.306 [pool-2-thread-1] DEBUG org.flywaydb.core.internal.sqlscript.ParserSqlScript -- Found statement at line 7: -- Top Level Symbols per jar, allow for multiple jars with same symbols and paths
create table toplevel_symbol(
  symbol varchar not null,
  path varchar not null,
  jar int,
  foreign key (jar) references indexed_jar (id) on delete cascade,
  primary key (jar, path, symbol)
)
23:16:52.307 [pool-2-thread-1] DEBUG org.flywaydb.core.internal.sqlscript.ParserSqlScript -- Found statement at line 15: -- Create index to speedup lookup of jar symbols
create index toplevel_symbol_jar on toplevel_symbol(jar)
23:16:52.308 [pool-2-thread-1] DEBUG org.flywaydb.core.internal.command.DbMigrate -- Starting migration of schema "PUBLIC" to version "3 - Jar symbols" ...
23:16:52.308 [pool-2-thread-1] INFO org.flywaydb.core.internal.command.DbMigrate -- Migrating schema "PUBLIC" to version "3 - Jar symbols"
23:16:52.308 [pool-2-thread-1] DEBUG org.flywaydb.core.internal.sqlscript.DefaultSqlScriptExecutor -- Executing SQL: -- Indexed jars, the MD5 digest of path, modified time and size as key
create table indexed_jar(
  id int auto_increment unique,
  md5 varchar primary key
)
23:16:52.313 [pool-2-thread-1] DEBUG org.flywaydb.core.internal.sqlscript.DefaultSqlScriptExecutor -- 0 rows affected
23:16:52.313 [pool-2-thread-1] DEBUG org.flywaydb.core.internal.sqlscript.DefaultSqlScriptExecutor -- Executing SQL: -- Top Level Symbols per jar, allow for multiple jars with same symbols and paths
create table toplevel_symbol(
  symbol varchar not null,
  path varchar not null,
  jar int,
  foreign key (jar) references indexed_jar (id) on delete cascade,
  primary key (jar, path, symbol)
)
23:16:52.317 [pool-2-thread-1] DEBUG org.flywaydb.core.internal.sqlscript.DefaultSqlScriptExecutor -- 0 rows affected
23:16:52.317 [pool-2-thread-1] DEBUG org.flywaydb.core.internal.sqlscript.DefaultSqlScriptExecutor -- Executing SQL: -- Create index to speedup lookup of jar symbols
create index toplevel_symbol_jar on toplevel_symbol(jar)
23:16:52.318 [pool-2-thread-1] DEBUG org.flywaydb.core.internal.sqlscript.DefaultSqlScriptExecutor -- 0 rows affected
23:16:52.318 [pool-2-thread-1] DEBUG org.flywaydb.core.internal.command.DbMigrate -- Successfully completed migration of schema "PUBLIC" to version "3 - Jar symbols"
23:16:52.319 [pool-2-thread-1] DEBUG org.flywaydb.core.internal.schemahistory.JdbcTableSchemaHistory -- Schema History table "PUBLIC"."flyway_schema_history" successfully updated to reflect changes
23:16:52.321 [pool-2-thread-1] DEBUG org.flywaydb.core.internal.parser.Parser -- Parsing V4__Fingerprints.sql ...
23:16:52.322 [pool-2-thread-1] DEBUG org.flywaydb.core.internal.sqlscript.ParserSqlScript -- Found statement at line 2: -- Fingerprints saved between invocations
create table fingerprints(
  path varchar not null,
  text varchar not null,
  md5 varchar not null,
  id int auto_increment unique
)
23:16:52.322 [pool-2-thread-1] DEBUG org.flywaydb.core.internal.command.DbMigrate -- Starting migration of schema "PUBLIC" to version "4 - Fingerprints" ...
23:16:52.323 [pool-2-thread-1] INFO org.flywaydb.core.internal.command.DbMigrate -- Migrating schema "PUBLIC" to version "4 - Fingerprints"
23:16:52.323 [pool-2-thread-1] DEBUG org.flywaydb.core.internal.sqlscript.DefaultSqlScriptExecutor -- Executing SQL: -- Fingerprints saved between invocations
create table fingerprints(
  path varchar not null,
  text varchar not null,
  md5 varchar not null,
  id int auto_increment unique
)
23:16:52.324 [pool-2-thread-1] DEBUG org.flywaydb.core.internal.sqlscript.DefaultSqlScriptExecutor -- 0 rows affected
23:16:52.324 [pool-2-thread-1] DEBUG org.flywaydb.core.internal.command.DbMigrate -- Successfully completed migration of schema "PUBLIC" to version "4 - Fingerprints"
23:16:52.325 [pool-2-thread-1] DEBUG org.flywaydb.core.internal.schemahistory.JdbcTableSchemaHistory -- Schema History table "PUBLIC"."flyway_schema_history" successfully updated to reflect changes
23:16:52.331 [pool-2-thread-1] INFO org.flywaydb.core.internal.command.DbMigrate -- Successfully applied 4 migrations to schema "PUBLIC", now at version v4 (execution time 00:00.019s)
23:16:52.343 [pool-2-thread-1] DEBUG org.flywaydb.core.FlywayExecutor -- Memory usage: 63 of 100M
2024.02.16 23:16:52 WARN  Build server is not auto-connectable.
2024.02.16 23:16:56 INFO  Selected port 5031
23:16:56.967 [pool-2-thread-4] DEBUG org.jboss.logging -- Logging Provider: org.jboss.logging.Slf4jLoggerProvider
23:16:56.993 [pool-2-thread-4] INFO io.undertow -- starting server: Undertow - 2.2.20.Final
23:16:57.001 [pool-2-thread-4] INFO org.xnio -- XNIO version 3.8.12.Final
23:16:57.014 [pool-2-thread-4] INFO org.xnio.nio -- XNIO NIO Implementation Version 3.8.12.Final
23:16:57.257 [pool-2-thread-4] DEBUG org.xnio -- Creating worker:null, pool size:64, max pool size:64, keep alive:60000, io threads:8, stack size:0
23:16:57.275 [pool-2-thread-4] INFO org.jboss.threads -- JBoss Threads version 3.1.0.Final
23:16:57.297 [XNIO-1 I/O-1] DEBUG org.xnio.nio -- Started channel thread 'XNIO-1 I/O-1', selector sun.nio.ch.WEPollSelectorImpl@3604dea1
23:16:57.297 [XNIO-1 I/O-5] DEBUG org.xnio.nio -- Started channel thread 'XNIO-1 I/O-5', selector sun.nio.ch.WEPollSelectorImpl@72834fa8
23:16:57.297 [XNIO-1 I/O-4] DEBUG org.xnio.nio -- Started channel thread 'XNIO-1 I/O-4', selector sun.nio.ch.WEPollSelectorImpl@29a060ab
23:16:57.298 [XNIO-1 Accept] DEBUG org.xnio.nio -- Started channel thread 'XNIO-1 Accept', selector sun.nio.ch.WEPollSelectorImpl@57fe99a5
23:16:57.298 [XNIO-1 I/O-8] DEBUG org.xnio.nio -- Started channel thread 'XNIO-1 I/O-8', selector sun.nio.ch.WEPollSelectorImpl@19aab410
23:16:57.298 [XNIO-1 I/O-3] DEBUG org.xnio.nio -- Started channel thread 'XNIO-1 I/O-3', selector sun.nio.ch.WEPollSelectorImpl@48934a67
23:16:57.298 [XNIO-1 I/O-7] DEBUG org.xnio.nio -- Started channel thread 'XNIO-1 I/O-7', selector sun.nio.ch.WEPollSelectorImpl@7bcd1e7d
23:16:57.298 [XNIO-1 I/O-6] DEBUG org.xnio.nio -- Started channel thread 'XNIO-1 I/O-6', selector sun.nio.ch.WEPollSelectorImpl@5564d868
23:16:57.298 [XNIO-1 I/O-2] DEBUG org.xnio.nio -- Started channel thread 'XNIO-1 I/O-2', selector sun.nio.ch.WEPollSelectorImpl@530964a0
23:16:57.299 [pool-2-thread-4] DEBUG io.undertow -- Configuring listener with protocol HTTP for interface localhost and port 5031
2024.02.16 23:16:56 INFO  Started Metals http server at http://127.0.0.1:5031
2024.02.16 23:17:27 INFO  no build target found for D:\Work\Project\Exercism\scala\two-fer\src\main\scala\Twofer.scala. Using presentation compiler with project's scala-library version: 3.3.1
2024.02.16 23:17:29 INFO  Shutting down server
2024.02.16 23:17:29 INFO  shutting down Metals
23:17:29.408 [main] INFO io.undertow -- stopping server: Undertow - 2.2.20.Final
2024.02.16 23:17:36 INFO  Started: Metals version 1.2.2 in folders 'D:\Work\Project\Exercism\scala\two-fer' for client Neovim 0.9.4.
23:17:37.758 [pool-2-thread-1] INFO org.flywaydb.core.internal.license.VersionPrinter -- Flyway Community Edition 9.22.3 by Redgate
23:17:37.762 [pool-2-thread-1] INFO org.flywaydb.core.internal.license.VersionPrinter -- See release notes here: https://rd.gt/416ObMi
23:17:37.762 [pool-2-thread-1] INFO org.flywaydb.core.internal.license.VersionPrinter -- 
23:17:37.771 [pool-2-thread-1] DEBUG org.flywaydb.core.internal.scanner.classpath.ClassPathScanner -- Scanning for classpath resources at 'classpath:db/callback' ...
23:17:37.771 [pool-2-thread-1] DEBUG org.flywaydb.core.internal.scanner.classpath.ClassPathScanner -- Determining location urls for classpath:db/callback using ClassLoader java.net.URLClassLoader@383534aa ...
23:17:37.772 [pool-2-thread-1] DEBUG org.flywaydb.core.internal.scanner.classpath.ClassPathScanner -- Unable to resolve location classpath:db/callback.
23:17:37.772 [pool-2-thread-1] DEBUG org.flywaydb.core.internal.scanner.classpath.ClassPathScanner -- Scanning for classpath resources at 'classpath:db/migration' ...
23:17:37.772 [pool-2-thread-1] DEBUG org.flywaydb.core.internal.scanner.classpath.ClassPathScanner -- Determining location urls for classpath:db/migration using ClassLoader java.net.URLClassLoader@383534aa ...
23:17:37.773 [pool-2-thread-1] DEBUG org.flywaydb.core.internal.scanner.classpath.ClassPathScanner -- Scanning URL: jar:file:/C:/Users/NguyenToan/scoop/apps/scoop/new/bin/apps/coursier/current/cache/https/repo1.maven.org/maven2/org/scalameta/metals_2.13/1.2.2/metals_2.13-1.2.2.jar!/db/migration
23:17:37.775 [pool-2-thread-1] DEBUG org.flywaydb.core.internal.scanner.classpath.ClassPathScanner -- Found resource: db/migration/
23:17:37.775 [pool-2-thread-1] DEBUG org.flywaydb.core.internal.scanner.classpath.ClassPathScanner -- Found resource: db/migration/V1__Create_tables.sql
23:17:37.775 [pool-2-thread-1] DEBUG org.flywaydb.core.internal.scanner.classpath.ClassPathScanner -- Found resource: db/migration/V2__Server_discovery.sql
23:17:37.775 [pool-2-thread-1] DEBUG org.flywaydb.core.internal.scanner.classpath.ClassPathScanner -- Found resource: db/migration/V3__Jar_symbols.sql
23:17:37.775 [pool-2-thread-1] DEBUG org.flywaydb.core.internal.scanner.classpath.ClassPathScanner -- Found resource: db/migration/V4__Fingerprints.sql
23:17:37.775 [pool-2-thread-1] DEBUG org.flywaydb.core.internal.scanner.classpath.ClassPathScanner -- Scanning for classes at classpath:db/migration
23:17:37.779 [pool-2-thread-1] DEBUG org.flywaydb.core.internal.scanner.Scanner -- Filtering out resource: db/migration/ (filename: )
23:17:37.779 [pool-2-thread-1] DEBUG org.flywaydb.core.internal.resource.ResourceNameValidator -- Validating V1__Create_tables.sql
23:17:37.780 [pool-2-thread-1] DEBUG org.flywaydb.core.internal.resource.ResourceNameValidator -- Validating V3__Jar_symbols.sql
23:17:37.780 [pool-2-thread-1] DEBUG org.flywaydb.core.internal.resource.ResourceNameValidator -- Validating V2__Server_discovery.sql
23:17:37.780 [pool-2-thread-1] DEBUG org.flywaydb.core.internal.resource.ResourceNameValidator -- Validating V4__Fingerprints.sql
23:17:37.887 [pool-2-thread-1] INFO org.flywaydb.core.FlywayExecutor -- Database: jdbc:h2:file:D:\Work\Project\Exercism\scala\two-fer\.metals\metals (H2 2.2)
23:17:37.887 [pool-2-thread-1] DEBUG org.flywaydb.core.FlywayExecutor -- Driver: H2 JDBC Driver 2.2.224 (2023-09-17)
23:17:37.887 [pool-2-thread-1] DEBUG org.flywaydb.core.FlywayExecutor -- DDL Transactions Supported: false
23:17:37.888 [pool-2-thread-1] DEBUG org.flywaydb.core.internal.schemahistory.SchemaHistoryFactory -- Schemas: 
23:17:37.888 [pool-2-thread-1] DEBUG org.flywaydb.core.internal.schemahistory.SchemaHistoryFactory -- Default schema: null
23:17:37.893 [pool-2-thread-1] WARN org.flywaydb.core.internal.database.base.Database -- Flyway upgrade recommended: H2 2.2.224 is newer than this version of Flyway and support has not been tested. The latest supported version of H2 is 2.2.220.
23:17:37.896 [pool-2-thread-1] DEBUG org.flywaydb.core.internal.callback.SqlScriptCallbackFactory -- Scanning for SQL callbacks ...
23:17:37.897 [pool-2-thread-1] DEBUG org.flywaydb.core.internal.scanner.Scanner -- Filtering out resource: db/migration/ (filename: )
23:17:37.904 [pool-2-thread-1] DEBUG org.flywaydb.core.internal.command.DbValidate -- Validating migrations ...
23:17:37.908 [pool-2-thread-1] DEBUG org.flywaydb.core.internal.scanner.Scanner -- Filtering out resource: db/migration/ (filename: )
23:17:37.916 [pool-2-thread-1] DEBUG org.flywaydb.core.internal.scanner.Scanner -- Filtering out resource: db/migration/ (filename: )
23:17:37.916 [pool-2-thread-1] DEBUG org.flywaydb.core.internal.scanner.Scanner -- Filtering out resource: db/migration/V1__Create_tables.sql (filename: V1__Create_tables.sql)
23:17:37.916 [pool-2-thread-1] DEBUG org.flywaydb.core.internal.scanner.Scanner -- Filtering out resource: db/migration/V3__Jar_symbols.sql (filename: V3__Jar_symbols.sql)
23:17:37.916 [pool-2-thread-1] DEBUG org.flywaydb.core.internal.scanner.Scanner -- Filtering out resource: db/migration/V2__Server_discovery.sql (filename: V2__Server_discovery.sql)
23:17:37.916 [pool-2-thread-1] DEBUG org.flywaydb.core.internal.scanner.Scanner -- Filtering out resource: db/migration/V4__Fingerprints.sql (filename: V4__Fingerprints.sql)
23:17:37.917 [pool-2-thread-1] DEBUG org.flywaydb.core.internal.scanner.Scanner -- Filtering out resource: db/migration/ (filename: )
23:17:37.917 [pool-2-thread-1] DEBUG org.flywaydb.core.internal.scanner.Scanner -- Filtering out resource: db/migration/V1__Create_tables.sql (filename: V1__Create_tables.sql)
23:17:37.917 [pool-2-thread-1] DEBUG org.flywaydb.core.internal.scanner.Scanner -- Filtering out resource: db/migration/V3__Jar_symbols.sql (filename: V3__Jar_symbols.sql)
23:17:37.917 [pool-2-thread-1] DEBUG org.flywaydb.core.internal.scanner.Scanner -- Filtering out resource: db/migration/V2__Server_discovery.sql (filename: V2__Server_discovery.sql)
23:17:37.917 [pool-2-thread-1] DEBUG org.flywaydb.core.internal.scanner.Scanner -- Filtering out resource: db/migration/V4__Fingerprints.sql (filename: V4__Fingerprints.sql)
23:17:37.932 [pool-2-thread-1] INFO org.flywaydb.core.internal.command.DbValidate -- Successfully validated 4 migrations (execution time 00:00.026s)
23:17:37.934 [pool-2-thread-1] DEBUG org.flywaydb.core.internal.command.DbSchemas -- Skipping creation of existing schema: "PUBLIC"
23:17:37.943 [pool-2-thread-1] INFO org.flywaydb.core.internal.command.DbMigrate -- Current version of schema "PUBLIC": 4
23:17:37.946 [pool-2-thread-1] INFO org.flywaydb.core.internal.command.DbMigrate -- Schema "PUBLIC" is up to date. No migration necessary.
23:17:38.159 [pool-2-thread-1] DEBUG org.flywaydb.core.FlywayExecutor -- Memory usage: 52 of 100M
2024.02.16 23:17:38 WARN  Build server is not auto-connectable.
2024.02.16 23:17:38 INFO  skipping build import with status 'Dismissed'
2024.02.16 23:17:40 INFO  Selected port 5031
23:17:40.212 [pool-2-thread-5] DEBUG org.jboss.logging -- Logging Provider: org.jboss.logging.Slf4jLoggerProvider
23:17:40.236 [pool-2-thread-5] INFO io.undertow -- starting server: Undertow - 2.2.20.Final
23:17:40.244 [pool-2-thread-5] INFO org.xnio -- XNIO version 3.8.12.Final
23:17:40.260 [pool-2-thread-5] INFO org.xnio.nio -- XNIO NIO Implementation Version 3.8.12.Final
23:17:40.459 [pool-2-thread-5] DEBUG org.xnio -- Creating worker:null, pool size:64, max pool size:64, keep alive:60000, io threads:8, stack size:0
23:17:40.480 [pool-2-thread-5] INFO org.jboss.threads -- JBoss Threads version 3.1.0.Final
23:17:40.510 [XNIO-1 I/O-1] DEBUG org.xnio.nio -- Started channel thread 'XNIO-1 I/O-1', selector sun.nio.ch.WEPollSelectorImpl@60bc3887
23:17:40.510 [XNIO-1 I/O-2] DEBUG org.xnio.nio -- Started channel thread 'XNIO-1 I/O-2', selector sun.nio.ch.WEPollSelectorImpl@44925643
23:17:40.511 [XNIO-1 I/O-3] DEBUG org.xnio.nio -- Started channel thread 'XNIO-1 I/O-3', selector sun.nio.ch.WEPollSelectorImpl@58e2a63c
23:17:40.512 [XNIO-1 I/O-4] DEBUG org.xnio.nio -- Started channel thread 'XNIO-1 I/O-4', selector sun.nio.ch.WEPollSelectorImpl@1df5bb09
23:17:40.512 [pool-2-thread-5] DEBUG io.undertow -- Configuring listener with protocol HTTP for interface localhost and port 5031
23:17:40.512 [XNIO-1 I/O-6] DEBUG org.xnio.nio -- Started channel thread 'XNIO-1 I/O-6', selector sun.nio.ch.WEPollSelectorImpl@585a3159
23:17:40.512 [XNIO-1 I/O-7] DEBUG org.xnio.nio -- Started channel thread 'XNIO-1 I/O-7', selector sun.nio.ch.WEPollSelectorImpl@45a0f69c
23:17:40.512 [XNIO-1 I/O-5] DEBUG org.xnio.nio -- Started channel thread 'XNIO-1 I/O-5', selector sun.nio.ch.WEPollSelectorImpl@347c0f6f
23:17:40.513 [XNIO-1 I/O-8] DEBUG org.xnio.nio -- Started channel thread 'XNIO-1 I/O-8', selector sun.nio.ch.WEPollSelectorImpl@7a5a610b
23:17:40.513 [XNIO-1 Accept] DEBUG org.xnio.nio -- Started channel thread 'XNIO-1 Accept', selector sun.nio.ch.WEPollSelectorImpl@24993dbb
2024.02.16 23:17:40 INFO  Started Metals http server at http://127.0.0.1:5031
2024.02.16 23:17:44 INFO  no build target found for D:\Work\Project\Exercism\scala\two-fer\src\main\scala\Twofer.scala. Using presentation compiler with project's scala-library version: 3.3.1
2024.02.16 23:18:48 INFO  Shutting down server
2024.02.16 23:18:48 INFO  shutting down Metals
23:18:48.731 [main] INFO io.undertow -- stopping server: Undertow - 2.2.20.Final
