2024.12.26 13:37:10 INFO  tracing is disabled for protocol LSP, to enable tracing of incoming and outgoing JSON messages create an empty file at D:\Work\Project\Exercism\.metals\lsp.trace.json[0m
2024.12.26 13:37:12 INFO  logging to files D:\Work\Project\Exercism\.metals\metals.log[0m
2024.12.26 13:37:12 INFO  Started: Metals version 1.4.2 in folders 'D:\Work\Project\Exercism' for client Neovim 0.10.1+g7e194f0d0.[0m
2024.12.26 13:37:15 INFO  no build target found for D:\Work\Project\Exercism\scala\triangle\src\main\scala\Triangle.scala. Using presentation compiler with project's scala-library version: 3.3.4[0m
2024.12.26 13:37:15 INFO  Running List(C:\Users\NguyenToan\AppData\Local\Coursier\data\bin\scala-cli.BAT, setup-ide, D:\Work\Project\Exercism)[0m
2024.12.26 13:37:15 INFO  Attempting to connect to the build server...[0m
2024.12.26 13:37:15 INFO  Running BSP server List(C:\Users\NguyenToan\AppData\Local\Coursier\data\bin\.scala-cli.aux.exe, bsp, --json-options, D:\Work\Project\Exercism\.scala-build\ide-options-v2.json, --json-launcher-options, D:\Work\Project\Exercism\.scala-build\ide-launcher-options.json, --envs-file, D:\Work\Project\Exercism\.scala-build\ide-envs.json, D:\Work\Project\Exercism)[0m
2024.12.26 13:37:17 INFO  tracing is disabled for protocol BSP, to enable tracing of incoming and outgoing JSON messages create an empty file at D:\Work\Project\Exercism\.metals\bsp.trace.json[0m
2024.12.26 13:37:22 INFO  no build target found for D:\Work\Project\Exercism\scala\triangle\src\main\scala\Triangle.scala. Using presentation compiler with project's scala-library version: 3.3.4[0m
2024.12.26 13:37:22 INFO  no build target found for D:\Work\Project\Exercism\scala\triangle\src\main\scala\Triangle.scala. Using presentation compiler with project's scala-library version: 3.3.4[0m
2024.12.26 13:37:22 INFO  no build target found for D:\Work\Project\Exercism\scala\triangle\src\main\scala\Triangle.scala. Using presentation compiler with project's scala-library version: 3.3.4[0m
2024.12.26 13:37:22 INFO  no build target found for D:\Work\Project\Exercism\scala\triangle\src\main\scala\Triangle.scala. Using presentation compiler with project's scala-library version: 3.3.4[0m
2024.12.26 13:37:22 INFO  no build target found for D:\Work\Project\Exercism\scala\triangle\src\main\scala\Triangle.scala. Using presentation compiler with project's scala-library version: 3.3.4[0m
2024.12.26 13:37:22 INFO  no build target found for D:\Work\Project\Exercism\scala\triangle\src\main\scala\Triangle.scala. Using presentation compiler with project's scala-library version: 3.3.4[0m
2024.12.26 13:37:23 INFO  no build target found for D:\Work\Project\Exercism\scala\triangle\src\main\scala\Triangle.scala. Using presentation compiler with project's scala-library version: 3.3.4[0m
2024.12.26 13:37:23 INFO  BSP server: Downloading https://repo1.maven.org/maven2/org/scala-lang/scala3-library_3/3.5.2/scala3-library_3-3.5.2-sources.jar[0m
2024.12.26 13:37:23 INFO  no build target found for D:\Work\Project\Exercism\scala\triangle\src\main\scala\Triangle.scala. Using presentation compiler with project's scala-library version: 3.3.4[0m
2024.12.26 13:37:25 INFO  BSP server: Downloaded https://repo1.maven.org/maven2/org/scala-lang/scala3-library_3/3.5.2/scala3-library_3-3.5.2-sources.jar[0m
2024.12.26 13:37:25 INFO  BSP server: Downloading https://repo1.maven.org/maven2/com/sourcegraph/semanticdb-javac/0.10.0/semanticdb-javac-0.10.0.pom[0m
2024.12.26 13:37:25 INFO  BSP server: Downloaded https://repo1.maven.org/maven2/com/sourcegraph/semanticdb-javac/0.10.0/semanticdb-javac-0.10.0.pom[0m
2024.12.26 13:37:25 INFO  BSP server: Downloading https://repo1.maven.org/maven2/com/sourcegraph/semanticdb-javac/0.10.0/semanticdb-javac-0.10.0.jar[0m
2024.12.26 13:37:25 INFO  no build target found for D:\Work\Project\Exercism\scala\triangle\src\main\scala\Triangle.scala. Using presentation compiler with project's scala-library version: 3.3.4[0m
2024.12.26 13:37:25 INFO  no build target found for D:\Work\Project\Exercism\scala\triangle\src\main\scala\Triangle.scala. Using presentation compiler with project's scala-library version: 3.3.4[0m
2024.12.26 13:37:26 INFO  BSP server: Downloaded https://repo1.maven.org/maven2/com/sourcegraph/semanticdb-javac/0.10.0/semanticdb-javac-0.10.0.jar[0m
2024.12.26 13:37:26 INFO  no build target found for D:\Work\Project\Exercism\scala\triangle\src\main\scala\Triangle.scala. Using presentation compiler with project's scala-library version: 3.3.4[0m
2024.12.26 13:37:26 INFO  time: Connected to build server in 10s[0m
2024.12.26 13:37:26 INFO  Connected to Build server: scala-cli v1.5.4[0m
2024.12.26 13:37:26 INFO  no build target found for D:\Work\Project\Exercism\scala\triangle\src\main\scala\Triangle.scala. Using presentation compiler with project's scala-library version: 3.3.4[0m
2024.12.26 13:37:26 INFO  no build target found for D:\Work\Project\Exercism\scala\triangle\src\main\scala\Triangle.scala. Using presentation compiler with project's scala-library version: 3.3.4[0m
2024.12.26 13:37:26 INFO  no build target found for D:\Work\Project\Exercism\scala\triangle\src\main\scala\Triangle.scala. Using presentation compiler with project's scala-library version: 3.3.4[0m
2024.12.26 13:37:27 INFO  time: Imported build in 0.27s[0m
2024.12.26 13:37:27 INFO  running doctor check[0m
2024.12.26 13:37:27 INFO  java targets: Exercism_9e528805c5, Exercism_9e528805c5-test[0m
2024.12.26 13:37:27 INFO  compiling exercism_9e528805c5 (2 scala sources and 11 java sources)[0m
2024.12.26 13:37:27 INFO  time: compiled Exercism_9e528805c5 in 0.8s[0m
2024.12.26 13:37:27 INFO  compiling exercism_9e528805c5 (2 scala sources and 11 java sources)[0m
2024.12.26 13:37:29 INFO  time: compiled Exercism_9e528805c5 in 0.43s[0m
2024.12.26 13:37:30 WARN  Unable to run doctor. Make sure `isHttpEnabled` is set to `true`.[0m
2024.12.26 13:37:43 INFO  compiling exercism_9e528805c5 (2 scala sources and 11 java sources)[0m
2024.12.26 13:37:43 INFO  Deduplicating compilation of Exercism_9e528805c5 from bsp client 'scala-cli 1.5.4' (since 23.263s)[0m
2024.12.26 13:37:43 INFO  compiling exercism_9e528805c5 (2 scala sources and 11 java sources)[0m
2024.12.26 13:37:43 INFO  time: compiled Exercism_9e528805c5 in 0.47s[0m
2024.12.26 13:37:44 INFO  time: indexed workspace in 16s[0m
2024.12.26 13:37:43 INFO  compiling exercism_9e528805c5 (2 scala sources and 11 java sources)[0m
2024.12.26 13:37:44 INFO  time: compiled Exercism_9e528805c5 in 0.59s[0m
2024.12.26 13:37:44 INFO  compiling exercism_9e528805c5 (2 scala sources and 11 java sources)[0m
2024.12.26 13:37:45 INFO  time: compiled Exercism_9e528805c5 in 0.25s[0m
2024.12.26 13:37:45 INFO  Selected port 5032[0m
Dec 26, 2024 1:37:46 PM io.undertow.Undertow start
INFO: starting server: Undertow - 2.2.20.Final
Dec 26, 2024 1:37:46 PM org.xnio.Xnio <clinit>
INFO: XNIO version 3.8.16.Final
Dec 26, 2024 1:37:46 PM org.xnio.nio.NioXnio <clinit>
INFO: XNIO NIO Implementation Version 3.8.16.Final
Dec 26, 2024 1:37:46 PM org.jboss.threads.Version <clinit>
INFO: JBoss Threads version 3.1.0.Final
2024.12.26 13:37:45 INFO  Started Metals http server at http://127.0.0.1:5032[0m
2024.12.26 13:37:45 INFO  compiling exercism_9e528805c5 (2 scala sources and 11 java sources)[0m
2024.12.26 13:37:46 INFO  time: compiled Exercism_9e528805c5 in 0.23s[0m
2024.12.26 13:37:46 INFO  compiling exercism_9e528805c5 (2 scala sources and 11 java sources)[0m
2024.12.26 13:37:46 INFO  time: compiled Exercism_9e528805c5 in 0.16s[0m
2024.12.26 13:37:54 INFO  compiling exercism_9e528805c5 (2 scala sources and 11 java sources)[0m
2024.12.26 13:37:54 INFO  time: compiled Exercism_9e528805c5 in 0.17s[0m
2024.12.26 13:41:26 INFO  compiling exercism_9e528805c5 (2 scala sources and 11 java sources)[0m
2024.12.26 13:41:26 INFO  Deduplicating compilation of Exercism_9e528805c5 from bsp client 'scala-cli 1.5.4' (since 4m 6.135s)[0m
2024.12.26 13:41:26 INFO  compiling exercism_9e528805c5 (2 scala sources and 11 java sources)[0m
2024.12.26 13:41:26 INFO  time: compiled Exercism_9e528805c5 in 0.25s[0m
2024.12.26 13:41:26 INFO  compiling exercism_9e528805c5 (2 scala sources and 11 java sources)[0m
2024.12.26 13:41:26 INFO  time: compiled Exercism_9e528805c5 in 0.28s[0m
2024.12.26 13:41:27 INFO  compiling exercism_9e528805c5 (2 scala sources and 11 java sources)[0m
2024.12.26 13:41:27 INFO  time: compiled Exercism_9e528805c5 in 0.15s[0m
2024.12.26 13:41:27 INFO  compiling exercism_9e528805c5 (2 scala sources and 11 java sources)[0m
2024.12.26 13:41:27 INFO  time: compiled Exercism_9e528805c5 in 0.14s[0m
2024.12.26 13:41:28 INFO  compiling exercism_9e528805c5 (2 scala sources and 11 java sources)[0m
2024.12.26 13:41:28 INFO  time: compiled Exercism_9e528805c5 in 0.21s[0m
2024.12.26 13:41:49 INFO  compiling exercism_9e528805c5 (2 scala sources and 11 java sources)[0m
2024.12.26 13:41:49 INFO  Deduplicating compilation of Exercism_9e528805c5 from bsp client 'scala-cli 1.5.4' (since 4m 29.486s)[0m
2024.12.26 13:41:49 INFO  compiling exercism_9e528805c5 (2 scala sources and 11 java sources)[0m
2024.12.26 13:41:49 INFO  time: compiled Exercism_9e528805c5 in 66ms[0m
2024.12.26 13:41:49 INFO  compiling exercism_9e528805c5 (2 scala sources and 11 java sources)[0m
2024.12.26 13:41:49 INFO  time: compiled Exercism_9e528805c5 in 0.18s[0m
2024.12.26 13:41:51 INFO  compiling exercism_9e528805c5 (2 scala sources and 11 java sources)[0m
2024.12.26 13:41:51 INFO  time: compiled Exercism_9e528805c5 in 0.12s[0m
2024.12.26 13:42:44 INFO  compiling exercism_9e528805c5 (2 scala sources and 11 java sources)[0m
2024.12.26 13:42:44 INFO  Deduplicating compilation of Exercism_9e528805c5 from bsp client 'scala-cli 1.5.4' (since 5m 24.283s)[0m
2024.12.26 13:42:44 INFO  compiling exercism_9e528805c5 (2 scala sources and 11 java sources)[0m
2024.12.26 13:42:44 INFO  time: compiled Exercism_9e528805c5 in 0.17s[0m
2024.12.26 13:42:44 INFO  compiling exercism_9e528805c5 (2 scala sources and 11 java sources)[0m
2024.12.26 13:42:44 INFO  time: compiled Exercism_9e528805c5 in 0.19s[0m
2024.12.26 13:42:45 INFO  compiling exercism_9e528805c5 (2 scala sources and 11 java sources)[0m
2024.12.26 13:42:45 INFO  time: compiled Exercism_9e528805c5 in 0.14s[0m
2024.12.26 13:43:07 INFO  compiling exercism_9e528805c5 (2 scala sources and 11 java sources)[0m
2024.12.26 13:43:07 INFO  Deduplicating compilation of Exercism_9e528805c5 from bsp client 'scala-cli 1.5.4' (since 5m 46.986s)[0m
2024.12.26 13:43:07 INFO  compiling exercism_9e528805c5 (2 scala sources and 11 java sources)[0m
2024.12.26 13:43:07 INFO  time: compiled Exercism_9e528805c5 in 0.11s[0m
2024.12.26 13:43:07 INFO  compiling exercism_9e528805c5 (2 scala sources and 11 java sources)[0m
2024.12.26 13:43:07 INFO  time: compiled Exercism_9e528805c5 in 0.16s[0m
2024.12.26 13:43:08 INFO  compiling exercism_9e528805c5 (2 scala sources and 11 java sources)[0m
2024.12.26 13:43:08 INFO  time: compiled Exercism_9e528805c5 in 0.11s[0m
2024.12.26 13:44:31 INFO  compiling exercism_9e528805c5 (2 scala sources and 11 java sources)[0m
2024.12.26 13:44:31 INFO  Deduplicating compilation of Exercism_9e528805c5 from bsp client 'scala-cli 1.5.4' (since 7m 11.569s)[0m
2024.12.26 13:44:31 INFO  compiling exercism_9e528805c5 (2 scala sources and 11 java sources)[0m
2024.12.26 13:44:31 INFO  time: compiled Exercism_9e528805c5 in 59ms[0m
2024.12.26 13:44:31 INFO  compiling exercism_9e528805c5 (2 scala sources and 11 java sources)[0m
2024.12.26 13:44:31 INFO  time: compiled Exercism_9e528805c5 in 0.13s[0m
2024.12.26 13:44:33 INFO  compiling exercism_9e528805c5 (2 scala sources and 11 java sources)[0m
2024.12.26 13:44:33 INFO  time: compiled Exercism_9e528805c5 in 0.12s[0m
2024.12.26 13:45:10 INFO  compiling exercism_9e528805c5 (2 scala sources and 11 java sources)[0m
2024.12.26 13:45:10 INFO  Deduplicating compilation of Exercism_9e528805c5 from bsp client 'scala-cli 1.5.4' (since 7m 50.734s)[0m
2024.12.26 13:45:10 INFO  compiling exercism_9e528805c5 (2 scala sources and 11 java sources)[0m
2024.12.26 13:45:10 INFO  time: compiled Exercism_9e528805c5 in 54ms[0m
2024.12.26 13:45:10 INFO  compiling exercism_9e528805c5 (2 scala sources and 11 java sources)[0m
2024.12.26 13:45:10 INFO  time: compiled Exercism_9e528805c5 in 0.15s[0m
2024.12.26 13:45:12 INFO  compiling exercism_9e528805c5 (2 scala sources and 11 java sources)[0m
2024.12.26 13:45:12 INFO  time: compiled Exercism_9e528805c5 in 0.11s[0m
2024.12.26 13:46:44 INFO  compiling exercism_9e528805c5 (2 scala sources and 11 java sources)[0m
2024.12.26 13:46:44 INFO  Deduplicating compilation of Exercism_9e528805c5 from bsp client 'scala-cli 1.5.4' (since 9m 24.652s)[0m
2024.12.26 13:46:44 INFO  compiling exercism_9e528805c5 (2 scala sources and 11 java sources)[0m
2024.12.26 13:46:44 INFO  time: compiled Exercism_9e528805c5 in 90ms[0m
2024.12.26 13:46:44 INFO  compiling exercism_9e528805c5 (2 scala sources and 11 java sources)[0m
2024.12.26 13:46:44 INFO  time: compiled Exercism_9e528805c5 in 0.14s[0m
2024.12.26 13:46:46 INFO  compiling exercism_9e528805c5 (2 scala sources and 11 java sources)[0m
2024.12.26 13:46:46 INFO  time: compiled Exercism_9e528805c5 in 0.12s[0m
2024.12.26 13:46:55 INFO  no build target found for D:\Work\Project\Exercism\scala\triangle\build.sbt. Using presentation compiler with project's scala-library version: 3.5.2[0m
2024.12.26 13:46:57 INFO  no build target found for D:\Work\Project\Exercism\scala\triangle\build.sbt. Using presentation compiler with project's scala-library version: 3.5.2[0m
2024.12.26 13:50:13 INFO  compiling exercism_9e528805c5 (2 scala sources and 11 java sources)[0m
2024.12.26 13:50:13 INFO  Deduplicating compilation of Exercism_9e528805c5 from bsp client 'scala-cli 1.5.4' (since 12m 53.279s)[0m
2024.12.26 13:50:13 INFO  compiling exercism_9e528805c5 (2 scala sources and 11 java sources)[0m
2024.12.26 13:50:13 INFO  time: compiled Exercism_9e528805c5 in 88ms[0m
2024.12.26 13:50:13 INFO  compiling exercism_9e528805c5 (2 scala sources and 11 java sources)[0m
2024.12.26 13:50:13 INFO  time: compiled Exercism_9e528805c5 in 0.15s[0m
2024.12.26 13:50:15 INFO  compiling exercism_9e528805c5 (2 scala sources and 11 java sources)[0m
2024.12.26 13:50:15 INFO  time: compiled Exercism_9e528805c5 in 0.11s[0m
2024.12.26 13:50:15 INFO  compiling exercism_9e528805c5 (2 scala sources and 11 java sources)[0m
2024.12.26 13:50:15 INFO  time: compiled Exercism_9e528805c5 in 94ms[0m
2024.12.26 13:51:10 INFO  compiling exercism_9e528805c5 (2 scala sources and 11 java sources)[0m
2024.12.26 13:51:10 INFO  Deduplicating compilation of Exercism_9e528805c5 from bsp client 'scala-cli 1.5.4' (since 13m 50.716s)[0m
2024.12.26 13:51:10 INFO  compiling exercism_9e528805c5 (2 scala sources and 11 java sources)[0m
2024.12.26 13:51:10 INFO  time: compiled Exercism_9e528805c5 in 89ms[0m
2024.12.26 13:51:10 INFO  compiling exercism_9e528805c5 (2 scala sources and 11 java sources)[0m
2024.12.26 13:51:10 INFO  time: compiled Exercism_9e528805c5 in 0.12s[0m
2024.12.26 13:51:10 INFO  compiling exercism_9e528805c5 (2 scala sources and 11 java sources)[0m
2024.12.26 13:51:11 INFO  time: compiled Exercism_9e528805c5 in 0.14s[0m
2024.12.26 13:51:11 INFO  compiling exercism_9e528805c5 (2 scala sources and 11 java sources)[0m
2024.12.26 13:51:11 INFO  time: compiled Exercism_9e528805c5 in 0.11s[0m
2024.12.26 13:51:13 INFO  compiling exercism_9e528805c5 (2 scala sources and 11 java sources)[0m
2024.12.26 13:51:13 INFO  time: compiled Exercism_9e528805c5 in 94ms[0m
2024.12.26 13:51:42 INFO  compiling exercism_9e528805c5 (2 scala sources and 11 java sources)[0m
2024.12.26 13:51:42 INFO  Deduplicating compilation of Exercism_9e528805c5 from bsp client 'scala-cli 1.5.4' (since 14m 22.238s)[0m
2024.12.26 13:51:42 INFO  compiling exercism_9e528805c5 (2 scala sources and 11 java sources)[0m
2024.12.26 13:51:42 INFO  time: compiled Exercism_9e528805c5 in 41ms[0m
2024.12.26 13:51:42 INFO  compiling exercism_9e528805c5 (2 scala sources and 11 java sources)[0m
2024.12.26 13:51:42 INFO  time: compiled Exercism_9e528805c5 in 0.1s[0m
2024.12.26 13:51:43 INFO  compiling exercism_9e528805c5 (2 scala sources and 11 java sources)[0m
2024.12.26 13:51:43 INFO  time: compiled Exercism_9e528805c5 in 81ms[0m
2024.12.26 13:56:31 INFO  compiling exercism_9e528805c5 (2 scala sources and 11 java sources)[0m
2024.12.26 13:56:31 INFO  Deduplicating compilation of Exercism_9e528805c5 from bsp client 'scala-cli 1.5.4' (since 19m 11.831s)[0m
2024.12.26 13:56:31 INFO  compiling exercism_9e528805c5 (2 scala sources and 11 java sources)[0m
2024.12.26 13:56:31 INFO  time: compiled Exercism_9e528805c5 in 0.11s[0m
2024.12.26 13:56:31 INFO  compiling exercism_9e528805c5 (2 scala sources and 11 java sources)[0m
2024.12.26 13:56:31 INFO  time: compiled Exercism_9e528805c5 in 0.12s[0m
2024.12.26 13:56:31 INFO  compiling exercism_9e528805c5 (2 scala sources and 11 java sources)[0m
2024.12.26 13:56:31 INFO  time: compiled Exercism_9e528805c5 in 0.11s[0m
2024.12.26 13:56:35 INFO  compiling exercism_9e528805c5 (2 scala sources and 11 java sources)[0m
2024.12.26 13:56:35 INFO  Deduplicating compilation of Exercism_9e528805c5 from bsp client 'scala-cli 1.5.4' (since 19m 14.9s)[0m
2024.12.26 13:56:35 INFO  compiling exercism_9e528805c5 (2 scala sources and 11 java sources)[0m
2024.12.26 13:56:35 INFO  time: compiled Exercism_9e528805c5 in 89ms[0m
2024.12.26 13:56:35 INFO  compiling exercism_9e528805c5 (2 scala sources and 11 java sources)[0m
2024.12.26 13:56:35 INFO  time: compiled Exercism_9e528805c5 in 87ms[0m
2024.12.26 13:56:36 INFO  compiling exercism_9e528805c5 (2 scala sources and 11 java sources)[0m
2024.12.26 13:56:36 INFO  time: compiled Exercism_9e528805c5 in 91ms[0m
2024.12.26 13:57:13 INFO  compiling exercism_9e528805c5 (2 scala sources and 11 java sources)[0m
2024.12.26 13:57:13 INFO  Deduplicating compilation of Exercism_9e528805c5 from bsp client 'scala-cli 1.5.4' (since 19m 53.94s)[0m
2024.12.26 13:57:13 INFO  compiling exercism_9e528805c5 (2 scala sources and 11 java sources)[0m
2024.12.26 13:57:13 INFO  time: compiled Exercism_9e528805c5 in 24ms[0m
2024.12.26 13:57:13 INFO  compiling exercism_9e528805c5 (2 scala sources and 11 java sources)[0m
2024.12.26 13:57:13 INFO  time: compiled Exercism_9e528805c5 in 0.14s[0m
2024.12.26 13:57:15 INFO  compiling exercism_9e528805c5 (2 scala sources and 11 java sources)[0m
2024.12.26 13:57:15 INFO  time: compiled Exercism_9e528805c5 in 0.1s[0m
2024.12.26 13:58:15 INFO  compiling exercism_9e528805c5 (2 scala sources and 11 java sources)[0m
2024.12.26 13:58:15 INFO  Deduplicating compilation of Exercism_9e528805c5 from bsp client 'scala-cli 1.5.4' (since 20m 55.37s)[0m
2024.12.26 13:58:15 INFO  compiling exercism_9e528805c5 (2 scala sources and 11 java sources)[0m
2024.12.26 13:58:15 INFO  time: compiled Exercism_9e528805c5 in 50ms[0m
2024.12.26 13:58:15 INFO  compiling exercism_9e528805c5 (2 scala sources and 11 java sources)[0m
2024.12.26 13:58:15 INFO  time: compiled Exercism_9e528805c5 in 0.1s[0m
2024.12.26 13:58:17 INFO  compiling exercism_9e528805c5 (2 scala sources and 11 java sources)[0m
2024.12.26 13:58:17 INFO  time: compiled Exercism_9e528805c5 in 96ms[0m
2024.12.26 13:58:25 INFO  compiling exercism_9e528805c5 (2 scala sources and 11 java sources)[0m
2024.12.26 13:58:25 INFO  time: compiled Exercism_9e528805c5 in 0.13s[0m
2024.12.26 13:58:25 INFO  compiling exercism_9e528805c5 (2 scala sources and 11 java sources)[0m
2024.12.26 13:58:25 INFO  time: compiled Exercism_9e528805c5 in 92ms[0m
2024.12.26 13:58:25 INFO  compiling exercism_9e528805c5 (2 scala sources and 11 java sources)[0m
2024.12.26 13:58:25 INFO  time: compiled Exercism_9e528805c5 in 98ms[0m
2024.12.26 13:58:26 INFO  compiling exercism_9e528805c5 (2 scala sources and 11 java sources)[0m
2024.12.26 13:58:26 INFO  time: compiled Exercism_9e528805c5 in 92ms[0m
2024.12.26 13:59:27 INFO  compiling exercism_9e528805c5 (2 scala sources and 11 java sources)[0m
2024.12.26 13:59:27 INFO  Deduplicating compilation of Exercism_9e528805c5 from bsp client 'scala-cli 1.5.4' (since 22m 7.367s)[0m
2024.12.26 13:59:27 INFO  compiling exercism_9e528805c5 (2 scala sources and 11 java sources)[0m
2024.12.26 13:59:27 INFO  time: compiled Exercism_9e528805c5 in 76ms[0m
2024.12.26 13:59:27 INFO  compiling exercism_9e528805c5 (2 scala sources and 11 java sources)[0m
2024.12.26 13:59:27 INFO  time: compiled Exercism_9e528805c5 in 0.13s[0m
2024.12.26 13:59:29 INFO  compiling exercism_9e528805c5 (2 scala sources and 11 java sources)[0m
2024.12.26 13:59:29 INFO  time: compiled Exercism_9e528805c5 in 0.1s[0m
2024.12.26 13:59:31 INFO  compiling exercism_9e528805c5 (2 scala sources and 11 java sources)[0m
2024.12.26 13:59:31 INFO  Deduplicating compilation of Exercism_9e528805c5 from bsp client 'scala-cli 1.5.4' (since 22m 11.645s)[0m
2024.12.26 13:59:31 INFO  compiling exercism_9e528805c5 (2 scala sources and 11 java sources)[0m
2024.12.26 13:59:31 INFO  time: compiled Exercism_9e528805c5 in 31ms[0m
2024.12.26 13:59:31 INFO  compiling exercism_9e528805c5 (2 scala sources and 11 java sources)[0m
2024.12.26 13:59:31 INFO  time: compiled Exercism_9e528805c5 in 84ms[0m
2024.12.26 13:59:32 INFO  compiling exercism_9e528805c5 (2 scala sources and 11 java sources)[0m
2024.12.26 13:59:32 INFO  time: compiled Exercism_9e528805c5 in 93ms[0m
2024.12.26 14:01:24 INFO  compiling exercism_9e528805c5 (2 scala sources and 11 java sources)[0m
2024.12.26 14:01:24 INFO  Deduplicating compilation of Exercism_9e528805c5 from bsp client 'scala-cli 1.5.4' (since 24m 4.125s)[0m
2024.12.26 14:01:24 INFO  compiling exercism_9e528805c5 (2 scala sources and 11 java sources)[0m
2024.12.26 14:01:24 INFO  time: compiled Exercism_9e528805c5 in 32ms[0m
2024.12.26 14:01:24 INFO  compiling exercism_9e528805c5 (2 scala sources and 11 java sources)[0m
2024.12.26 14:01:24 INFO  time: compiled Exercism_9e528805c5 in 0.11s[0m
2024.12.26 14:01:25 INFO  compiling exercism_9e528805c5 (2 scala sources and 11 java sources)[0m
2024.12.26 14:01:25 INFO  time: compiled Exercism_9e528805c5 in 81ms[0m
2024.12.26 14:04:46 INFO  compiling exercism_9e528805c5 (2 scala sources and 11 java sources)[0m
2024.12.26 14:04:46 INFO  Deduplicating compilation of Exercism_9e528805c5 from bsp client 'scala-cli 1.5.4' (since 27m 25.936s)[0m
2024.12.26 14:04:46 INFO  compiling exercism_9e528805c5 (2 scala sources and 11 java sources)[0m
2024.12.26 14:04:46 INFO  time: compiled Exercism_9e528805c5 in 63ms[0m
2024.12.26 14:04:46 INFO  compiling exercism_9e528805c5 (2 scala sources and 11 java sources)[0m
2024.12.26 14:04:46 INFO  time: compiled Exercism_9e528805c5 in 0.11s[0m
2024.12.26 14:04:47 INFO  compiling exercism_9e528805c5 (2 scala sources and 11 java sources)[0m
2024.12.26 14:04:47 INFO  time: compiled Exercism_9e528805c5 in 87ms[0m
2024.12.26 14:05:19 INFO  compiling exercism_9e528805c5 (2 scala sources and 11 java sources)[0m
2024.12.26 14:05:19 INFO  Deduplicating compilation of Exercism_9e528805c5 from bsp client 'scala-cli 1.5.4' (since 27m 59.06s)[0m
2024.12.26 14:05:19 INFO  compiling exercism_9e528805c5 (2 scala sources and 11 java sources)[0m
2024.12.26 14:05:19 INFO  time: compiled Exercism_9e528805c5 in 45ms[0m
2024.12.26 14:05:19 INFO  compiling exercism_9e528805c5 (2 scala sources and 11 java sources)[0m
2024.12.26 14:05:19 INFO  time: compiled Exercism_9e528805c5 in 85ms[0m
2024.12.26 14:05:20 INFO  compiling exercism_9e528805c5 (2 scala sources and 11 java sources)[0m
2024.12.26 14:05:20 INFO  time: compiled Exercism_9e528805c5 in 85ms[0m
2024.12.26 14:14:56 INFO  Shutting down server[0m
2024.12.26 14:14:56 INFO  shutting down Metals[0m
2024.12.26 14:14:56 INFO  Shut down connection with build server.[0m
Dec 26, 2024 2:14:56 PM io.undertow.Undertow stop
INFO: stopping server: Undertow - 2.2.20.Final
java.util.concurrent.RejectedExecutionException: Task Future(<not completed>) rejected from java.util.concurrent.ThreadPoolExecutor@17d677df[Shutting down, pool size = 2, active threads = 2, queued tasks = 0, completed tasks = 23034]
	at java.base/java.util.concurrent.ThreadPoolExecutor$AbortPolicy.rejectedExecution(ThreadPoolExecutor.java:2082)
	at java.base/java.util.concurrent.ThreadPoolExecutor.reject(ThreadPoolExecutor.java:841)
	at java.base/java.util.concurrent.ThreadPoolExecutor.execute(ThreadPoolExecutor.java:1377)
	at scala.concurrent.impl.ExecutionContextImpl.execute(ExecutionContextImpl.scala:21)
	at scala.concurrent.impl.Promise$Transformation.submitWithValue(Promise.scala:429)
	at scala.concurrent.impl.Promise$DefaultPromise.submitWithValue(Promise.scala:338)
	at scala.concurrent.impl.Promise$DefaultPromise.tryComplete0(Promise.scala:285)
	at scala.concurrent.impl.Promise$Transformation.handleFailure(Promise.scala:444)
	at scala.concurrent.impl.Promise$Transformation.submitWithValue(Promise.scala:435)
	at scala.concurrent.impl.Promise$DefaultPromise.submitWithValue(Promise.scala:338)
	at scala.concurrent.impl.Promise$DefaultPromise.tryComplete0(Promise.scala:285)
	at scala.concurrent.impl.Promise$Transformation.handleFailure(Promise.scala:444)
	at scala.concurrent.impl.Promise$Transformation.run(Promise.scala:506)
	at java.base/java.util.concurrent.ThreadPoolExecutor.runWorker(ThreadPoolExecutor.java:1144)
	at java.base/java.util.concurrent.ThreadPoolExecutor$Worker.run(ThreadPoolExecutor.java:642)
	at java.base/java.lang.Thread.run(Thread.java:1575)
2024.12.26 16:53:50 INFO  tracing is disabled for protocol LSP, to enable tracing of incoming and outgoing JSON messages create an empty file at D:\Work\Project\Exercism\.metals\lsp.trace.json[0m
2024.12.26 16:53:52 INFO  logging to files D:\Work\Project\Exercism\.metals\metals.log[0m
2024.12.26 16:53:52 INFO  Started: Metals version 1.4.2 in folders 'D:\Work\Project\Exercism' for client Neovim 0.10.1+g7e194f0d0.[0m
2024.12.26 16:53:53 INFO  Attempting to connect to the build server...[0m
2024.12.26 16:53:53 INFO  Running BSP server List(C:\Users\NguyenToan\AppData\Local\Coursier\data\bin\.scala-cli.aux.exe, bsp, --json-options, D:\Work\Project\Exercism\.scala-build\ide-options-v2.json, --json-launcher-options, D:\Work\Project\Exercism\.scala-build\ide-launcher-options.json, --envs-file, D:\Work\Project\Exercism\.scala-build\ide-envs.json, D:\Work\Project\Exercism)[0m
2024.12.26 16:53:53 INFO  tracing is disabled for protocol BSP, to enable tracing of incoming and outgoing JSON messages create an empty file at D:\Work\Project\Exercism\.metals\bsp.trace.json[0m
2024.12.26 16:53:59 INFO  time: Connected to build server in 6.65s[0m
2024.12.26 16:53:59 INFO  Connected to Build server: scala-cli v1.5.4[0m
2024.12.26 16:54:00 INFO  running doctor check[0m
2024.12.26 16:54:00 INFO  java targets: Exercism_9e528805c5, Exercism_9e528805c5-test[0m
2024.12.26 16:54:00 WARN  Unable to run doctor. Make sure `isHttpEnabled` is set to `true`.[0m
2024.12.26 16:54:00 INFO  compiling exercism_9e528805c5 (3 scala sources and 11 java sources)[0m
2024.12.26 16:54:00 INFO  time: compiled Exercism_9e528805c5 in 0.75s[0m
2024.12.26 16:54:00 INFO  compiling exercism_9e528805c5 (3 scala sources and 11 java sources)[0m
2024.12.26 16:54:02 INFO  time: compiled Exercism_9e528805c5 in 0.37s[0m
2024.12.26 16:54:03 INFO  time: indexed workspace in 4.04s[0m
2024.12.26 16:54:04 INFO  compiling exercism_9e528805c5 (3 scala sources and 11 java sources)[0m
2024.12.26 16:54:04 INFO  time: compiled Exercism_9e528805c5 in 0.56s[0m
2024.12.26 16:54:05 WARN  Error while refreshing semantic tokens: null
org.eclipse.lsp4j.jsonrpc.ResponseErrorException: ...rrent/share/nvim/runtime/lua/vim/lsp/semantic_tokens.lua:292: attempt to index field 'semanticTokensProvider' (a nil value)
	at org.eclipse.lsp4j.jsonrpc.RemoteEndpoint.handleResponse(RemoteEndpoint.java:220)
	at org.eclipse.lsp4j.jsonrpc.RemoteEndpoint.consume(RemoteEndpoint.java:204)
	at org.eclipse.lsp4j.jsonrpc.json.StreamMessageProducer.handleMessage(StreamMessageProducer.java:185)
	at org.eclipse.lsp4j.jsonrpc.json.StreamMessageProducer.listen(StreamMessageProducer.java:97)
	at org.eclipse.lsp4j.jsonrpc.json.ConcurrentMessageProcessor.run(ConcurrentMessageProcessor.java:114)
	at java.util.concurrent.Executors$RunnableAdapter.call(Executors.java:572)
	at java.util.concurrent.FutureTask.run(FutureTask.java:317)
	at java.util.concurrent.ThreadPoolExecutor.runWorker(ThreadPoolExecutor.java:1144)
	at java.util.concurrent.ThreadPoolExecutor$Worker.run(ThreadPoolExecutor.java:642)
	at java.lang.Thread.run(Thread.java:1575)
[0m
2024.12.26 16:54:05 INFO  Selected port 5031[0m
Dec 26, 2024 4:54:05 PM io.undertow.Undertow start
INFO: starting server: Undertow - 2.2.20.Final
Dec 26, 2024 4:54:05 PM org.xnio.Xnio <clinit>
INFO: XNIO version 3.8.16.Final
Dec 26, 2024 4:54:05 PM org.xnio.nio.NioXnio <clinit>
INFO: XNIO NIO Implementation Version 3.8.16.Final
Dec 26, 2024 4:54:06 PM org.jboss.threads.Version <clinit>
INFO: JBoss Threads version 3.1.0.Final
2024.12.26 16:54:05 INFO  Started Metals http server at http://127.0.0.1:5031[0m
2024.12.26 16:54:06 INFO  compiling exercism_9e528805c5 (3 scala sources and 11 java sources)[0m
2024.12.26 16:54:06 INFO  time: compiled Exercism_9e528805c5 in 0.8s[0m
2024.12.26 16:54:39 INFO  compiling exercism_9e528805c5 (3 scala sources and 11 java sources)[0m
2024.12.26 16:54:39 INFO  Deduplicating compilation of Exercism_9e528805c5 from bsp client 'scala-cli 1.5.4' (since 43.745s)[0m
2024.12.26 16:54:39 INFO  compiling exercism_9e528805c5 (3 scala sources and 11 java sources)[0m
2024.12.26 16:54:39 INFO  time: compiled Exercism_9e528805c5 in 0.22s[0m
2024.12.26 16:54:39 INFO  compiling exercism_9e528805c5 (3 scala sources and 11 java sources)[0m
2024.12.26 16:54:39 INFO  time: compiled Exercism_9e528805c5 in 0.21s[0m
2024.12.26 16:54:40 INFO  compiling exercism_9e528805c5 (3 scala sources and 11 java sources)[0m
2024.12.26 16:54:40 INFO  time: compiled Exercism_9e528805c5 in 0.26s[0m
2024.12.26 16:54:40 INFO  compiling exercism_9e528805c5 (3 scala sources and 11 java sources)[0m
2024.12.26 16:54:41 INFO  time: compiled Exercism_9e528805c5 in 0.14s[0m
2024.12.26 16:54:41 INFO  compiling exercism_9e528805c5 (3 scala sources and 11 java sources)[0m
2024.12.26 16:54:42 INFO  Shutting down server[0m
2024.12.26 16:54:42 INFO  shutting down Metals[0m
2024.12.26 16:54:42 INFO  Shut down connection with build server.[0m
2024.12.26 16:54:42 INFO  Cancelling compilation on scala-cli server[0m
Dec 26, 2024 4:54:42 PM io.undertow.Undertow stop
INFO: stopping server: Undertow - 2.2.20.Final
java.util.concurrent.RejectedExecutionException: Task Future(<not completed>) rejected from java.util.concurrent.ThreadPoolExecutor@17d677df[Shutting down, pool size = 4, active threads = 4, queued tasks = 0, completed tasks = 1098]
	at java.base/java.util.concurrent.ThreadPoolExecutor$AbortPolicy.rejectedExecution(ThreadPoolExecutor.java:2082)
	at java.base/java.util.concurrent.ThreadPoolExecutor.reject(ThreadPoolExecutor.java:841)
	at java.base/java.util.concurrent.ThreadPoolExecutor.execute(ThreadPoolExecutor.java:1377)
	at scala.concurrent.impl.ExecutionContextImpl.execute(ExecutionContextImpl.scala:21)
	at scala.concurrent.impl.Promise$Transformation.submitWithValue(Promise.scala:429)
	at scala.concurrent.impl.Promise$DefaultPromise.submitWithValue(Promise.scala:338)
	at scala.concurrent.impl.Promise$DefaultPromise.tryComplete0(Promise.scala:285)
	at scala.concurrent.impl.Promise$Transformation.handleFailure(Promise.scala:444)
	at scala.concurrent.impl.Promise$Transformation.submitWithValue(Promise.scala:435)
	at scala.concurrent.impl.Promise$DefaultPromise.submitWithValue(Promise.scala:338)
	at scala.concurrent.impl.Promise$DefaultPromise.tryComplete0(Promise.scala:285)
	at scala.concurrent.impl.Promise$Transformation.handleFailure(Promise.scala:444)
	at scala.concurrent.impl.Promise$Transformation.run(Promise.scala:506)
	at java.base/java.util.concurrent.ThreadPoolExecutor.runWorker(ThreadPoolExecutor.java:1144)
	at java.base/java.util.concurrent.ThreadPoolExecutor$Worker.run(ThreadPoolExecutor.java:642)
	at java.base/java.lang.Thread.run(Thread.java:1575)
java.util.concurrent.RejectedExecutionException: Task Future(<not completed>) rejected from java.util.concurrent.ThreadPoolExecutor@17d677df[Shutting down, pool size = 4, active threads = 4, queued tasks = 0, completed tasks = 1098]
	at java.base/java.util.concurrent.ThreadPoolExecutor$AbortPolicy.rejectedExecution(ThreadPoolExecutor.java:2082)
	at java.base/java.util.concurrent.ThreadPoolExecutor.reject(ThreadPoolExecutor.java:841)
	at java.base/java.util.concurrent.ThreadPoolExecutor.execute(ThreadPoolExecutor.java:1377)
	at scala.concurrent.impl.ExecutionContextImpl.execute(ExecutionContextImpl.scala:21)
	at scala.concurrent.impl.Promise$Transformation.submitWithValue(Promise.scala:429)
	at scala.concurrent.impl.Promise$DefaultPromise.submitWithValue(Promise.scala:338)
	at scala.concurrent.impl.Promise$DefaultPromise.tryComplete0(Promise.scala:285)
	at scala.concurrent.impl.Promise$Transformation.handleFailure(Promise.scala:444)
	at scala.concurrent.impl.Promise$Transformation.submitWithValue(Promise.scala:435)
	at scala.concurrent.impl.Promise$DefaultPromise.submitWithValue(Promise.scala:338)
	at scala.concurrent.impl.Promise$DefaultPromise.tryComplete0(Promise.scala:285)
	at scala.concurrent.impl.Promise$Transformation.handleFailure(Promise.scala:444)
	at scala.concurrent.impl.Promise$Transformation.run(Promise.scala:506)
	at java.base/java.util.concurrent.ThreadPoolExecutor.runWorker(ThreadPoolExecutor.java:1144)
	at java.base/java.util.concurrent.ThreadPoolExecutor$Worker.run(ThreadPoolExecutor.java:642)
	at java.base/java.lang.Thread.run(Thread.java:1575)
2024.12.26 16:54:46 INFO  tracing is disabled for protocol LSP, to enable tracing of incoming and outgoing JSON messages create an empty file at D:\Work\Project\Exercism\.metals\lsp.trace.json[0m
2024.12.26 16:54:47 INFO  logging to files D:\Work\Project\Exercism\.metals\metals.log[0m
2024.12.26 16:54:47 INFO  Started: Metals version 1.4.2 in folders 'D:\Work\Project\Exercism' for client Neovim 0.10.1+g7e194f0d0.[0m
2024.12.26 16:54:50 INFO  no build target found for D:\Work\Project\Exercism\scala\bob\src\main\scala\Bob.scala. Using presentation compiler with project's scala-library version: 3.3.4[0m
2024.12.26 16:54:51 INFO  Attempting to connect to the build server...[0m
2024.12.26 16:54:51 INFO  Running BSP server List(C:\Users\NguyenToan\AppData\Local\Coursier\data\bin\.scala-cli.aux.exe, bsp, --json-options, D:\Work\Project\Exercism\.scala-build\ide-options-v2.json, --json-launcher-options, D:\Work\Project\Exercism\.scala-build\ide-launcher-options.json, --envs-file, D:\Work\Project\Exercism\.scala-build\ide-envs.json, D:\Work\Project\Exercism)[0m
2024.12.26 16:54:51 INFO  tracing is disabled for protocol BSP, to enable tracing of incoming and outgoing JSON messages create an empty file at D:\Work\Project\Exercism\.metals\bsp.trace.json[0m
2024.12.26 16:54:52 INFO  no build target found for D:\Work\Project\Exercism\scala\bob\src\main\scala\Bob.scala. Using presentation compiler with project's scala-library version: 3.3.4[0m
2024.12.26 16:54:52 INFO  no build target found for D:\Work\Project\Exercism\scala\bob\src\main\scala\Bob.scala. Using presentation compiler with project's scala-library version: 3.3.4[0m
2024.12.26 16:54:52 INFO  no build target found for D:\Work\Project\Exercism\scala\bob\src\main\scala\Bob.scala. Using presentation compiler with project's scala-library version: 3.3.4[0m
2024.12.26 16:54:52 INFO  no build target found for D:\Work\Project\Exercism\scala\bob\src\main\scala\Bob.scala. Using presentation compiler with project's scala-library version: 3.3.4[0m
2024.12.26 16:54:52 INFO  no build target found for D:\Work\Project\Exercism\scala\bob\src\main\scala\Bob.scala. Using presentation compiler with project's scala-library version: 3.3.4[0m
2024.12.26 16:54:52 INFO  no build target found for D:\Work\Project\Exercism\scala\bob\src\main\scala\Bob.scala. Using presentation compiler with project's scala-library version: 3.3.4[0m
2024.12.26 16:54:52 INFO  no build target found for D:\Work\Project\Exercism\scala\bob\src\main\scala\Bob.scala. Using presentation compiler with project's scala-library version: 3.3.4[0m
2024.12.26 16:54:52 INFO  no build target found for D:\Work\Project\Exercism\scala\bob\src\main\scala\Bob.scala. Using presentation compiler with project's scala-library version: 3.3.4[0m
2024.12.26 16:54:52 INFO  no build target found for D:\Work\Project\Exercism\scala\bob\src\main\scala\Bob.scala. Using presentation compiler with project's scala-library version: 3.3.4[0m
2024.12.26 16:54:56 INFO  time: Connected to build server in 5.44s[0m
2024.12.26 16:54:56 INFO  Connected to Build server: scala-cli v1.5.4[0m
2024.12.26 16:54:56 INFO  running doctor check[0m
2024.12.26 16:54:56 INFO  java targets: Exercism_9e528805c5, Exercism_9e528805c5-test[0m
2024.12.26 16:54:56 WARN  Unable to run doctor. Make sure `isHttpEnabled` is set to `true`.[0m
2024.12.26 16:54:57 INFO  compiling exercism_9e528805c5 (3 scala sources and 11 java sources)[0m
2024.12.26 16:54:57 INFO  time: compiled Exercism_9e528805c5 in 0.34s[0m
2024.12.26 16:54:57 INFO  compiling exercism_9e528805c5 (3 scala sources and 11 java sources)[0m
2024.12.26 16:54:57 INFO  time: compiled Exercism_9e528805c5 in 0.17s[0m
2024.12.26 16:54:59 INFO  time: indexed workspace in 3.31s[0m
2024.12.26 16:55:00 INFO  compiling exercism_9e528805c5 (3 scala sources and 11 java sources)[0m
2024.12.26 16:55:00 INFO  time: compiled Exercism_9e528805c5 in 0.29s[0m
2024.12.26 16:55:01 INFO  Selected port 5031[0m
Dec 26, 2024 4:55:01 PM io.undertow.Undertow start
INFO: starting server: Undertow - 2.2.20.Final
Dec 26, 2024 4:55:01 PM org.xnio.Xnio <clinit>
INFO: XNIO version 3.8.16.Final
Dec 26, 2024 4:55:01 PM org.xnio.nio.NioXnio <clinit>
INFO: XNIO NIO Implementation Version 3.8.16.Final
Dec 26, 2024 4:55:01 PM org.jboss.threads.Version <clinit>
INFO: JBoss Threads version 3.1.0.Final
2024.12.26 16:55:01 INFO  Started Metals http server at http://127.0.0.1:5031[0m
2024.12.26 16:55:02 INFO  compiling exercism_9e528805c5 (3 scala sources and 11 java sources)[0m
2024.12.26 16:55:02 INFO  time: compiled Exercism_9e528805c5 in 0.32s[0m
2024.12.26 16:55:03 INFO  compiling exercism_9e528805c5 (3 scala sources and 11 java sources)[0m
2024.12.26 16:55:03 INFO  time: compiled Exercism_9e528805c5 in 0.19s[0m
Dec 26, 2024 4:55:34 PM scala.meta.internal.pc.CompilerAccess handleError
SEVERE: A severe compiler error occurred, full details of the error can be found in the error report D:\Work\Project\Exercism\.metals\.reports\metals-full\2024-12-26\r_compiler-error_(Exercism_9e528805c5)_16-55-34-472.md
2024.12.26 16:55:48 INFO  compiling exercism_9e528805c5 (3 scala sources and 11 java sources)[0m
2024.12.26 16:55:48 INFO  Deduplicating compilation of Exercism_9e528805c5 from bsp client 'scala-cli 1.5.4' (since 55.697s)[0m
2024.12.26 16:55:48 INFO  compiling exercism_9e528805c5 (3 scala sources and 11 java sources)[0m
2024.12.26 16:55:49 INFO  time: compiled Exercism_9e528805c5 in 0.88s[0m
2024.12.26 16:55:49 INFO  compiling exercism_9e528805c5 (3 scala sources and 11 java sources)[0m
2024.12.26 16:55:51 INFO  time: compiled Exercism_9e528805c5 in 1.2s[0m
2024.12.26 16:55:51 INFO  compiling exercism_9e528805c5 (3 scala sources and 11 java sources)[0m
2024.12.26 16:55:51 INFO  time: compiled Exercism_9e528805c5 in 0.47s[0m
2024.12.26 16:55:58 INFO  compiling exercism_9e528805c5 (3 scala sources and 11 java sources)[0m
2024.12.26 16:55:58 INFO  Deduplicating compilation of Exercism_9e528805c5 from bsp client 'scala-cli 1.5.4' (since 1m 5.596s)[0m
2024.12.26 16:55:58 INFO  compiling exercism_9e528805c5 (3 scala sources and 11 java sources)[0m
2024.12.26 16:55:58 INFO  time: compiled Exercism_9e528805c5 in 0.35s[0m
2024.12.26 16:55:58 INFO  compiling exercism_9e528805c5 (3 scala sources and 11 java sources)[0m
2024.12.26 16:55:58 INFO  time: compiled Exercism_9e528805c5 in 0.41s[0m
2024.12.26 16:56:00 INFO  compiling exercism_9e528805c5 (3 scala sources and 11 java sources)[0m
2024.12.26 16:56:00 INFO  time: compiled Exercism_9e528805c5 in 0.31s[0m
2024.12.26 16:56:08 INFO  compiling exercism_9e528805c5 (3 scala sources and 11 java sources)[0m
2024.12.26 16:56:08 INFO  Deduplicating compilation of Exercism_9e528805c5 from bsp client 'scala-cli 1.5.4' (since 1m 15.128s)[0m
2024.12.26 16:56:08 INFO  compiling exercism_9e528805c5 (3 scala sources and 11 java sources)[0m
2024.12.26 16:56:08 INFO  time: compiled Exercism_9e528805c5 in 0.11s[0m
2024.12.26 16:56:08 INFO  compiling exercism_9e528805c5 (3 scala sources and 11 java sources)[0m
2024.12.26 16:56:08 INFO  time: compiled Exercism_9e528805c5 in 0.13s[0m
2024.12.26 16:56:09 INFO  compiling exercism_9e528805c5 (3 scala sources and 11 java sources)[0m
2024.12.26 16:56:09 INFO  time: compiled Exercism_9e528805c5 in 74ms[0m
2024.12.26 16:56:17 INFO  compiling exercism_9e528805c5 (3 scala sources and 11 java sources)[0m
2024.12.26 16:56:17 INFO  Deduplicating compilation of Exercism_9e528805c5 from bsp client 'scala-cli 1.5.4' (since 1m 24.636s)[0m
2024.12.26 16:56:17 INFO  compiling exercism_9e528805c5 (3 scala sources and 11 java sources)[0m
2024.12.26 16:56:17 INFO  time: compiled Exercism_9e528805c5 in 24ms[0m
2024.12.26 16:56:17 INFO  compiling exercism_9e528805c5 (3 scala sources and 11 java sources)[0m
2024.12.26 16:56:17 INFO  time: compiled Exercism_9e528805c5 in 0.11s[0m
2024.12.26 16:56:19 INFO  compiling exercism_9e528805c5 (3 scala sources and 11 java sources)[0m
2024.12.26 16:56:19 INFO  time: compiled Exercism_9e528805c5 in 78ms[0m
2024.12.26 16:57:55 INFO  compiling exercism_9e528805c5 (3 scala sources and 11 java sources)[0m
2024.12.26 16:57:55 INFO  Deduplicating compilation of Exercism_9e528805c5 from bsp client 'scala-cli 1.5.4' (since 3m 2.382s)[0m
2024.12.26 16:57:55 INFO  compiling exercism_9e528805c5 (3 scala sources and 11 java sources)[0m
2024.12.26 16:57:55 INFO  time: compiled Exercism_9e528805c5 in 0.17s[0m
2024.12.26 16:57:55 INFO  compiling exercism_9e528805c5 (3 scala sources and 11 java sources)[0m
2024.12.26 16:57:55 INFO  time: compiled Exercism_9e528805c5 in 0.17s[0m
2024.12.26 16:57:57 INFO  compiling exercism_9e528805c5 (3 scala sources and 11 java sources)[0m
2024.12.26 16:57:57 INFO  time: compiled Exercism_9e528805c5 in 0.17s[0m
2024.12.26 17:02:18 INFO  compiling exercism_9e528805c5 (3 scala sources and 11 java sources)[0m
2024.12.26 17:02:18 INFO  Deduplicating compilation of Exercism_9e528805c5 from bsp client 'scala-cli 1.5.4' (since 7m 25.694s)[0m
2024.12.26 17:02:18 INFO  compiling exercism_9e528805c5 (3 scala sources and 11 java sources)[0m
2024.12.26 17:02:18 INFO  time: compiled Exercism_9e528805c5 in 24ms[0m
2024.12.26 17:02:18 INFO  compiling exercism_9e528805c5 (3 scala sources and 11 java sources)[0m
2024.12.26 17:02:18 INFO  time: compiled Exercism_9e528805c5 in 91ms[0m
2024.12.26 17:02:20 INFO  compiling exercism_9e528805c5 (3 scala sources and 11 java sources)[0m
2024.12.26 17:02:20 INFO  time: compiled Exercism_9e528805c5 in 78ms[0m
2024.12.26 17:03:46 INFO  compiling exercism_9e528805c5 (3 scala sources and 11 java sources)[0m
2024.12.26 17:03:46 INFO  Deduplicating compilation of Exercism_9e528805c5 from bsp client 'scala-cli 1.5.4' (since 8m 53.017s)[0m
2024.12.26 17:03:46 INFO  compiling exercism_9e528805c5 (3 scala sources and 11 java sources)[0m
2024.12.26 17:03:46 INFO  time: compiled Exercism_9e528805c5 in 93ms[0m
2024.12.26 17:03:46 INFO  compiling exercism_9e528805c5 (3 scala sources and 11 java sources)[0m
2024.12.26 17:03:46 INFO  time: compiled Exercism_9e528805c5 in 0.15s[0m
2024.12.26 17:03:47 INFO  compiling exercism_9e528805c5 (3 scala sources and 11 java sources)[0m
2024.12.26 17:03:47 INFO  time: compiled Exercism_9e528805c5 in 97ms[0m
2024.12.26 17:04:35 INFO  compiling exercism_9e528805c5 (3 scala sources and 11 java sources)[0m
2024.12.26 17:04:35 INFO  Deduplicating compilation of Exercism_9e528805c5 from bsp client 'scala-cli 1.5.4' (since 9m 42.256s)[0m
2024.12.26 17:04:35 INFO  compiling exercism_9e528805c5 (3 scala sources and 11 java sources)[0m
2024.12.26 17:04:35 INFO  time: compiled Exercism_9e528805c5 in 64ms[0m
2024.12.26 17:04:35 INFO  compiling exercism_9e528805c5 (3 scala sources and 11 java sources)[0m
2024.12.26 17:04:35 INFO  time: compiled Exercism_9e528805c5 in 0.11s[0m
2024.12.26 17:04:37 INFO  compiling exercism_9e528805c5 (3 scala sources and 11 java sources)[0m
2024.12.26 17:04:37 INFO  time: compiled Exercism_9e528805c5 in 0.1s[0m
2024.12.26 17:05:22 INFO  compiling exercism_9e528805c5 (3 scala sources and 11 java sources)[0m
2024.12.26 17:05:22 INFO  Deduplicating compilation of Exercism_9e528805c5 from bsp client 'scala-cli 1.5.4' (since 10m 28.819s)[0m
2024.12.26 17:05:22 INFO  compiling exercism_9e528805c5 (3 scala sources and 11 java sources)[0m
2024.12.26 17:05:22 INFO  time: compiled Exercism_9e528805c5 in 77ms[0m
2024.12.26 17:05:22 INFO  compiling exercism_9e528805c5 (3 scala sources and 11 java sources)[0m
2024.12.26 17:05:22 INFO  time: compiled Exercism_9e528805c5 in 0.17s[0m
2024.12.26 17:05:23 INFO  compiling exercism_9e528805c5 (3 scala sources and 11 java sources)[0m
2024.12.26 17:05:23 INFO  time: compiled Exercism_9e528805c5 in 92ms[0m
2024.12.26 17:05:36 INFO  compiling exercism_9e528805c5 (3 scala sources and 11 java sources)[0m
2024.12.26 17:05:36 INFO  Deduplicating compilation of Exercism_9e528805c5 from bsp client 'scala-cli 1.5.4' (since 10m 43.538s)[0m
2024.12.26 17:05:36 INFO  compiling exercism_9e528805c5 (3 scala sources and 11 java sources)[0m
2024.12.26 17:05:36 INFO  time: compiled Exercism_9e528805c5 in 31ms[0m
2024.12.26 17:05:36 INFO  compiling exercism_9e528805c5 (3 scala sources and 11 java sources)[0m
2024.12.26 17:05:36 INFO  time: compiled Exercism_9e528805c5 in 93ms[0m
2024.12.26 17:05:38 INFO  compiling exercism_9e528805c5 (3 scala sources and 11 java sources)[0m
2024.12.26 17:05:38 INFO  time: compiled Exercism_9e528805c5 in 82ms[0m
2024.12.26 17:05:39 INFO  compiling exercism_9e528805c5 (3 scala sources and 11 java sources)[0m
2024.12.26 17:05:39 INFO  Deduplicating compilation of Exercism_9e528805c5 from bsp client 'scala-cli 1.5.4' (since 10m 46.369s)[0m
2024.12.26 17:05:39 INFO  compiling exercism_9e528805c5 (3 scala sources and 11 java sources)[0m
2024.12.26 17:05:39 INFO  time: compiled Exercism_9e528805c5 in 52ms[0m
2024.12.26 17:05:39 INFO  compiling exercism_9e528805c5 (3 scala sources and 11 java sources)[0m
2024.12.26 17:05:39 INFO  time: compiled Exercism_9e528805c5 in 0.12s[0m
2024.12.26 17:05:41 INFO  compiling exercism_9e528805c5 (3 scala sources and 11 java sources)[0m
2024.12.26 17:05:41 INFO  time: compiled Exercism_9e528805c5 in 89ms[0m
2024.12.26 17:06:56 INFO  compiling exercism_9e528805c5 (3 scala sources and 11 java sources)[0m
2024.12.26 17:06:56 INFO  Deduplicating compilation of Exercism_9e528805c5 from bsp client 'scala-cli 1.5.4' (since 12m 3.533s)[0m
2024.12.26 17:06:56 INFO  compiling exercism_9e528805c5 (3 scala sources and 11 java sources)[0m
2024.12.26 17:06:56 INFO  time: compiled Exercism_9e528805c5 in 74ms[0m
2024.12.26 17:06:56 INFO  compiling exercism_9e528805c5 (3 scala sources and 11 java sources)[0m
2024.12.26 17:06:56 INFO  time: compiled Exercism_9e528805c5 in 97ms[0m
2024.12.26 17:06:58 INFO  compiling exercism_9e528805c5 (3 scala sources and 11 java sources)[0m
2024.12.26 17:06:58 INFO  time: compiled Exercism_9e528805c5 in 85ms[0m
2024.12.26 17:07:44 INFO  compiling exercism_9e528805c5 (3 scala sources and 11 java sources)[0m
2024.12.26 17:07:44 INFO  Deduplicating compilation of Exercism_9e528805c5 from bsp client 'scala-cli 1.5.4' (since 12m 51.464s)[0m
2024.12.26 17:07:44 INFO  compiling exercism_9e528805c5 (3 scala sources and 11 java sources)[0m
2024.12.26 17:07:44 INFO  time: compiled Exercism_9e528805c5 in 77ms[0m
2024.12.26 17:07:44 INFO  compiling exercism_9e528805c5 (3 scala sources and 11 java sources)[0m
2024.12.26 17:07:44 INFO  time: compiled Exercism_9e528805c5 in 0.13s[0m
2024.12.26 17:07:46 INFO  compiling exercism_9e528805c5 (3 scala sources and 11 java sources)[0m
2024.12.26 17:07:46 INFO  time: compiled Exercism_9e528805c5 in 97ms[0m
2024.12.26 17:10:21 INFO  compiling exercism_9e528805c5 (3 scala sources and 11 java sources)[0m
2024.12.26 17:10:21 INFO  Deduplicating compilation of Exercism_9e528805c5 from bsp client 'scala-cli 1.5.4' (since 15m 27.804s)[0m
2024.12.26 17:10:21 INFO  compiling exercism_9e528805c5 (3 scala sources and 11 java sources)[0m
2024.12.26 17:10:21 INFO  time: compiled Exercism_9e528805c5 in 0.34s[0m
2024.12.26 17:10:21 INFO  compiling exercism_9e528805c5 (3 scala sources and 11 java sources)[0m
2024.12.26 17:10:21 INFO  time: compiled Exercism_9e528805c5 in 0.33s[0m
2024.12.26 17:10:22 INFO  compiling exercism_9e528805c5 (3 scala sources and 11 java sources)[0m
2024.12.26 17:10:22 INFO  time: compiled Exercism_9e528805c5 in 0.23s[0m
2024.12.26 17:11:15 INFO  compiling exercism_9e528805c5 (3 scala sources and 11 java sources)[0m
2024.12.26 17:11:15 INFO  Deduplicating compilation of Exercism_9e528805c5 from bsp client 'scala-cli 1.5.4' (since 16m 22.136s)[0m
2024.12.26 17:11:15 INFO  compiling exercism_9e528805c5 (3 scala sources and 11 java sources)[0m
2024.12.26 17:11:15 INFO  time: compiled Exercism_9e528805c5 in 0.11s[0m
2024.12.26 17:11:15 INFO  compiling exercism_9e528805c5 (3 scala sources and 11 java sources)[0m
2024.12.26 17:11:15 INFO  time: compiled Exercism_9e528805c5 in 0.14s[0m
2024.12.26 17:11:16 INFO  compiling exercism_9e528805c5 (3 scala sources and 11 java sources)[0m
2024.12.26 17:11:16 INFO  time: compiled Exercism_9e528805c5 in 88ms[0m
2024.12.26 17:13:04 INFO  compiling exercism_9e528805c5 (3 scala sources and 11 java sources)[0m
2024.12.26 17:13:04 INFO  Deduplicating compilation of Exercism_9e528805c5 from bsp client 'scala-cli 1.5.4' (since 18m 11.009s)[0m
2024.12.26 17:13:04 INFO  compiling exercism_9e528805c5 (3 scala sources and 11 java sources)[0m
2024.12.26 17:13:04 INFO  time: compiled Exercism_9e528805c5 in 46ms[0m
2024.12.26 17:13:04 INFO  compiling exercism_9e528805c5 (3 scala sources and 11 java sources)[0m
2024.12.26 17:13:04 INFO  time: compiled Exercism_9e528805c5 in 0.13s[0m
2024.12.26 17:13:05 INFO  compiling exercism_9e528805c5 (3 scala sources and 11 java sources)[0m
2024.12.26 17:13:05 INFO  time: compiled Exercism_9e528805c5 in 99ms[0m
2024.12.26 17:13:20 INFO  compiling exercism_9e528805c5 (3 scala sources and 11 java sources)[0m
2024.12.26 17:13:20 INFO  Deduplicating compilation of Exercism_9e528805c5 from bsp client 'scala-cli 1.5.4' (since 18m 26.797s)[0m
2024.12.26 17:13:20 INFO  compiling exercism_9e528805c5 (3 scala sources and 11 java sources)[0m
2024.12.26 17:13:20 INFO  time: compiled Exercism_9e528805c5 in 58ms[0m
2024.12.26 17:13:20 INFO  compiling exercism_9e528805c5 (3 scala sources and 11 java sources)[0m
2024.12.26 17:13:20 INFO  time: compiled Exercism_9e528805c5 in 0.14s[0m
2024.12.26 17:13:21 INFO  compiling exercism_9e528805c5 (3 scala sources and 11 java sources)[0m
2024.12.26 17:13:21 INFO  time: compiled Exercism_9e528805c5 in 90ms[0m
2024.12.26 17:14:24 INFO  compiling exercism_9e528805c5 (3 scala sources and 11 java sources)[0m
2024.12.26 17:14:24 INFO  Deduplicating compilation of Exercism_9e528805c5 from bsp client 'scala-cli 1.5.4' (since 19m 31.241s)[0m
2024.12.26 17:14:24 INFO  compiling exercism_9e528805c5 (3 scala sources and 11 java sources)[0m
2024.12.26 17:14:24 INFO  time: compiled Exercism_9e528805c5 in 41ms[0m
2024.12.26 17:14:24 INFO  compiling exercism_9e528805c5 (3 scala sources and 11 java sources)[0m
2024.12.26 17:14:24 INFO  time: compiled Exercism_9e528805c5 in 0.12s[0m
2024.12.26 17:14:26 INFO  compiling exercism_9e528805c5 (3 scala sources and 11 java sources)[0m
2024.12.26 17:14:26 INFO  time: compiled Exercism_9e528805c5 in 0.15s[0m
2024.12.26 17:14:48 INFO  compiling exercism_9e528805c5 (3 scala sources and 11 java sources)[0m
2024.12.26 17:14:48 INFO  Deduplicating compilation of Exercism_9e528805c5 from bsp client 'scala-cli 1.5.4' (since 19m 55.297s)[0m
2024.12.26 17:14:48 INFO  compiling exercism_9e528805c5 (3 scala sources and 11 java sources)[0m
2024.12.26 17:14:48 INFO  time: compiled Exercism_9e528805c5 in 68ms[0m
2024.12.26 17:14:48 INFO  compiling exercism_9e528805c5 (3 scala sources and 11 java sources)[0m
2024.12.26 17:14:48 INFO  time: compiled Exercism_9e528805c5 in 98ms[0m
2024.12.26 17:14:50 INFO  compiling exercism_9e528805c5 (3 scala sources and 11 java sources)[0m
2024.12.26 17:14:50 INFO  time: compiled Exercism_9e528805c5 in 91ms[0m
2024.12.26 17:16:07 INFO  compiling exercism_9e528805c5 (3 scala sources and 11 java sources)[0m
2024.12.26 17:16:07 INFO  Deduplicating compilation of Exercism_9e528805c5 from bsp client 'scala-cli 1.5.4' (since 21m 14.031s)[0m
2024.12.26 17:16:07 INFO  compiling exercism_9e528805c5 (3 scala sources and 11 java sources)[0m
2024.12.26 17:16:07 INFO  time: compiled Exercism_9e528805c5 in 50ms[0m
2024.12.26 17:16:07 INFO  compiling exercism_9e528805c5 (3 scala sources and 11 java sources)[0m
2024.12.26 17:16:07 INFO  time: compiled Exercism_9e528805c5 in 96ms[0m
2024.12.26 17:16:08 INFO  compiling exercism_9e528805c5 (3 scala sources and 11 java sources)[0m
2024.12.26 17:16:08 INFO  time: compiled Exercism_9e528805c5 in 80ms[0m
2024.12.26 17:16:22 INFO  compiling exercism_9e528805c5 (3 scala sources and 11 java sources)[0m
2024.12.26 17:16:22 INFO  Deduplicating compilation of Exercism_9e528805c5 from bsp client 'scala-cli 1.5.4' (since 21m 29.15s)[0m
2024.12.26 17:16:22 INFO  compiling exercism_9e528805c5 (3 scala sources and 11 java sources)[0m
2024.12.26 17:16:22 INFO  time: compiled Exercism_9e528805c5 in 48ms[0m
2024.12.26 17:16:22 INFO  compiling exercism_9e528805c5 (3 scala sources and 11 java sources)[0m
2024.12.26 17:16:22 INFO  time: compiled Exercism_9e528805c5 in 80ms[0m
2024.12.26 17:16:23 INFO  compiling exercism_9e528805c5 (3 scala sources and 11 java sources)[0m
2024.12.26 17:16:23 INFO  time: compiled Exercism_9e528805c5 in 78ms[0m
2024.12.26 17:17:03 INFO  compiling exercism_9e528805c5 (3 scala sources and 11 java sources)[0m
2024.12.26 17:17:03 INFO  Deduplicating compilation of Exercism_9e528805c5 from bsp client 'scala-cli 1.5.4' (since 22m 9.842s)[0m
2024.12.26 17:17:03 INFO  compiling exercism_9e528805c5 (3 scala sources and 11 java sources)[0m
2024.12.26 17:17:03 INFO  time: compiled Exercism_9e528805c5 in 91ms[0m
2024.12.26 17:17:03 INFO  compiling exercism_9e528805c5 (3 scala sources and 11 java sources)[0m
2024.12.26 17:17:03 INFO  time: compiled Exercism_9e528805c5 in 89ms[0m
2024.12.26 17:17:04 INFO  compiling exercism_9e528805c5 (3 scala sources and 11 java sources)[0m
2024.12.26 17:17:04 INFO  time: compiled Exercism_9e528805c5 in 76ms[0m
2024.12.26 17:17:04 INFO  compiling exercism_9e528805c5 (3 scala sources and 11 java sources)[0m
2024.12.26 17:17:04 INFO  time: compiled Exercism_9e528805c5 in 76ms[0m
2024.12.26 17:18:14 INFO  compiling exercism_9e528805c5 (3 scala sources and 11 java sources)[0m
2024.12.26 17:18:14 INFO  Deduplicating compilation of Exercism_9e528805c5 from bsp client 'scala-cli 1.5.4' (since 23m 21.158s)[0m
2024.12.26 17:18:14 INFO  compiling exercism_9e528805c5 (3 scala sources and 11 java sources)[0m
2024.12.26 17:18:14 INFO  time: compiled Exercism_9e528805c5 in 15ms[0m
2024.12.26 17:18:14 INFO  compiling exercism_9e528805c5 (3 scala sources and 11 java sources)[0m
2024.12.26 17:18:14 INFO  time: compiled Exercism_9e528805c5 in 0.12s[0m
2024.12.26 17:18:14 INFO  compiling exercism_9e528805c5 (3 scala sources and 11 java sources)[0m
2024.12.26 17:18:15 INFO  time: compiled Exercism_9e528805c5 in 0.11s[0m
2024.12.26 17:18:15 INFO  compiling exercism_9e528805c5 (3 scala sources and 11 java sources)[0m
2024.12.26 17:18:15 INFO  time: compiled Exercism_9e528805c5 in 89ms[0m
2024.12.26 17:18:16 INFO  compiling exercism_9e528805c5 (3 scala sources and 11 java sources)[0m
2024.12.26 17:18:16 INFO  time: compiled Exercism_9e528805c5 in 82ms[0m
Dec 26, 2024 5:20:22 PM scala.meta.internal.pc.CompilerAccess handleError
SEVERE: A severe compiler error occurred, full details of the error can be found in the error report D:\Work\Project\Exercism\.metals\.reports\metals-full\2024-12-26\r_compiler-error_(Exercism_9e528805c5)_17-20-22-952.md
Dec 26, 2024 5:20:23 PM scala.meta.internal.pc.CompilerAccess handleError
SEVERE: A severe compiler error occurred, full details of the error can be found in the error report D:\Work\Project\Exercism\.metals\.reports\metals-full\2024-12-26\r_compiler-error_(Exercism_9e528805c5)_17-20-23-163.md
Dec 26, 2024 5:20:23 PM scala.meta.internal.pc.CompilerAccess handleError
SEVERE: A severe compiler error occurred, full details of the error can be found in the error report D:\Work\Project\Exercism\.metals\.reports\metals-full\2024-12-26\r_compiler-error_(Exercism_9e528805c5)_17-20-23-307.md
Dec 26, 2024 5:20:23 PM scala.meta.internal.pc.CompilerAccess handleError
SEVERE: A severe compiler error occurred, full details of the error can be found in the error report D:\Work\Project\Exercism\.metals\.reports\metals-full\2024-12-26\r_compiler-error_(Exercism_9e528805c5)_17-20-23-541.md
Dec 26, 2024 5:20:23 PM scala.meta.internal.pc.CompilerAccess handleError
SEVERE: A severe compiler error occurred, full details of the error can be found in the error report D:\Work\Project\Exercism\.metals\.reports\metals-full\2024-12-26\r_compiler-error_(Exercism_9e528805c5)_17-20-23-696.md
2024.12.26 17:21:09 INFO  compiling exercism_9e528805c5 (3 scala sources and 11 java sources)[0m
2024.12.26 17:21:09 INFO  Deduplicating compilation of Exercism_9e528805c5 from bsp client 'scala-cli 1.5.4' (since 26m 16.314s)[0m
2024.12.26 17:21:09 INFO  compiling exercism_9e528805c5 (3 scala sources and 11 java sources)[0m
2024.12.26 17:21:09 INFO  time: compiled Exercism_9e528805c5 in 26ms[0m
2024.12.26 17:21:09 INFO  compiling exercism_9e528805c5 (3 scala sources and 11 java sources)[0m
2024.12.26 17:21:09 INFO  time: compiled Exercism_9e528805c5 in 0.12s[0m
2024.12.26 17:21:09 INFO  compiling exercism_9e528805c5 (3 scala sources and 11 java sources)[0m
2024.12.26 17:21:10 INFO  time: compiled Exercism_9e528805c5 in 0.13s[0m
2024.12.26 17:21:10 INFO  compiling exercism_9e528805c5 (3 scala sources and 11 java sources)[0m
2024.12.26 17:21:10 INFO  time: compiled Exercism_9e528805c5 in 78ms[0m
2024.12.26 17:21:11 INFO  compiling exercism_9e528805c5 (3 scala sources and 11 java sources)[0m
2024.12.26 17:21:11 INFO  time: compiled Exercism_9e528805c5 in 66ms[0m
2024.12.26 17:21:52 INFO  compiling exercism_9e528805c5 (3 scala sources and 11 java sources)[0m
2024.12.26 17:21:52 INFO  Deduplicating compilation of Exercism_9e528805c5 from bsp client 'scala-cli 1.5.4' (since 26m 59.483s)[0m
2024.12.26 17:21:52 INFO  compiling exercism_9e528805c5 (3 scala sources and 11 java sources)[0m
2024.12.26 17:21:52 INFO  time: compiled Exercism_9e528805c5 in 74ms[0m
2024.12.26 17:21:52 INFO  compiling exercism_9e528805c5 (3 scala sources and 11 java sources)[0m
2024.12.26 17:21:52 INFO  time: compiled Exercism_9e528805c5 in 0.1s[0m
2024.12.26 17:21:54 INFO  compiling exercism_9e528805c5 (3 scala sources and 11 java sources)[0m
2024.12.26 17:21:54 INFO  time: compiled Exercism_9e528805c5 in 79ms[0m
2024.12.26 17:25:43 INFO  Shutting down server[0m
2024.12.26 17:25:43 INFO  shutting down Metals[0m
2024.12.26 17:25:43 INFO  Shut down connection with build server.[0m
Dec 26, 2024 5:25:43 PM io.undertow.Undertow stop
INFO: stopping server: Undertow - 2.2.20.Final
java.util.concurrent.RejectedExecutionException: Task Future(<not completed>) rejected from java.util.concurrent.ThreadPoolExecutor@17d677df[Shutting down, pool size = 1, active threads = 1, queued tasks = 0, completed tasks = 23722]
	at java.base/java.util.concurrent.ThreadPoolExecutor$AbortPolicy.rejectedExecution(ThreadPoolExecutor.java:2082)
	at java.base/java.util.concurrent.ThreadPoolExecutor.reject(ThreadPoolExecutor.java:841)
	at java.base/java.util.concurrent.ThreadPoolExecutor.execute(ThreadPoolExecutor.java:1377)
	at scala.concurrent.impl.ExecutionContextImpl.execute(ExecutionContextImpl.scala:21)
	at scala.concurrent.impl.Promise$Transformation.submitWithValue(Promise.scala:429)
	at scala.concurrent.impl.Promise$DefaultPromise.submitWithValue(Promise.scala:338)
	at scala.concurrent.impl.Promise$DefaultPromise.tryComplete0(Promise.scala:285)
	at scala.concurrent.impl.Promise$Transformation.handleFailure(Promise.scala:444)
	at scala.concurrent.impl.Promise$Transformation.submitWithValue(Promise.scala:435)
	at scala.concurrent.impl.Promise$DefaultPromise.submitWithValue(Promise.scala:338)
	at scala.concurrent.impl.Promise$DefaultPromise.tryComplete0(Promise.scala:285)
	at scala.concurrent.impl.Promise$Transformation.handleFailure(Promise.scala:444)
	at scala.concurrent.impl.Promise$Transformation.run(Promise.scala:506)
	at java.base/java.util.concurrent.ThreadPoolExecutor.runWorker(ThreadPoolExecutor.java:1144)
	at java.base/java.util.concurrent.ThreadPoolExecutor$Worker.run(ThreadPoolExecutor.java:642)
	at java.base/java.lang.Thread.run(Thread.java:1575)
2024.12.27 11:49:37 INFO  tracing is disabled for protocol LSP, to enable tracing of incoming and outgoing JSON messages create an empty file at D:\Work\Project\Exercism\.metals\lsp.trace.json[0m
2024.12.27 11:49:38 INFO  logging to files D:\Work\Project\Exercism\.metals\metals.log[0m
2024.12.27 11:49:38 INFO  Started: Metals version 1.4.2 in folders 'D:\Work\Project\Exercism' for client Neovim 0.10.1+g7e194f0d0.[0m
2024.12.27 11:49:40 INFO  Attempting to connect to the build server...[0m
2024.12.27 11:49:40 INFO  Running BSP server List(C:\Users\NguyenToan\AppData\Local\Coursier\data\bin\.scala-cli.aux.exe, bsp, --json-options, D:\Work\Project\Exercism\.scala-build\ide-options-v2.json, --json-launcher-options, D:\Work\Project\Exercism\.scala-build\ide-launcher-options.json, --envs-file, D:\Work\Project\Exercism\.scala-build\ide-envs.json, D:\Work\Project\Exercism)[0m
2024.12.27 11:49:40 INFO  tracing is disabled for protocol BSP, to enable tracing of incoming and outgoing JSON messages create an empty file at D:\Work\Project\Exercism\.metals\bsp.trace.json[0m
2024.12.27 11:49:46 INFO  time: Connected to build server in 6.83s[0m
2024.12.27 11:49:46 INFO  Connected to Build server: scala-cli v1.5.4[0m
2024.12.27 11:49:46 INFO  time: Imported build in 0.16s[0m
2024.12.27 11:49:46 INFO  running doctor check[0m
2024.12.27 11:49:46 INFO  java targets: Exercism_9e528805c5, Exercism_9e528805c5-test[0m
2024.12.27 11:49:46 WARN  Unable to run doctor. Make sure `isHttpEnabled` is set to `true`.[0m
2024.12.27 11:49:47 INFO  compiling exercism_9e528805c5 (4 scala sources and 11 java sources)[0m
2024.12.27 11:49:52 INFO  time: compiled Exercism_9e528805c5 in 4.34s[0m
2024.12.27 11:49:52 INFO  compiling exercism_9e528805c5 (4 scala sources and 11 java sources)[0m
2024.12.27 11:49:53 INFO  time: compiled Exercism_9e528805c5 in 0.96s[0m
2024.12.27 11:50:00 INFO  time: indexed workspace in 13s[0m
2024.12.27 11:50:01 INFO  compiling exercism_9e528805c5 (4 scala sources and 11 java sources)[0m
2024.12.27 11:50:01 INFO  time: compiled Exercism_9e528805c5 in 0.57s[0m
2024.12.27 11:50:01 INFO  Selected port 5031[0m
Dec 27, 2024 11:50:01 AM io.undertow.Undertow start
INFO: starting server: Undertow - 2.2.20.Final
Dec 27, 2024 11:50:02 AM org.xnio.Xnio <clinit>
INFO: XNIO version 3.8.16.Final
Dec 27, 2024 11:50:02 AM org.xnio.nio.NioXnio <clinit>
INFO: XNIO NIO Implementation Version 3.8.16.Final
Dec 27, 2024 11:50:02 AM org.jboss.threads.Version <clinit>
INFO: JBoss Threads version 3.1.0.Final
2024.12.27 11:50:01 INFO  Started Metals http server at http://127.0.0.1:5031[0m
2024.12.27 11:50:03 INFO  compiling exercism_9e528805c5 (4 scala sources and 11 java sources)[0m
2024.12.27 11:50:03 INFO  time: compiled Exercism_9e528805c5 in 0.69s[0m
2024.12.27 11:50:25 INFO  compiling exercism_9e528805c5 (4 scala sources and 11 java sources)[0m
2024.12.27 11:50:25 INFO  Deduplicating compilation of Exercism_9e528805c5 from bsp client 'scala-cli 1.5.4' (since 42.217s)[0m
2024.12.27 11:50:25 INFO  compiling exercism_9e528805c5 (4 scala sources and 11 java sources)[0m
2024.12.27 11:50:25 INFO  time: compiled Exercism_9e528805c5 in 0.28s[0m
2024.12.27 11:50:25 INFO  compiling exercism_9e528805c5 (4 scala sources and 11 java sources)[0m
2024.12.27 11:50:25 INFO  time: compiled Exercism_9e528805c5 in 0.37s[0m
2024.12.27 11:50:27 INFO  compiling exercism_9e528805c5 (4 scala sources and 11 java sources)[0m
2024.12.27 11:50:27 INFO  time: compiled Exercism_9e528805c5 in 0.28s[0m
2024.12.27 11:52:40 INFO  compiling exercism_9e528805c5 (4 scala sources and 11 java sources)[0m
2024.12.27 11:52:40 INFO  Deduplicating compilation of Exercism_9e528805c5 from bsp client 'scala-cli 1.5.4' (since 2m 56.971s)[0m
2024.12.27 11:52:40 INFO  compiling exercism_9e528805c5 (4 scala sources and 11 java sources)[0m
2024.12.27 11:52:41 INFO  time: compiled Exercism_9e528805c5 in 1.02s[0m
2024.12.27 11:52:41 INFO  compiling exercism_9e528805c5 (4 scala sources and 11 java sources)[0m
2024.12.27 11:52:42 INFO  time: compiled Exercism_9e528805c5 in 1.07s[0m
2024.12.27 11:52:42 INFO  compiling exercism_9e528805c5 (4 scala sources and 11 java sources)[0m
2024.12.27 11:52:42 INFO  time: compiled Exercism_9e528805c5 in 0.53s[0m
2024.12.27 11:52:59 INFO  compiling exercism_9e528805c5 (4 scala sources and 11 java sources)[0m
2024.12.27 11:52:59 INFO  Deduplicating compilation of Exercism_9e528805c5 from bsp client 'scala-cli 1.5.4' (since 3m 15.906s)[0m
2024.12.27 11:52:59 INFO  compiling exercism_9e528805c5 (4 scala sources and 11 java sources)[0m
2024.12.27 11:52:59 INFO  time: compiled Exercism_9e528805c5 in 0.47s[0m
2024.12.27 11:52:59 INFO  compiling exercism_9e528805c5 (4 scala sources and 11 java sources)[0m
2024.12.27 11:53:00 INFO  time: compiled Exercism_9e528805c5 in 0.6s[0m
2024.12.27 11:53:00 INFO  compiling exercism_9e528805c5 (4 scala sources and 11 java sources)[0m
2024.12.27 11:53:01 INFO  time: compiled Exercism_9e528805c5 in 0.34s[0m
2024.12.27 11:53:17 INFO  compiling exercism_9e528805c5 (4 scala sources and 11 java sources)[0m
2024.12.27 11:53:17 INFO  Deduplicating compilation of Exercism_9e528805c5 from bsp client 'scala-cli 1.5.4' (since 3m 34.359s)[0m
2024.12.27 11:53:17 INFO  compiling exercism_9e528805c5 (4 scala sources and 11 java sources)[0m
2024.12.27 11:53:17 INFO  time: compiled Exercism_9e528805c5 in 0.2s[0m
2024.12.27 11:53:17 INFO  compiling exercism_9e528805c5 (4 scala sources and 11 java sources)[0m
2024.12.27 11:53:17 INFO  time: compiled Exercism_9e528805c5 in 0.23s[0m
2024.12.27 11:53:19 INFO  compiling exercism_9e528805c5 (4 scala sources and 11 java sources)[0m
2024.12.27 11:53:19 INFO  time: compiled Exercism_9e528805c5 in 0.17s[0m
2024.12.27 11:53:32 INFO  compiling exercism_9e528805c5 (4 scala sources and 11 java sources)[0m
2024.12.27 11:53:32 INFO  Deduplicating compilation of Exercism_9e528805c5 from bsp client 'scala-cli 1.5.4' (since 3m 49.605s)[0m
2024.12.27 11:53:32 INFO  compiling exercism_9e528805c5 (4 scala sources and 11 java sources)[0m
2024.12.27 11:53:32 INFO  time: compiled Exercism_9e528805c5 in 0.39s[0m
2024.12.27 11:53:32 INFO  compiling exercism_9e528805c5 (4 scala sources and 11 java sources)[0m
2024.12.27 11:53:32 INFO  time: compiled Exercism_9e528805c5 in 0.43s[0m
2024.12.27 11:53:34 INFO  compiling exercism_9e528805c5 (4 scala sources and 11 java sources)[0m
2024.12.27 11:53:34 INFO  time: compiled Exercism_9e528805c5 in 0.35s[0m
2024.12.27 11:53:43 INFO  compiling exercism_9e528805c5 (4 scala sources and 11 java sources)[0m
2024.12.27 11:53:43 INFO  Deduplicating compilation of Exercism_9e528805c5 from bsp client 'scala-cli 1.5.4' (since 4m 0.2s)[0m
2024.12.27 11:53:43 INFO  compiling exercism_9e528805c5 (4 scala sources and 11 java sources)[0m
2024.12.27 11:53:43 INFO  time: compiled Exercism_9e528805c5 in 0.1s[0m
2024.12.27 11:53:43 INFO  compiling exercism_9e528805c5 (4 scala sources and 11 java sources)[0m
2024.12.27 11:53:43 INFO  time: compiled Exercism_9e528805c5 in 0.17s[0m
2024.12.27 11:53:45 INFO  compiling exercism_9e528805c5 (4 scala sources and 11 java sources)[0m
2024.12.27 11:53:45 INFO  time: compiled Exercism_9e528805c5 in 0.15s[0m
2024.12.27 11:54:36 INFO  compiling exercism_9e528805c5 (4 scala sources and 11 java sources)[0m
2024.12.27 11:54:36 INFO  Deduplicating compilation of Exercism_9e528805c5 from bsp client 'scala-cli 1.5.4' (since 4m 53.208s)[0m
2024.12.27 11:54:36 INFO  compiling exercism_9e528805c5 (4 scala sources and 11 java sources)[0m
2024.12.27 11:54:36 INFO  time: compiled Exercism_9e528805c5 in 0.18s[0m
2024.12.27 11:54:36 INFO  compiling exercism_9e528805c5 (4 scala sources and 11 java sources)[0m
2024.12.27 11:54:36 INFO  time: compiled Exercism_9e528805c5 in 0.19s[0m
2024.12.27 11:54:38 INFO  compiling exercism_9e528805c5 (4 scala sources and 11 java sources)[0m
2024.12.27 11:54:38 INFO  time: compiled Exercism_9e528805c5 in 0.23s[0m
2024.12.27 11:56:10 INFO  compiling exercism_9e528805c5 (4 scala sources and 11 java sources)[0m
2024.12.27 11:56:10 INFO  Deduplicating compilation of Exercism_9e528805c5 from bsp client 'scala-cli 1.5.4' (since 6m 27.316s)[0m
2024.12.27 11:56:10 INFO  compiling exercism_9e528805c5 (4 scala sources and 11 java sources)[0m
2024.12.27 11:56:10 INFO  time: compiled Exercism_9e528805c5 in 0.58s[0m
2024.12.27 11:56:10 INFO  compiling exercism_9e528805c5 (4 scala sources and 11 java sources)[0m
2024.12.27 11:56:11 INFO  time: compiled Exercism_9e528805c5 in 0.43s[0m
2024.12.27 11:56:11 INFO  compiling exercism_9e528805c5 (4 scala sources and 11 java sources)[0m
2024.12.27 11:56:11 INFO  time: compiled Exercism_9e528805c5 in 0.4s[0m
2024.12.27 11:56:23 INFO  compiling exercism_9e528805c5 (4 scala sources and 11 java sources)[0m
2024.12.27 11:56:23 INFO  Deduplicating compilation of Exercism_9e528805c5 from bsp client 'scala-cli 1.5.4' (since 6m 40.226s)[0m
2024.12.27 11:56:23 INFO  compiling exercism_9e528805c5 (4 scala sources and 11 java sources)[0m
2024.12.27 11:56:23 INFO  time: compiled Exercism_9e528805c5 in 0.27s[0m
2024.12.27 11:56:23 INFO  compiling exercism_9e528805c5 (4 scala sources and 11 java sources)[0m
2024.12.27 11:56:23 INFO  time: compiled Exercism_9e528805c5 in 0.34s[0m
2024.12.27 11:56:25 INFO  compiling exercism_9e528805c5 (4 scala sources and 11 java sources)[0m
2024.12.27 11:56:25 INFO  time: compiled Exercism_9e528805c5 in 0.28s[0m
2024.12.27 11:56:31 INFO  compiling exercism_9e528805c5 (4 scala sources and 11 java sources)[0m
2024.12.27 11:56:31 INFO  Deduplicating compilation of Exercism_9e528805c5 from bsp client 'scala-cli 1.5.4' (since 6m 47.849s)[0m
2024.12.27 11:56:31 INFO  compiling exercism_9e528805c5 (4 scala sources and 11 java sources)[0m
2024.12.27 11:56:31 INFO  time: compiled Exercism_9e528805c5 in 0.14s[0m
2024.12.27 11:56:31 INFO  compiling exercism_9e528805c5 (4 scala sources and 11 java sources)[0m
2024.12.27 11:56:31 INFO  time: compiled Exercism_9e528805c5 in 0.14s[0m
2024.12.27 11:56:32 INFO  compiling exercism_9e528805c5 (4 scala sources and 11 java sources)[0m
2024.12.27 11:56:32 INFO  time: compiled Exercism_9e528805c5 in 0.17s[0m
2024.12.27 11:56:56 INFO  compiling exercism_9e528805c5 (4 scala sources and 11 java sources)[0m
2024.12.27 11:56:56 INFO  Deduplicating compilation of Exercism_9e528805c5 from bsp client 'scala-cli 1.5.4' (since 7m 12.822s)[0m
2024.12.27 11:56:56 INFO  compiling exercism_9e528805c5 (4 scala sources and 11 java sources)[0m
2024.12.27 11:56:56 INFO  time: compiled Exercism_9e528805c5 in 0.29s[0m
2024.12.27 11:56:56 INFO  compiling exercism_9e528805c5 (4 scala sources and 11 java sources)[0m
2024.12.27 11:56:56 INFO  time: compiled Exercism_9e528805c5 in 0.34s[0m
2024.12.27 11:56:57 INFO  compiling exercism_9e528805c5 (4 scala sources and 11 java sources)[0m
2024.12.27 11:56:57 INFO  time: compiled Exercism_9e528805c5 in 0.22s[0m
2024.12.27 11:58:08 INFO  compiling exercism_9e528805c5 (4 scala sources and 11 java sources)[0m
2024.12.27 11:58:08 INFO  Deduplicating compilation of Exercism_9e528805c5 from bsp client 'scala-cli 1.5.4' (since 8m 25.336s)[0m
2024.12.27 11:58:08 INFO  compiling exercism_9e528805c5 (4 scala sources and 11 java sources)[0m
2024.12.27 11:58:08 INFO  time: compiled Exercism_9e528805c5 in 0.42s[0m
2024.12.27 11:58:08 INFO  compiling exercism_9e528805c5 (4 scala sources and 11 java sources)[0m
2024.12.27 11:58:08 INFO  time: compiled Exercism_9e528805c5 in 0.42s[0m
2024.12.27 11:58:10 INFO  compiling exercism_9e528805c5 (4 scala sources and 11 java sources)[0m
2024.12.27 11:58:10 INFO  time: compiled Exercism_9e528805c5 in 0.33s[0m
2024.12.27 11:58:18 INFO  compiling exercism_9e528805c5 (4 scala sources and 11 java sources)[0m
2024.12.27 11:58:18 INFO  Deduplicating compilation of Exercism_9e528805c5 from bsp client 'scala-cli 1.5.4' (since 8m 34.786s)[0m
2024.12.27 11:58:18 INFO  compiling exercism_9e528805c5 (4 scala sources and 11 java sources)[0m
2024.12.27 11:58:18 INFO  time: compiled Exercism_9e528805c5 in 0.11s[0m
2024.12.27 11:58:18 INFO  compiling exercism_9e528805c5 (4 scala sources and 11 java sources)[0m
2024.12.27 11:58:18 INFO  time: compiled Exercism_9e528805c5 in 0.12s[0m
2024.12.27 11:58:19 INFO  compiling exercism_9e528805c5 (4 scala sources and 11 java sources)[0m
2024.12.27 11:58:19 INFO  time: compiled Exercism_9e528805c5 in 0.14s[0m
2024.12.27 11:58:28 INFO  compiling exercism_9e528805c5 (4 scala sources and 11 java sources)[0m
2024.12.27 11:58:28 INFO  Deduplicating compilation of Exercism_9e528805c5 from bsp client 'scala-cli 1.5.4' (since 8m 45.285s)[0m
2024.12.27 11:58:28 INFO  compiling exercism_9e528805c5 (4 scala sources and 11 java sources)[0m
2024.12.27 11:58:28 INFO  time: compiled Exercism_9e528805c5 in 0.25s[0m
2024.12.27 11:58:28 INFO  compiling exercism_9e528805c5 (4 scala sources and 11 java sources)[0m
2024.12.27 11:58:28 INFO  time: compiled Exercism_9e528805c5 in 0.24s[0m
2024.12.27 11:58:30 INFO  compiling exercism_9e528805c5 (4 scala sources and 11 java sources)[0m
2024.12.27 11:58:30 INFO  time: compiled Exercism_9e528805c5 in 0.23s[0m
2024.12.27 11:59:58 INFO  compiling exercism_9e528805c5 (4 scala sources and 11 java sources)[0m
2024.12.27 11:59:58 INFO  Deduplicating compilation of Exercism_9e528805c5 from bsp client 'scala-cli 1.5.4' (since 10m 15.68s)[0m
2024.12.27 11:59:58 INFO  compiling exercism_9e528805c5 (4 scala sources and 11 java sources)[0m
2024.12.27 11:59:58 INFO  time: compiled Exercism_9e528805c5 in 0.13s[0m
2024.12.27 11:59:58 INFO  compiling exercism_9e528805c5 (4 scala sources and 11 java sources)[0m
2024.12.27 11:59:58 INFO  time: compiled Exercism_9e528805c5 in 0.17s[0m
2024.12.27 12:00:00 INFO  compiling exercism_9e528805c5 (4 scala sources and 11 java sources)[0m
2024.12.27 12:00:00 INFO  time: compiled Exercism_9e528805c5 in 0.14s[0m
2024.12.27 13:56:06 INFO  Deduplicating compilation of Exercism_9e528805c5 from bsp client 'scala-cli 1.5.4' (since 2h 6m 22.898s)[0m
2024.12.27 13:56:06 INFO  compiling exercism_9e528805c5 (4 scala sources and 11 java sources)[0m
2024.12.27 13:56:06 INFO  compiling exercism_9e528805c5 (4 scala sources and 11 java sources)[0m
2024.12.27 13:56:06 INFO  time: compiled Exercism_9e528805c5 in 0.28s[0m
2024.12.27 13:56:06 INFO  compiling exercism_9e528805c5 (4 scala sources and 11 java sources)[0m
2024.12.27 13:56:06 INFO  time: compiled Exercism_9e528805c5 in 0.18s[0m
2024.12.27 13:56:07 INFO  compiling exercism_9e528805c5 (4 scala sources and 11 java sources)[0m
2024.12.27 13:56:07 INFO  time: compiled Exercism_9e528805c5 in 0.13s[0m
2024.12.27 14:09:55 INFO  compiling exercism_9e528805c5 (5 scala sources and 11 java sources)[0m
2024.12.27 14:09:55 INFO  running doctor check[0m
2024.12.27 14:09:55 INFO  java targets: Exercism_9e528805c5, Exercism_9e528805c5-test[0m
2024.12.27 14:09:55 INFO  time: compiled Exercism_9e528805c5 in 0.2s[0m
2024.12.27 14:09:55 INFO  compiling exercism_9e528805c5 (5 scala sources and 11 java sources)[0m
2024.12.27 14:09:55 INFO  time: compiled Exercism_9e528805c5 in 0.14s[0m
2024.12.27 14:09:56 INFO  compiling exercism_9e528805c5 (5 scala sources and 11 java sources)[0m
2024.12.27 14:09:56 INFO  time: compiled Exercism_9e528805c5 in 0.2s[0m
2024.12.27 14:09:56 INFO  compiling exercism_9e528805c5 (5 scala sources and 11 java sources)[0m
2024.12.27 14:09:56 INFO  time: compiled Exercism_9e528805c5 in 0.18s[0m
2024.12.27 14:09:56 INFO  time: indexed workspace in 1.64s[0m
2024.12.27 14:09:57 INFO  compiling exercism_9e528805c5 (5 scala sources and 11 java sources)[0m
2024.12.27 14:09:57 INFO  time: compiled Exercism_9e528805c5 in 0.13s[0m
2024.12.27 14:09:59 INFO  Shutting down server[0m
2024.12.27 14:09:59 INFO  shutting down Metals[0m
2024.12.27 14:09:59 INFO  Shut down connection with build server.[0m
Dec 27, 2024 2:09:59 PM io.undertow.Undertow stop
INFO: stopping server: Undertow - 2.2.20.Final
java.util.concurrent.RejectedExecutionException: Task Future(<not completed>) rejected from java.util.concurrent.ThreadPoolExecutor@17d677df[Shutting down, pool size = 2, active threads = 2, queued tasks = 0, completed tasks = 9475]
	at java.base/java.util.concurrent.ThreadPoolExecutor$AbortPolicy.rejectedExecution(ThreadPoolExecutor.java:2082)
	at java.base/java.util.concurrent.ThreadPoolExecutor.reject(ThreadPoolExecutor.java:841)
	at java.base/java.util.concurrent.ThreadPoolExecutor.execute(ThreadPoolExecutor.java:1377)
	at scala.concurrent.impl.ExecutionContextImpl.execute(ExecutionContextImpl.scala:21)
	at scala.concurrent.impl.Promise$Transformation.submitWithValue(Promise.scala:429)
	at scala.concurrent.impl.Promise$DefaultPromise.submitWithValue(Promise.scala:338)
	at scala.concurrent.impl.Promise$DefaultPromise.tryComplete0(Promise.scala:285)
	at scala.concurrent.impl.Promise$Transformation.handleFailure(Promise.scala:444)
	at scala.concurrent.impl.Promise$Transformation.submitWithValue(Promise.scala:435)
	at scala.concurrent.impl.Promise$DefaultPromise.submitWithValue(Promise.scala:338)
	at scala.concurrent.impl.Promise$DefaultPromise.tryComplete0(Promise.scala:285)
	at scala.concurrent.impl.Promise$Transformation.handleFailure(Promise.scala:444)
	at scala.concurrent.impl.Promise$Transformation.run(Promise.scala:506)
	at java.base/java.util.concurrent.ThreadPoolExecutor.runWorker(ThreadPoolExecutor.java:1144)
	at java.base/java.util.concurrent.ThreadPoolExecutor$Worker.run(ThreadPoolExecutor.java:642)
	at java.base/java.lang.Thread.run(Thread.java:1575)
2024.12.27 14:36:47 INFO  tracing is disabled for protocol LSP, to enable tracing of incoming and outgoing JSON messages create an empty file at D:\Work\Project\Exercism\.metals\lsp.trace.json[0m
2024.12.27 14:36:48 INFO  logging to files D:\Work\Project\Exercism\.metals\metals.log[0m
2024.12.27 14:36:48 INFO  Started: Metals version 1.4.2 in folders 'D:\Work\Project\Exercism' for client Neovim 0.10.1+g7e194f0d0.[0m
2024.12.27 14:36:50 INFO  Attempting to connect to the build server...[0m
2024.12.27 14:36:50 INFO  Running BSP server List(C:\Users\NguyenToan\AppData\Local\Coursier\data\bin\.scala-cli.aux.exe, bsp, --json-options, D:\Work\Project\Exercism\.scala-build\ide-options-v2.json, --json-launcher-options, D:\Work\Project\Exercism\.scala-build\ide-launcher-options.json, --envs-file, D:\Work\Project\Exercism\.scala-build\ide-envs.json, D:\Work\Project\Exercism)[0m
2024.12.27 14:36:50 INFO  tracing is disabled for protocol BSP, to enable tracing of incoming and outgoing JSON messages create an empty file at D:\Work\Project\Exercism\.metals\bsp.trace.json[0m
2024.12.27 14:36:55 INFO  time: Connected to build server in 5.41s[0m
2024.12.27 14:36:55 INFO  Connected to Build server: scala-cli v1.5.4[0m
2024.12.27 14:36:55 INFO  running doctor check[0m
2024.12.27 14:36:55 INFO  java targets: Exercism_9e528805c5, Exercism_9e528805c5-test[0m
2024.12.27 14:36:55 WARN  Unable to run doctor. Make sure `isHttpEnabled` is set to `true`.[0m
2024.12.27 14:36:56 INFO  compiling exercism_9e528805c5 (5 scala sources and 11 java sources)[0m
2024.12.27 14:36:56 INFO  time: compiled Exercism_9e528805c5 in 0.21s[0m
2024.12.27 14:36:56 INFO  compiling exercism_9e528805c5 (5 scala sources and 11 java sources)[0m
2024.12.27 14:36:56 INFO  time: compiled Exercism_9e528805c5 in 0.15s[0m
2024.12.27 14:36:58 INFO  time: indexed workspace in 3.07s[0m
2024.12.27 14:36:59 INFO  compiling exercism_9e528805c5 (5 scala sources and 11 java sources)[0m
2024.12.27 14:36:59 INFO  time: compiled Exercism_9e528805c5 in 0.15s[0m
2024.12.27 14:36:59 INFO  Selected port 5031[0m
Dec 27, 2024 2:36:59 PM io.undertow.Undertow start
INFO: starting server: Undertow - 2.2.20.Final
Dec 27, 2024 2:36:59 PM org.xnio.Xnio <clinit>
INFO: XNIO version 3.8.16.Final
Dec 27, 2024 2:36:59 PM org.xnio.nio.NioXnio <clinit>
INFO: XNIO NIO Implementation Version 3.8.16.Final
Dec 27, 2024 2:36:59 PM org.jboss.threads.Version <clinit>
INFO: JBoss Threads version 3.1.0.Final
2024.12.27 14:36:59 INFO  Started Metals http server at http://127.0.0.1:5031[0m
2024.12.27 14:37:00 INFO  compiling exercism_9e528805c5 (5 scala sources and 11 java sources)[0m
2024.12.27 14:37:00 INFO  time: compiled Exercism_9e528805c5 in 0.16s[0m
2024.12.27 14:44:36 INFO  compiling exercism_9e528805c5 (5 scala sources and 11 java sources)[0m
2024.12.27 14:44:36 INFO  time: compiled Exercism_9e528805c5 in 0.16s[0m
2024.12.27 14:44:45 INFO  compiling exercism_9e528805c5 (5 scala sources and 11 java sources)[0m
2024.12.27 14:44:45 INFO  Deduplicating compilation of Exercism_9e528805c5 from bsp client 'scala-cli 1.5.4' (since 7m 53.203s)[0m
2024.12.27 14:44:45 INFO  compiling exercism_9e528805c5 (5 scala sources and 11 java sources)[0m
2024.12.27 14:44:45 INFO  time: compiled Exercism_9e528805c5 in 0.1s[0m
2024.12.27 14:44:45 INFO  compiling exercism_9e528805c5 (5 scala sources and 11 java sources)[0m
2024.12.27 14:44:45 INFO  time: compiled Exercism_9e528805c5 in 0.15s[0m
2024.12.27 14:44:47 INFO  compiling exercism_9e528805c5 (5 scala sources and 11 java sources)[0m
2024.12.27 14:44:47 INFO  time: compiled Exercism_9e528805c5 in 0.17s[0m
2024.12.27 14:45:20 INFO  compiling exercism_9e528805c5 (5 scala sources and 11 java sources)[0m
2024.12.27 14:45:20 INFO  Deduplicating compilation of Exercism_9e528805c5 from bsp client 'scala-cli 1.5.4' (since 8m 28.744s)[0m
2024.12.27 14:45:20 INFO  compiling exercism_9e528805c5 (5 scala sources and 11 java sources)[0m
2024.12.27 14:45:20 INFO  time: compiled Exercism_9e528805c5 in 41ms[0m
2024.12.27 14:45:20 INFO  compiling exercism_9e528805c5 (5 scala sources and 11 java sources)[0m
2024.12.27 14:45:20 INFO  time: compiled Exercism_9e528805c5 in 0.16s[0m
2024.12.27 14:45:21 INFO  compiling exercism_9e528805c5 (5 scala sources and 11 java sources)[0m
2024.12.27 14:45:21 INFO  time: compiled Exercism_9e528805c5 in 0.15s[0m
2024.12.27 14:45:21 INFO  compiling exercism_9e528805c5 (5 scala sources and 11 java sources)[0m
2024.12.27 14:45:21 INFO  time: compiled Exercism_9e528805c5 in 0.18s[0m
2024.12.27 14:45:23 INFO  compiling exercism_9e528805c5 (5 scala sources and 11 java sources)[0m
2024.12.27 14:45:23 INFO  time: compiled Exercism_9e528805c5 in 0.18s[0m
2024.12.27 14:52:15 INFO  compiling exercism_9e528805c5 (5 scala sources and 11 java sources)[0m
2024.12.27 14:52:15 INFO  Deduplicating compilation of Exercism_9e528805c5 from bsp client 'scala-cli 1.5.4' (since 15m 22.989s)[0m
2024.12.27 14:52:15 INFO  compiling exercism_9e528805c5 (5 scala sources and 11 java sources)[0m
2024.12.27 14:52:15 INFO  time: compiled Exercism_9e528805c5 in 0.18s[0m
2024.12.27 14:52:15 INFO  compiling exercism_9e528805c5 (5 scala sources and 11 java sources)[0m
2024.12.27 14:52:15 INFO  time: compiled Exercism_9e528805c5 in 0.18s[0m
2024.12.27 14:52:16 INFO  compiling exercism_9e528805c5 (5 scala sources and 11 java sources)[0m
2024.12.27 14:52:16 INFO  time: compiled Exercism_9e528805c5 in 0.13s[0m
2024.12.27 14:52:16 INFO  compiling exercism_9e528805c5 (5 scala sources and 11 java sources)[0m
2024.12.27 14:52:16 INFO  time: compiled Exercism_9e528805c5 in 0.12s[0m
2024.12.27 14:52:17 INFO  compiling exercism_9e528805c5 (5 scala sources and 11 java sources)[0m
2024.12.27 14:52:17 INFO  time: compiled Exercism_9e528805c5 in 0.12s[0m
2024.12.27 14:53:48 INFO  compiling exercism_9e528805c5 (5 scala sources and 11 java sources)[0m
2024.12.27 14:53:48 INFO  Deduplicating compilation of Exercism_9e528805c5 from bsp client 'scala-cli 1.5.4' (since 16m 56.42s)[0m
2024.12.27 14:53:48 INFO  compiling exercism_9e528805c5 (5 scala sources and 11 java sources)[0m
2024.12.27 14:53:48 INFO  time: compiled Exercism_9e528805c5 in 0.21s[0m
2024.12.27 14:53:48 INFO  compiling exercism_9e528805c5 (5 scala sources and 11 java sources)[0m
2024.12.27 14:53:48 INFO  time: compiled Exercism_9e528805c5 in 0.22s[0m
2024.12.27 14:53:50 INFO  compiling exercism_9e528805c5 (5 scala sources and 11 java sources)[0m
2024.12.27 14:53:50 INFO  time: compiled Exercism_9e528805c5 in 0.16s[0m
2024.12.27 14:58:11 INFO  compiling exercism_9e528805c5 (5 scala sources and 11 java sources)[0m
2024.12.27 14:58:11 INFO  Deduplicating compilation of Exercism_9e528805c5 from bsp client 'scala-cli 1.5.4' (since 21m 19.884s)[0m
2024.12.27 14:58:11 INFO  compiling exercism_9e528805c5 (5 scala sources and 11 java sources)[0m
2024.12.27 14:58:11 INFO  time: compiled Exercism_9e528805c5 in 0.16s[0m
2024.12.27 14:58:11 INFO  compiling exercism_9e528805c5 (5 scala sources and 11 java sources)[0m
2024.12.27 14:58:11 INFO  time: compiled Exercism_9e528805c5 in 0.2s[0m
2024.12.27 14:58:12 INFO  compiling exercism_9e528805c5 (5 scala sources and 11 java sources)[0m
2024.12.27 14:58:12 INFO  time: compiled Exercism_9e528805c5 in 0.16s[0m
2024.12.27 14:59:30 INFO  compiling exercism_9e528805c5 (5 scala sources and 11 java sources)[0m
2024.12.27 14:59:30 INFO  Deduplicating compilation of Exercism_9e528805c5 from bsp client 'scala-cli 1.5.4' (since 22m 38.147s)[0m
2024.12.27 14:59:30 INFO  compiling exercism_9e528805c5 (5 scala sources and 11 java sources)[0m
2024.12.27 14:59:30 INFO  time: compiled Exercism_9e528805c5 in 0.12s[0m
2024.12.27 14:59:30 INFO  compiling exercism_9e528805c5 (5 scala sources and 11 java sources)[0m
2024.12.27 14:59:30 INFO  time: compiled Exercism_9e528805c5 in 0.15s[0m
2024.12.27 14:59:31 INFO  compiling exercism_9e528805c5 (5 scala sources and 11 java sources)[0m
2024.12.27 14:59:31 INFO  time: compiled Exercism_9e528805c5 in 0.12s[0m
2024.12.27 15:00:59 INFO  compiling exercism_9e528805c5 (5 scala sources and 11 java sources)[0m
2024.12.27 15:00:59 INFO  Deduplicating compilation of Exercism_9e528805c5 from bsp client 'scala-cli 1.5.4' (since 24m 7.038s)[0m
2024.12.27 15:00:59 INFO  compiling exercism_9e528805c5 (5 scala sources and 11 java sources)[0m
2024.12.27 15:00:59 INFO  time: compiled Exercism_9e528805c5 in 76ms[0m
2024.12.27 15:00:59 INFO  compiling exercism_9e528805c5 (5 scala sources and 11 java sources)[0m
2024.12.27 15:00:59 INFO  time: compiled Exercism_9e528805c5 in 0.13s[0m
2024.12.27 15:01:00 INFO  compiling exercism_9e528805c5 (5 scala sources and 11 java sources)[0m
2024.12.27 15:01:00 INFO  time: compiled Exercism_9e528805c5 in 0.15s[0m
2024.12.27 15:01:01 INFO  compiling exercism_9e528805c5 (5 scala sources and 11 java sources)[0m
2024.12.27 15:01:01 INFO  time: compiled Exercism_9e528805c5 in 0.1s[0m
2024.12.27 15:01:20 INFO  compiling exercism_9e528805c5 (5 scala sources and 11 java sources)[0m
2024.12.27 15:01:20 INFO  Deduplicating compilation of Exercism_9e528805c5 from bsp client 'scala-cli 1.5.4' (since 24m 28.815s)[0m
2024.12.27 15:01:20 INFO  compiling exercism_9e528805c5 (5 scala sources and 11 java sources)[0m
2024.12.27 15:01:20 INFO  time: compiled Exercism_9e528805c5 in 52ms[0m
2024.12.27 15:01:20 INFO  compiling exercism_9e528805c5 (5 scala sources and 11 java sources)[0m
2024.12.27 15:01:20 INFO  time: compiled Exercism_9e528805c5 in 0.12s[0m
2024.12.27 15:01:22 INFO  compiling exercism_9e528805c5 (5 scala sources and 11 java sources)[0m
2024.12.27 15:01:22 INFO  time: compiled Exercism_9e528805c5 in 0.13s[0m
2024.12.27 15:01:26 INFO  compiling exercism_9e528805c5 (5 scala sources and 11 java sources)[0m
2024.12.27 15:01:26 INFO  Deduplicating compilation of Exercism_9e528805c5 from bsp client 'scala-cli 1.5.4' (since 24m 34.768s)[0m
2024.12.27 15:01:26 INFO  compiling exercism_9e528805c5 (5 scala sources and 11 java sources)[0m
2024.12.27 15:01:26 INFO  time: compiled Exercism_9e528805c5 in 40ms[0m
2024.12.27 15:01:26 INFO  compiling exercism_9e528805c5 (5 scala sources and 11 java sources)[0m
2024.12.27 15:01:26 INFO  time: compiled Exercism_9e528805c5 in 0.11s[0m
2024.12.27 15:01:28 INFO  compiling exercism_9e528805c5 (5 scala sources and 11 java sources)[0m
2024.12.27 15:01:28 INFO  time: compiled Exercism_9e528805c5 in 0.13s[0m
2024.12.27 15:02:48 INFO  compiling exercism_9e528805c5 (5 scala sources and 11 java sources)[0m
2024.12.27 15:02:48 INFO  Deduplicating compilation of Exercism_9e528805c5 from bsp client 'scala-cli 1.5.4' (since 25m 56.566s)[0m
2024.12.27 15:02:48 INFO  compiling exercism_9e528805c5 (5 scala sources and 11 java sources)[0m
2024.12.27 15:02:48 INFO  time: compiled Exercism_9e528805c5 in 0.1s[0m
2024.12.27 15:02:48 INFO  compiling exercism_9e528805c5 (5 scala sources and 11 java sources)[0m
2024.12.27 15:02:48 INFO  time: compiled Exercism_9e528805c5 in 0.18s[0m
2024.12.27 15:02:50 INFO  compiling exercism_9e528805c5 (5 scala sources and 11 java sources)[0m
2024.12.27 15:02:50 INFO  time: compiled Exercism_9e528805c5 in 0.14s[0m
2024.12.27 15:02:54 INFO  compiling exercism_9e528805c5 (5 scala sources and 11 java sources)[0m
2024.12.27 15:02:54 INFO  Deduplicating compilation of Exercism_9e528805c5 from bsp client 'scala-cli 1.5.4' (since 26m 2.31s)[0m
2024.12.27 15:02:54 INFO  compiling exercism_9e528805c5 (5 scala sources and 11 java sources)[0m
2024.12.27 15:02:54 INFO  time: compiled Exercism_9e528805c5 in 50ms[0m
2024.12.27 15:02:54 INFO  compiling exercism_9e528805c5 (5 scala sources and 11 java sources)[0m
2024.12.27 15:02:54 INFO  time: compiled Exercism_9e528805c5 in 0.14s[0m
2024.12.27 15:02:55 INFO  compiling exercism_9e528805c5 (5 scala sources and 11 java sources)[0m
2024.12.27 15:02:55 INFO  time: compiled Exercism_9e528805c5 in 0.12s[0m
2024.12.27 15:03:23 INFO  compiling exercism_9e528805c5 (5 scala sources and 11 java sources)[0m
2024.12.27 15:03:23 INFO  Deduplicating compilation of Exercism_9e528805c5 from bsp client 'scala-cli 1.5.4' (since 26m 31.257s)[0m
2024.12.27 15:03:23 INFO  compiling exercism_9e528805c5 (5 scala sources and 11 java sources)[0m
2024.12.27 15:03:23 INFO  time: compiled Exercism_9e528805c5 in 49ms[0m
2024.12.27 15:03:23 INFO  compiling exercism_9e528805c5 (5 scala sources and 11 java sources)[0m
2024.12.27 15:03:23 INFO  time: compiled Exercism_9e528805c5 in 0.11s[0m
2024.12.27 15:03:24 INFO  compiling exercism_9e528805c5 (5 scala sources and 11 java sources)[0m
2024.12.27 15:03:24 INFO  time: compiled Exercism_9e528805c5 in 89ms[0m
2024.12.27 15:04:11 INFO  compiling exercism_9e528805c5 (5 scala sources and 11 java sources)[0m
2024.12.27 15:04:11 INFO  Deduplicating compilation of Exercism_9e528805c5 from bsp client 'scala-cli 1.5.4' (since 27m 18.929s)[0m
2024.12.27 15:04:11 INFO  compiling exercism_9e528805c5 (5 scala sources and 11 java sources)[0m
2024.12.27 15:04:11 INFO  time: compiled Exercism_9e528805c5 in 0.12s[0m
2024.12.27 15:04:11 INFO  compiling exercism_9e528805c5 (5 scala sources and 11 java sources)[0m
2024.12.27 15:04:11 INFO  time: compiled Exercism_9e528805c5 in 0.13s[0m
2024.12.27 15:04:12 INFO  compiling exercism_9e528805c5 (5 scala sources and 11 java sources)[0m
2024.12.27 15:04:12 INFO  time: compiled Exercism_9e528805c5 in 0.11s[0m
2024.12.27 15:04:34 INFO  compiling exercism_9e528805c5 (5 scala sources and 11 java sources)[0m
2024.12.27 15:04:34 INFO  Deduplicating compilation of Exercism_9e528805c5 from bsp client 'scala-cli 1.5.4' (since 27m 42.057s)[0m
2024.12.27 15:04:34 INFO  compiling exercism_9e528805c5 (5 scala sources and 11 java sources)[0m
2024.12.27 15:04:34 INFO  time: compiled Exercism_9e528805c5 in 70ms[0m
2024.12.27 15:04:34 INFO  compiling exercism_9e528805c5 (5 scala sources and 11 java sources)[0m
2024.12.27 15:04:34 INFO  time: compiled Exercism_9e528805c5 in 0.11s[0m
2024.12.27 15:04:35 INFO  compiling exercism_9e528805c5 (5 scala sources and 11 java sources)[0m
2024.12.27 15:04:35 INFO  time: compiled Exercism_9e528805c5 in 92ms[0m
2024.12.27 15:06:23 INFO  compiling exercism_9e528805c5 (5 scala sources and 11 java sources)[0m
2024.12.27 15:06:23 INFO  Deduplicating compilation of Exercism_9e528805c5 from bsp client 'scala-cli 1.5.4' (since 29m 31.685s)[0m
2024.12.27 15:06:23 INFO  compiling exercism_9e528805c5 (5 scala sources and 11 java sources)[0m
2024.12.27 15:06:23 INFO  time: compiled Exercism_9e528805c5 in 0.14s[0m
2024.12.27 15:06:23 INFO  compiling exercism_9e528805c5 (5 scala sources and 11 java sources)[0m
2024.12.27 15:06:23 INFO  time: compiled Exercism_9e528805c5 in 0.12s[0m
2024.12.27 15:06:25 INFO  compiling exercism_9e528805c5 (5 scala sources and 11 java sources)[0m
2024.12.27 15:06:25 INFO  time: compiled Exercism_9e528805c5 in 0.11s[0m
2024.12.27 15:06:41 INFO  compiling exercism_9e528805c5 (5 scala sources and 11 java sources)[0m
2024.12.27 15:06:41 INFO  Deduplicating compilation of Exercism_9e528805c5 from bsp client 'scala-cli 1.5.4' (since 29m 49.102s)[0m
2024.12.27 15:06:41 INFO  compiling exercism_9e528805c5 (5 scala sources and 11 java sources)[0m
2024.12.27 15:06:41 INFO  time: compiled Exercism_9e528805c5 in 84ms[0m
2024.12.27 15:06:41 INFO  compiling exercism_9e528805c5 (5 scala sources and 11 java sources)[0m
2024.12.27 15:06:41 INFO  time: compiled Exercism_9e528805c5 in 0.11s[0m
2024.12.27 15:06:42 INFO  compiling exercism_9e528805c5 (5 scala sources and 11 java sources)[0m
2024.12.27 15:06:42 INFO  time: compiled Exercism_9e528805c5 in 93ms[0m
2024.12.27 15:06:52 INFO  compiling exercism_9e528805c5 (5 scala sources and 11 java sources)[0m
2024.12.27 15:06:52 INFO  Deduplicating compilation of Exercism_9e528805c5 from bsp client 'scala-cli 1.5.4' (since 30m 0.628s)[0m
2024.12.27 15:06:52 INFO  compiling exercism_9e528805c5 (5 scala sources and 11 java sources)[0m
2024.12.27 15:06:52 INFO  time: compiled Exercism_9e528805c5 in 0.11s[0m
2024.12.27 15:06:52 INFO  compiling exercism_9e528805c5 (5 scala sources and 11 java sources)[0m
2024.12.27 15:06:52 INFO  time: compiled Exercism_9e528805c5 in 0.11s[0m
2024.12.27 15:06:54 INFO  compiling exercism_9e528805c5 (5 scala sources and 11 java sources)[0m
2024.12.27 15:06:54 INFO  time: compiled Exercism_9e528805c5 in 0.1s[0m
